# JRE version: OpenJDK Runtime Environment (8.0_152-b02) (build 1.8.0_152-release-1024-b02)
# Java VM: OpenJDK 64-Bit Server VM (25.152-b02 mixed mode windows-amd64 compressed oops)
Heap:
 PSYoungGen      total 132096K, used 25013K [0x00000000eb200000, 0x00000000f6900000, 0x0000000100000000)
  eden space 102400K, 3% used [0x00000000eb200000,0x00000000eb5fc8e0,0x00000000f1600000)
  from space 29696K, 70% used [0x00000000f1600000,0x00000000f2a70d28,0x00000000f3300000)
  to   space 30720K, 0% used [0x00000000f4b00000,0x00000000f4b00000,0x00000000f6900000)
 ParOldGen       total 75776K, used 45041K [0x00000000c1600000, 0x00000000c6000000, 0x00000000eb200000)
  object space 75776K, 59% used [0x00000000c1600000,0x00000000c41fc4f0,0x00000000c6000000)
 Metaspace       used 53742K, capacity 54719K, committed 54872K, reserved 1097728K
  class space    used 6249K, capacity 6477K, committed 6528K, reserved 1048576K
GC Heap History (10 events):
Event: 7.412 GC heap before
{Heap before GC invocations=13 (full 2):
 PSYoungGen      total 88576K, used 88532K [0x00000000eb200000, 0x00000000f2100000, 0x0000000100000000)
  eden space 70656K, 100% used [0x00000000eb200000,0x00000000ef700000,0x00000000ef700000)
  from space 17920K, 99% used [0x00000000f0a80000,0x00000000f1bf5380,0x00000000f1c00000)
  to   space 19968K, 0% used [0x00000000ef700000,0x00000000ef700000,0x00000000f0a80000)
 ParOldGen       total 75776K, used 26038K [0x00000000c1600000, 0x00000000c6000000, 0x00000000eb200000)
  object space 75776K, 34% used [0x00000000c1600000,0x00000000c2f6dbb8,0x00000000c6000000)
 Metaspace       used 44561K, capacity 45309K, committed 45400K, reserved 1089536K
  class space    used 5329K, capacity 5486K, committed 5504K, reserved 1048576K
Event: 7.440 GC heap after
Heap after GC invocations=13 (full 2):
 PSYoungGen      total 90624K, used 19948K [0x00000000eb200000, 0x00000000f3580000, 0x0000000100000000)
  eden space 70656K, 0% used [0x00000000eb200000,0x00000000eb200000,0x00000000ef700000)
  from space 19968K, 99% used [0x00000000ef700000,0x00000000f0a7b258,0x00000000f0a80000)
  to   space 24064K, 0% used [0x00000000f1e00000,0x00000000f1e00000,0x00000000f3580000)
 ParOldGen       total 75776K, used 29558K [0x00000000c1600000, 0x00000000c6000000, 0x00000000eb200000)
  object space 75776K, 39% used [0x00000000c1600000,0x00000000c32dd818,0x00000000c6000000)
 Metaspace       used 44561K, capacity 45309K, committed 45400K, reserved 1089536K
  class space    used 5329K, capacity 5486K, committed 5504K, reserved 1048576K
}
Event: 8.461 GC heap before
{Heap before GC invocations=14 (full 2):
 PSYoungGen      total 90624K, used 90604K [0x00000000eb200000, 0x00000000f3580000, 0x0000000100000000)
  eden space 70656K, 100% used [0x00000000eb200000,0x00000000ef700000,0x00000000ef700000)
  from space 19968K, 99% used [0x00000000ef700000,0x00000000f0a7b258,0x00000000f0a80000)
  to   space 24064K, 0% used [0x00000000f1e00000,0x00000000f1e00000,0x00000000f3580000)
 ParOldGen       total 75776K, used 29558K [0x00000000c1600000, 0x00000000c6000000, 0x00000000eb200000)
  object space 75776K, 39% used [0x00000000c1600000,0x00000000c32dd818,0x00000000c6000000)
 Metaspace       used 45133K, capacity 45941K, committed 46296K, reserved 1089536K
  class space    used 5361K, capacity 5522K, committed 5632K, reserved 1048576K
Event: 8.499 GC heap after
Heap after GC invocations=14 (full 2):
 PSYoungGen      total 106496K, used 24044K [0x00000000eb200000, 0x00000000f3e80000, 0x0000000100000000)
  eden space 82432K, 0% used [0x00000000eb200000,0x00000000eb200000,0x00000000f0280000)
  from space 24064K, 99% used [0x00000000f1e00000,0x00000000f357b278,0x00000000f3580000)
  to   space 28160K, 0% used [0x00000000f0280000,0x00000000f0280000,0x00000000f1e00000)
 ParOldGen       total 75776K, used 30721K [0x00000000c1600000, 0x00000000c6000000, 0x00000000eb200000)
  object space 75776K, 40% used [0x00000000c1600000,0x00000000c34004e8,0x00000000c6000000)
 Metaspace       used 45133K, capacity 45941K, committed 46296K, reserved 1089536K
  class space    used 5361K, capacity 5522K, committed 5632K, reserved 1048576K
}
Event: 10.009 GC heap before
{Heap before GC invocations=15 (full 2):
 PSYoungGen      total 106496K, used 106476K [0x00000000eb200000, 0x00000000f3e80000, 0x0000000100000000)
  eden space 82432K, 100% used [0x00000000eb200000,0x00000000f0280000,0x00000000f0280000)
  from space 24064K, 99% used [0x00000000f1e00000,0x00000000f357b278,0x00000000f3580000)
  to   space 28160K, 0% used [0x00000000f0280000,0x00000000f0280000,0x00000000f1e00000)
 ParOldGen       total 75776K, used 30721K [0x00000000c1600000, 0x00000000c6000000, 0x00000000eb200000)
  object space 75776K, 40% used [0x00000000c1600000,0x00000000c34004e8,0x00000000c6000000)
 Metaspace       used 46860K, capacity 47713K, committed 47832K, reserved 1091584K
  class space    used 5642K, capacity 5850K, committed 5888K, reserved 1048576K
Event: 10.076 GC heap after
Heap after GC invocations=15 (full 2):
 PSYoungGen      total 110592K, used 16938K [0x00000000eb200000, 0x00000000f4e80000, 0x0000000100000000)
  eden space 82432K, 0% used [0x00000000eb200000,0x00000000eb200000,0x00000000f0280000)
  from space 28160K, 60% used [0x00000000f0280000,0x00000000f130ab70,0x00000000f1e00000)
  to   space 28160K, 0% used [0x00000000f3300000,0x00000000f3300000,0x00000000f4e80000)
 ParOldGen       total 75776K, used 45025K [0x00000000c1600000, 0x00000000c6000000, 0x00000000eb200000)
  object space 75776K, 59% used [0x00000000c1600000,0x00000000c41f84f0,0x00000000c6000000)
 Metaspace       used 46860K, capacity 47713K, committed 47832K, reserved 1091584K
  class space    used 5642K, capacity 5850K, committed 5888K, reserved 1048576K
}
Event: 11.848 GC heap before
{Heap before GC invocations=16 (full 2):
 PSYoungGen      total 110592K, used 99370K [0x00000000eb200000, 0x00000000f4e80000, 0x0000000100000000)
  eden space 82432K, 100% used [0x00000000eb200000,0x00000000f0280000,0x00000000f0280000)
  from space 28160K, 60% used [0x00000000f0280000,0x00000000f130ab70,0x00000000f1e00000)
  to   space 28160K, 0% used [0x00000000f3300000,0x00000000f3300000,0x00000000f4e80000)
 ParOldGen       total 75776K, used 45025K [0x00000000c1600000, 0x00000000c6000000, 0x00000000eb200000)
  object space 75776K, 59% used [0x00000000c1600000,0x00000000c41f84f0,0x00000000c6000000)
 Metaspace       used 50781K, capacity 51723K, committed 51928K, reserved 1095680K
  class space    used 6033K, capacity 6279K, committed 6400K, reserved 1048576K
Event: 11.878 GC heap after
Heap after GC invocations=16 (full 2):
 PSYoungGen      total 130560K, used 21209K [0x00000000eb200000, 0x00000000f5000000, 0x0000000100000000)
  eden space 102400K, 0% used [0x00000000eb200000,0x00000000eb200000,0x00000000f1600000)
  from space 28160K, 75% used [0x00000000f3300000,0x00000000f47b65e8,0x00000000f4e80000)
  to   space 29696K, 0% used [0x00000000f1600000,0x00000000f1600000,0x00000000f3300000)
 ParOldGen       total 75776K, used 45033K [0x00000000c1600000, 0x00000000c6000000, 0x00000000eb200000)
  object space 75776K, 59% used [0x00000000c1600000,0x00000000c41fa4f0,0x00000000c6000000)
 Metaspace       used 50781K, capacity 51723K, committed 51928K, reserved 1095680K
  class space    used 6033K, capacity 6279K, committed 6400K, reserved 1048576K
}
Event: 13.277 GC heap before
{Heap before GC invocations=17 (full 2):
 PSYoungGen      total 130560K, used 123609K [0x00000000eb200000, 0x00000000f5000000, 0x0000000100000000)
  eden space 102400K, 100% used [0x00000000eb200000,0x00000000f1600000,0x00000000f1600000)
  from space 28160K, 75% used [0x00000000f3300000,0x00000000f47b65e8,0x00000000f4e80000)
  to   space 29696K, 0% used [0x00000000f1600000,0x00000000f1600000,0x00000000f3300000)
 ParOldGen       total 75776K, used 45033K [0x00000000c1600000, 0x00000000c6000000, 0x00000000eb200000)
  object space 75776K, 59% used [0x00000000c1600000,0x00000000c41fa4f0,0x00000000c6000000)
 Metaspace       used 53740K, capacity 54719K, committed 54872K, reserved 1097728K
  class space    used 6249K, capacity 6477K, committed 6528K, reserved 1048576K
Event: 13.308 GC heap after
Heap after GC invocations=17 (full 2):
 PSYoungGen      total 132096K, used 20931K [0x00000000eb200000, 0x00000000f6900000, 0x0000000100000000)
  eden space 102400K, 0% used [0x00000000eb200000,0x00000000eb200000,0x00000000f1600000)
  from space 29696K, 70% used [0x00000000f1600000,0x00000000f2a70d28,0x00000000f3300000)
  to   space 30720K, 0% used [0x00000000f4b00000,0x00000000f4b00000,0x00000000f6900000)
 ParOldGen       total 75776K, used 45041K [0x00000000c1600000, 0x00000000c6000000, 0x00000000eb200000)
  object space 75776K, 59% used [0x00000000c1600000,0x00000000c41fc4f0,0x00000000c6000000)
 Metaspace       used 53740K, capacity 54719K, committed 54872K, reserved 1097728K
  class space    used 6249K, capacity 6477K, committed 6528K, reserved 1048576K
}

