# JRE version: OpenJDK Runtime Environment (8.0_152-b02) (build 1.8.0_152-release-1024-b02)
# Java VM: OpenJDK 64-Bit Server VM (25.152-b02 mixed mode windows-amd64 compressed oops)
Heap:
 PSYoungGen      total 68096K, used 54224K [0x00000000eb200000, 0x00000000ef700000, 0x0000000100000000)
  eden space 65536K, 82% used [0x00000000eb200000,0x00000000ee6f4130,0x00000000ef200000)
  from space 2560K, 0% used [0x00000000ef480000,0x00000000ef480000,0x00000000ef700000)
  to   space 2560K, 0% used [0x00000000ef200000,0x00000000ef200000,0x00000000ef480000)
 ParOldGen       total 39936K, used 7497K [0x00000000c1600000, 0x00000000c3d00000, 0x00000000eb200000)
  object space 39936K, 18% used [0x00000000c1600000,0x00000000c1d527e0,0x00000000c3d00000)
 Metaspace       used 27733K, capacity 28096K, committed 28288K, reserved 1073152K
  class space    used 3535K, capacity 3674K, committed 3712K, reserved 1048576K
GC Heap History (10 events):
Event: 0.327 GC heap before
{Heap before GC invocations=1 (full 0):
 PSYoungGen      total 18944K, used 16384K [0x00000000eb200000, 0x00000000ec700000, 0x0000000100000000)
  eden space 16384K, 100% used [0x00000000eb200000,0x00000000ec200000,0x00000000ec200000)
  from space 2560K, 0% used [0x00000000ec480000,0x00000000ec480000,0x00000000ec700000)
  to   space 2560K, 0% used [0x00000000ec200000,0x00000000ec200000,0x00000000ec480000)
 ParOldGen       total 44032K, used 0K [0x00000000c1600000, 0x00000000c4100000, 0x00000000eb200000)
  object space 44032K, 0% used [0x00000000c1600000,0x00000000c1600000,0x00000000c4100000)
 Metaspace       used 6632K, capacity 7724K, committed 7936K, reserved 1056768K
  class space    used 706K, capacity 744K, committed 768K, reserved 1048576K
Event: 0.330 GC heap after
Heap after GC invocations=1 (full 0):
 PSYoungGen      total 18944K, used 2538K [0x00000000eb200000, 0x00000000ed700000, 0x0000000100000000)
  eden space 16384K, 0% used [0x00000000eb200000,0x00000000eb200000,0x00000000ec200000)
  from space 2560K, 99% used [0x00000000ec200000,0x00000000ec47ab78,0x00000000ec480000)
  to   space 2560K, 0% used [0x00000000ed480000,0x00000000ed480000,0x00000000ed700000)
 ParOldGen       total 44032K, used 1448K [0x00000000c1600000, 0x00000000c4100000, 0x00000000eb200000)
  object space 44032K, 3% used [0x00000000c1600000,0x00000000c176a0c8,0x00000000c4100000)
 Metaspace       used 6632K, capacity 7724K, committed 7936K, reserved 1056768K
  class space    used 706K, capacity 744K, committed 768K, reserved 1048576K
}
Event: 0.553 GC heap before
{Heap before GC invocations=2 (full 0):
 PSYoungGen      total 18944K, used 18922K [0x00000000eb200000, 0x00000000ed700000, 0x0000000100000000)
  eden space 16384K, 100% used [0x00000000eb200000,0x00000000ec200000,0x00000000ec200000)
  from space 2560K, 99% used [0x00000000ec200000,0x00000000ec47ab78,0x00000000ec480000)
  to   space 2560K, 0% used [0x00000000ed480000,0x00000000ed480000,0x00000000ed700000)
 ParOldGen       total 44032K, used 1448K [0x00000000c1600000, 0x00000000c4100000, 0x00000000eb200000)
  object space 44032K, 3% used [0x00000000c1600000,0x00000000c176a0c8,0x00000000c4100000)
 Metaspace       used 9120K, capacity 9844K, committed 10112K, reserved 1058816K
  class space    used 1030K, capacity 1072K, committed 1152K, reserved 1048576K
Event: 0.558 GC heap after
Heap after GC invocations=2 (full 0):
 PSYoungGen      total 35328K, used 2544K [0x00000000eb200000, 0x00000000ed700000, 0x0000000100000000)
  eden space 32768K, 0% used [0x00000000eb200000,0x00000000eb200000,0x00000000ed200000)
  from space 2560K, 99% used [0x00000000ed480000,0x00000000ed6fc010,0x00000000ed700000)
  to   space 2560K, 0% used [0x00000000ed200000,0x00000000ed200000,0x00000000ed480000)
 ParOldGen       total 44032K, used 3806K [0x00000000c1600000, 0x00000000c4100000, 0x00000000eb200000)
  object space 44032K, 8% used [0x00000000c1600000,0x00000000c19b79f8,0x00000000c4100000)
 Metaspace       used 9120K, capacity 9844K, committed 10112K, reserved 1058816K
  class space    used 1030K, capacity 1072K, committed 1152K, reserved 1048576K
}
Event: 1.095 GC heap before
{Heap before GC invocations=3 (full 0):
 PSYoungGen      total 35328K, used 35312K [0x00000000eb200000, 0x00000000ed700000, 0x0000000100000000)
  eden space 32768K, 100% used [0x00000000eb200000,0x00000000ed200000,0x00000000ed200000)
  from space 2560K, 99% used [0x00000000ed480000,0x00000000ed6fc010,0x00000000ed700000)
  to   space 2560K, 0% used [0x00000000ed200000,0x00000000ed200000,0x00000000ed480000)
 ParOldGen       total 44032K, used 3806K [0x00000000c1600000, 0x00000000c4100000, 0x00000000eb200000)
  object space 44032K, 8% used [0x00000000c1600000,0x00000000c19b79f8,0x00000000c4100000)
 Metaspace       used 17764K, capacity 18084K, committed 18304K, reserved 1064960K
  class space    used 2227K, capacity 2338K, committed 2432K, reserved 1048576K
Event: 1.108 GC heap after
Heap after GC invocations=3 (full 0):
 PSYoungGen      total 35328K, used 2544K [0x00000000eb200000, 0x00000000ef700000, 0x0000000100000000)
  eden space 32768K, 0% used [0x00000000eb200000,0x00000000eb200000,0x00000000ed200000)
  from space 2560K, 99% used [0x00000000ed200000,0x00000000ed47c010,0x00000000ed480000)
  to   space 2560K, 0% used [0x00000000ef480000,0x00000000ef480000,0x00000000ef700000)
 ParOldGen       total 44032K, used 10871K [0x00000000c1600000, 0x00000000c4100000, 0x00000000eb200000)
  object space 44032K, 24% used [0x00000000c1600000,0x00000000c209dff8,0x00000000c4100000)
 Metaspace       used 17764K, capacity 18084K, committed 18304K, reserved 1064960K
  class space    used 2227K, capacity 2338K, committed 2432K, reserved 1048576K
}
Event: 1.380 GC heap before
{Heap before GC invocations=4 (full 0):
 PSYoungGen      total 35328K, used 17843K [0x00000000eb200000, 0x00000000ef700000, 0x0000000100000000)
  eden space 32768K, 46% used [0x00000000eb200000,0x00000000ec0f0fa8,0x00000000ed200000)
  from space 2560K, 99% used [0x00000000ed200000,0x00000000ed47c010,0x00000000ed480000)
  to   space 2560K, 0% used [0x00000000ef480000,0x00000000ef480000,0x00000000ef700000)
 ParOldGen       total 44032K, used 10871K [0x00000000c1600000, 0x00000000c4100000, 0x00000000eb200000)
  object space 44032K, 24% used [0x00000000c1600000,0x00000000c209dff8,0x00000000c4100000)
 Metaspace       used 20778K, capacity 21166K, committed 21248K, reserved 1067008K
  class space    used 2650K, capacity 2801K, committed 2816K, reserved 1048576K
Event: 1.387 GC heap after
Heap after GC invocations=4 (full 0):
 PSYoungGen      total 68096K, used 2560K [0x00000000eb200000, 0x00000000ef700000, 0x0000000100000000)
  eden space 65536K, 0% used [0x00000000eb200000,0x00000000eb200000,0x00000000ef200000)
  from space 2560K, 100% used [0x00000000ef480000,0x00000000ef700000,0x00000000ef700000)
  to   space 2560K, 0% used [0x00000000ef200000,0x00000000ef200000,0x00000000ef480000)
 ParOldGen       total 44032K, used 14290K [0x00000000c1600000, 0x00000000c4100000, 0x00000000eb200000)
  object space 44032K, 32% used [0x00000000c1600000,0x00000000c23f48b8,0x00000000c4100000)
 Metaspace       used 20778K, capacity 21166K, committed 21248K, reserved 1067008K
  class space    used 2650K, capacity 2801K, committed 2816K, reserved 1048576K
}
Event: 1.388 GC heap before
{Heap before GC invocations=5 (full 1):
 PSYoungGen      total 68096K, used 2560K [0x00000000eb200000, 0x00000000ef700000, 0x0000000100000000)
  eden space 65536K, 0% used [0x00000000eb200000,0x00000000eb200000,0x00000000ef200000)
  from space 2560K, 100% used [0x00000000ef480000,0x00000000ef700000,0x00000000ef700000)
  to   space 2560K, 0% used [0x00000000ef200000,0x00000000ef200000,0x00000000ef480000)
 ParOldGen       total 44032K, used 14290K [0x00000000c1600000, 0x00000000c4100000, 0x00000000eb200000)
  object space 44032K, 32% used [0x00000000c1600000,0x00000000c23f48b8,0x00000000c4100000)
 Metaspace       used 20778K, capacity 21166K, committed 21248K, reserved 1067008K
  class space    used 2650K, capacity 2801K, committed 2816K, reserved 1048576K
Event: 1.425 GC heap after
Heap after GC invocations=5 (full 1):
 PSYoungGen      total 68096K, used 0K [0x00000000eb200000, 0x00000000ef700000, 0x0000000100000000)
  eden space 65536K, 0% used [0x00000000eb200000,0x00000000eb200000,0x00000000ef200000)
  from space 2560K, 0% used [0x00000000ef480000,0x00000000ef480000,0x00000000ef700000)
  to   space 2560K, 0% used [0x00000000ef200000,0x00000000ef200000,0x00000000ef480000)
 ParOldGen       total 39936K, used 7497K [0x00000000c1600000, 0x00000000c3d00000, 0x00000000eb200000)
  object space 39936K, 18% used [0x00000000c1600000,0x00000000c1d527e0,0x00000000c3d00000)
 Metaspace       used 20778K, capacity 21166K, committed 21248K, reserved 1067008K
  class space    used 2650K, capacity 2801K, committed 2816K, reserved 1048576K
}

