# JRE version: OpenJDK Runtime Environment (8.0_152-b02) (build 1.8.0_152-release-1024-b02)
# Java VM: OpenJDK 64-Bit Server VM (25.152-b02 mixed mode windows-amd64 compressed oops)
Heap:
 PSYoungGen      total 124928K, used 60550K [0x00000000e0000000, 0x00000000ed980000, 0x0000000100000000)
  eden space 110080K, 41% used [0x00000000e0000000,0x00000000e2ca49d8,0x00000000e6b80000)
  from space 14848K, 99% used [0x00000000e6b80000,0x00000000e79fd0e8,0x00000000e7a00000)
  to   space 20992K, 0% used [0x00000000ec500000,0x00000000ec500000,0x00000000ed980000)
 ParOldGen       total 51200K, used 26197K [0x00000000a0000000, 0x00000000a3200000, 0x00000000e0000000)
  object space 51200K, 51% used [0x00000000a0000000,0x00000000a19954b0,0x00000000a3200000)
 Metaspace       used 41435K, capacity 42099K, committed 42368K, reserved 1087488K
  class space    used 5006K, capacity 5187K, committed 5248K, reserved 1048576K
GC Heap History (10 events):
Event: 8.246 GC heap before
{Heap before GC invocations=8 (full 2):
 PSYoungGen      total 35328K, used 32768K [0x00000000e0000000, 0x00000000e4500000, 0x0000000100000000)
  eden space 32768K, 100% used [0x00000000e0000000,0x00000000e2000000,0x00000000e2000000)
  from space 2560K, 0% used [0x00000000e2000000,0x00000000e2000000,0x00000000e2280000)
  to   space 2560K, 0% used [0x00000000e4280000,0x00000000e4280000,0x00000000e4500000)
 ParOldGen       total 31232K, used 7490K [0x00000000a0000000, 0x00000000a1e80000, 0x00000000e0000000)
  object space 31232K, 23% used [0x00000000a0000000,0x00000000a0750bf8,0x00000000a1e80000)
 Metaspace       used 24783K, capacity 25260K, committed 25600K, reserved 1071104K
  class space    used 3147K, capacity 3310K, committed 3328K, reserved 1048576K
Event: 8.267 GC heap after
Heap after GC invocations=8 (full 2):
 PSYoungGen      total 62464K, used 2545K [0x00000000e0000000, 0x00000000e4b80000, 0x0000000100000000)
  eden space 59904K, 0% used [0x00000000e0000000,0x00000000e0000000,0x00000000e3a80000)
  from space 2560K, 99% used [0x00000000e4280000,0x00000000e44fc518,0x00000000e4500000)
  to   space 8192K, 0% used [0x00000000e3a80000,0x00000000e3a80000,0x00000000e4280000)
 ParOldGen       total 31232K, used 11612K [0x00000000a0000000, 0x00000000a1e80000, 0x00000000e0000000)
  object space 31232K, 37% used [0x00000000a0000000,0x00000000a0b57158,0x00000000a1e80000)
 Metaspace       used 24783K, capacity 25260K, committed 25600K, reserved 1071104K
  class space    used 3147K, capacity 3310K, committed 3328K, reserved 1048576K
}
Event: 10.227 GC heap before
{Heap before GC invocations=9 (full 2):
 PSYoungGen      total 62464K, used 62449K [0x00000000e0000000, 0x00000000e4b80000, 0x0000000100000000)
  eden space 59904K, 100% used [0x00000000e0000000,0x00000000e3a80000,0x00000000e3a80000)
  from space 2560K, 99% used [0x00000000e4280000,0x00000000e44fc518,0x00000000e4500000)
  to   space 8192K, 0% used [0x00000000e3a80000,0x00000000e3a80000,0x00000000e4280000)
 ParOldGen       total 31232K, used 11612K [0x00000000a0000000, 0x00000000a1e80000, 0x00000000e0000000)
  object space 31232K, 37% used [0x00000000a0000000,0x00000000a0b57158,0x00000000a1e80000)
 Metaspace       used 33681K, capacity 34146K, committed 34560K, reserved 1079296K
  class space    used 4202K, capacity 4319K, committed 4352K, reserved 1048576K
Event: 10.253 GC heap after
Heap after GC invocations=9 (full 2):
 PSYoungGen      total 68096K, used 8162K [0x00000000e0000000, 0x00000000e8800000, 0x0000000100000000)
  eden space 59904K, 0% used [0x00000000e0000000,0x00000000e0000000,0x00000000e3a80000)
  from space 8192K, 99% used [0x00000000e3a80000,0x00000000e4278918,0x00000000e4280000)
  to   space 14336K, 0% used [0x00000000e7a00000,0x00000000e7a00000,0x00000000e8800000)
 ParOldGen       total 31232K, used 21858K [0x00000000a0000000, 0x00000000a1e80000, 0x00000000e0000000)
  object space 31232K, 69% used [0x00000000a0000000,0x00000000a1558b38,0x00000000a1e80000)
 Metaspace       used 33681K, capacity 34146K, committed 34560K, reserved 1079296K
  class space    used 4202K, capacity 4319K, committed 4352K, reserved 1048576K
}
Event: 10.567 GC heap before
{Heap before GC invocations=10 (full 2):
 PSYoungGen      total 68096K, used 15792K [0x00000000e0000000, 0x00000000e8800000, 0x0000000100000000)
  eden space 59904K, 12% used [0x00000000e0000000,0x00000000e07738d8,0x00000000e3a80000)
  from space 8192K, 99% used [0x00000000e3a80000,0x00000000e4278918,0x00000000e4280000)
  to   space 14336K, 0% used [0x00000000e7a00000,0x00000000e7a00000,0x00000000e8800000)
 ParOldGen       total 31232K, used 21858K [0x00000000a0000000, 0x00000000a1e80000, 0x00000000e0000000)
  object space 31232K, 69% used [0x00000000a0000000,0x00000000a1558b38,0x00000000a1e80000)
 Metaspace       used 34768K, capacity 35244K, committed 35456K, reserved 1081344K
  class space    used 4334K, capacity 4462K, committed 4480K, reserved 1048576K
Event: 10.611 GC heap after
Heap after GC invocations=10 (full 2):
 PSYoungGen      total 124416K, used 10317K [0x00000000e0000000, 0x00000000e8d80000, 0x0000000100000000)
  eden space 110080K, 0% used [0x00000000e0000000,0x00000000e0000000,0x00000000e6b80000)
  from space 14336K, 71% used [0x00000000e7a00000,0x00000000e8413778,0x00000000e8800000)
  to   space 14848K, 0% used [0x00000000e6b80000,0x00000000e6b80000,0x00000000e7a00000)
 ParOldGen       total 31232K, used 21858K [0x00000000a0000000, 0x00000000a1e80000, 0x00000000e0000000)
  object space 31232K, 69% used [0x00000000a0000000,0x00000000a1558b38,0x00000000a1e80000)
 Metaspace       used 34768K, capacity 35244K, committed 35456K, reserved 1081344K
  class space    used 4334K, capacity 4462K, committed 4480K, reserved 1048576K
}
Event: 10.611 GC heap before
{Heap before GC invocations=11 (full 3):
 PSYoungGen      total 124416K, used 10317K [0x00000000e0000000, 0x00000000e8d80000, 0x0000000100000000)
  eden space 110080K, 0% used [0x00000000e0000000,0x00000000e0000000,0x00000000e6b80000)
  from space 14336K, 71% used [0x00000000e7a00000,0x00000000e8413778,0x00000000e8800000)
  to   space 14848K, 0% used [0x00000000e6b80000,0x00000000e6b80000,0x00000000e7a00000)
 ParOldGen       total 31232K, used 21858K [0x00000000a0000000, 0x00000000a1e80000, 0x00000000e0000000)
  object space 31232K, 69% used [0x00000000a0000000,0x00000000a1558b38,0x00000000a1e80000)
 Metaspace       used 34768K, capacity 35244K, committed 35456K, reserved 1081344K
  class space    used 4334K, capacity 4462K, committed 4480K, reserved 1048576K
Event: 10.740 GC heap after
Heap after GC invocations=11 (full 3):
 PSYoungGen      total 124416K, used 0K [0x00000000e0000000, 0x00000000e8d80000, 0x0000000100000000)
  eden space 110080K, 0% used [0x00000000e0000000,0x00000000e0000000,0x00000000e6b80000)
  from space 14336K, 0% used [0x00000000e7a00000,0x00000000e7a00000,0x00000000e8800000)
  to   space 14848K, 0% used [0x00000000e6b80000,0x00000000e6b80000,0x00000000e7a00000)
 ParOldGen       total 51200K, used 16803K [0x00000000a0000000, 0x00000000a3200000, 0x00000000e0000000)
  object space 51200K, 32% used [0x00000000a0000000,0x00000000a1068d48,0x00000000a3200000)
 Metaspace       used 34768K, capacity 35244K, committed 35456K, reserved 1081344K
  class space    used 4334K, capacity 4462K, committed 4480K, reserved 1048576K
}
Event: 13.559 GC heap before
{Heap before GC invocations=12 (full 3):
 PSYoungGen      total 124416K, used 110080K [0x00000000e0000000, 0x00000000e8d80000, 0x0000000100000000)
  eden space 110080K, 100% used [0x00000000e0000000,0x00000000e6b80000,0x00000000e6b80000)
  from space 14336K, 0% used [0x00000000e7a00000,0x00000000e7a00000,0x00000000e8800000)
  to   space 14848K, 0% used [0x00000000e6b80000,0x00000000e6b80000,0x00000000e7a00000)
 ParOldGen       total 51200K, used 16803K [0x00000000a0000000, 0x00000000a3200000, 0x00000000e0000000)
  object space 51200K, 32% used [0x00000000a0000000,0x00000000a1068d48,0x00000000a3200000)
 Metaspace       used 40318K, capacity 40983K, committed 41472K, reserved 1085440K
  class space    used 4873K, capacity 5015K, committed 5120K, reserved 1048576K
Event: 13.620 GC heap after
Heap after GC invocations=12 (full 3):
 PSYoungGen      total 124928K, used 14836K [0x00000000e0000000, 0x00000000ed980000, 0x0000000100000000)
  eden space 110080K, 0% used [0x00000000e0000000,0x00000000e0000000,0x00000000e6b80000)
  from space 14848K, 99% used [0x00000000e6b80000,0x00000000e79fd0e8,0x00000000e7a00000)
  to   space 20992K, 0% used [0x00000000ec500000,0x00000000ec500000,0x00000000ed980000)
 ParOldGen       total 51200K, used 26197K [0x00000000a0000000, 0x00000000a3200000, 0x00000000e0000000)
  object space 51200K, 51% used [0x00000000a0000000,0x00000000a19954b0,0x00000000a3200000)
 Metaspace       used 40318K, capacity 40983K, committed 41472K, reserved 1085440K
  class space    used 4873K, capacity 5015K, committed 5120K, reserved 1048576K
}

