# JRE version: OpenJDK Runtime Environment (8.0_152-b02) (build 1.8.0_152-release-1024-b02)
# Java VM: OpenJDK 64-Bit Server VM (25.152-b02 mixed mode windows-amd64 compressed oops)
Heap:
 PSYoungGen      total 88064K, used 9763K [0x00000000eb200000, 0x00000000f2280000, 0x0000000100000000)
  eden space 70144K, 5% used [0x00000000eb200000,0x00000000eb615e48,0x00000000ef680000)
  from space 17920K, 31% used [0x00000000f0a80000,0x00000000f0ff2e40,0x00000000f1c00000)
  to   space 20480K, 0% used [0x00000000ef680000,0x00000000ef680000,0x00000000f0a80000)
 ParOldGen       total 43008K, used 42821K [0x00000000c1600000, 0x00000000c4000000, 0x00000000eb200000)
  object space 43008K, 99% used [0x00000000c1600000,0x00000000c3fd1628,0x00000000c4000000)
 Metaspace       used 45137K, capacity 45915K, committed 46040K, reserved 1089536K
  class space    used 5366K, capacity 5555K, committed 5632K, reserved 1048576K
GC Heap History (10 events):
Event: 4.612 GC heap before
{Heap before GC invocations=11 (full 2):
 PSYoungGen      total 74240K, used 59904K [0x00000000eb200000, 0x00000000f3000000, 0x0000000100000000)
  eden space 59904K, 100% used [0x00000000eb200000,0x00000000eec80000,0x00000000eec80000)
  from space 14336K, 0% used [0x00000000efe80000,0x00000000efe80000,0x00000000f0c80000)
  to   space 18432K, 0% used [0x00000000eec80000,0x00000000eec80000,0x00000000efe80000)
 ParOldGen       total 43008K, used 26008K [0x00000000c1600000, 0x00000000c4000000, 0x00000000eb200000)
  object space 43008K, 60% used [0x00000000c1600000,0x00000000c2f66010,0x00000000c4000000)
 Metaspace       used 36429K, capacity 36989K, committed 37336K, reserved 1081344K
  class space    used 4386K, capacity 4538K, committed 4608K, reserved 1048576K
Event: 4.628 GC heap after
Heap after GC invocations=11 (full 2):
 PSYoungGen      total 78336K, used 10152K [0x00000000eb200000, 0x00000000f1c00000, 0x0000000100000000)
  eden space 59904K, 0% used [0x00000000eb200000,0x00000000eb200000,0x00000000eec80000)
  from space 18432K, 55% used [0x00000000eec80000,0x00000000ef66a2b0,0x00000000efe80000)
  to   space 17920K, 0% used [0x00000000f0a80000,0x00000000f0a80000,0x00000000f1c00000)
 ParOldGen       total 43008K, used 26016K [0x00000000c1600000, 0x00000000c4000000, 0x00000000eb200000)
  object space 43008K, 60% used [0x00000000c1600000,0x00000000c2f68010,0x00000000c4000000)
 Metaspace       used 36429K, capacity 36989K, committed 37336K, reserved 1081344K
  class space    used 4386K, capacity 4538K, committed 4608K, reserved 1048576K
}
Event: 5.435 GC heap before
{Heap before GC invocations=12 (full 2):
 PSYoungGen      total 78336K, used 70056K [0x00000000eb200000, 0x00000000f1c00000, 0x0000000100000000)
  eden space 59904K, 100% used [0x00000000eb200000,0x00000000eec80000,0x00000000eec80000)
  from space 18432K, 55% used [0x00000000eec80000,0x00000000ef66a2b0,0x00000000efe80000)
  to   space 17920K, 0% used [0x00000000f0a80000,0x00000000f0a80000,0x00000000f1c00000)
 ParOldGen       total 43008K, used 26016K [0x00000000c1600000, 0x00000000c4000000, 0x00000000eb200000)
  object space 43008K, 60% used [0x00000000c1600000,0x00000000c2f68010,0x00000000c4000000)
 Metaspace       used 40288K, capacity 40997K, committed 41176K, reserved 1085440K
  class space    used 4945K, capacity 5088K, committed 5120K, reserved 1048576K
Event: 5.475 GC heap after
Heap after GC invocations=12 (full 2):
 PSYoungGen      total 88064K, used 17914K [0x00000000eb200000, 0x00000000f2280000, 0x0000000100000000)
  eden space 70144K, 0% used [0x00000000eb200000,0x00000000eb200000,0x00000000ef680000)
  from space 17920K, 99% used [0x00000000f0a80000,0x00000000f1bfeb38,0x00000000f1c00000)
  to   space 20480K, 0% used [0x00000000ef680000,0x00000000ef680000,0x00000000f0a80000)
 ParOldGen       total 43008K, used 26272K [0x00000000c1600000, 0x00000000c4000000, 0x00000000eb200000)
  object space 43008K, 61% used [0x00000000c1600000,0x00000000c2fa82b0,0x00000000c4000000)
 Metaspace       used 40288K, capacity 40997K, committed 41176K, reserved 1085440K
  class space    used 4945K, capacity 5088K, committed 5120K, reserved 1048576K
}
Event: 7.473 GC heap before
{Heap before GC invocations=13 (full 2):
 PSYoungGen      total 88064K, used 88058K [0x00000000eb200000, 0x00000000f2280000, 0x0000000100000000)
  eden space 70144K, 100% used [0x00000000eb200000,0x00000000ef680000,0x00000000ef680000)
  from space 17920K, 99% used [0x00000000f0a80000,0x00000000f1bfeb38,0x00000000f1c00000)
  to   space 20480K, 0% used [0x00000000ef680000,0x00000000ef680000,0x00000000f0a80000)
 ParOldGen       total 43008K, used 26272K [0x00000000c1600000, 0x00000000c4000000, 0x00000000eb200000)
  object space 43008K, 61% used [0x00000000c1600000,0x00000000c2fa82b0,0x00000000c4000000)
 Metaspace       used 44554K, capacity 45309K, committed 45400K, reserved 1089536K
  class space    used 5329K, capacity 5486K, committed 5504K, reserved 1048576K
Event: 7.498 GC heap after
Heap after GC invocations=13 (full 2):
 PSYoungGen      total 90624K, used 20469K [0x00000000eb200000, 0x00000000f2280000, 0x0000000100000000)
  eden space 70144K, 0% used [0x00000000eb200000,0x00000000eb200000,0x00000000ef680000)
  from space 20480K, 99% used [0x00000000ef680000,0x00000000f0a7d5e0,0x00000000f0a80000)
  to   space 17920K, 0% used [0x00000000f0a80000,0x00000000f0a80000,0x00000000f1c00000)
 ParOldGen       total 43008K, used 29051K [0x00000000c1600000, 0x00000000c4000000, 0x00000000eb200000)
  object space 43008K, 67% used [0x00000000c1600000,0x00000000c325eee8,0x00000000c4000000)
 Metaspace       used 44554K, capacity 45309K, committed 45400K, reserved 1089536K
  class space    used 5329K, capacity 5486K, committed 5504K, reserved 1048576K
}
Event: 8.578 GC heap before
{Heap before GC invocations=14 (full 2):
 PSYoungGen      total 90624K, used 90613K [0x00000000eb200000, 0x00000000f2280000, 0x0000000100000000)
  eden space 70144K, 100% used [0x00000000eb200000,0x00000000ef680000,0x00000000ef680000)
  from space 20480K, 99% used [0x00000000ef680000,0x00000000f0a7d5e0,0x00000000f0a80000)
  to   space 17920K, 0% used [0x00000000f0a80000,0x00000000f0a80000,0x00000000f1c00000)
 ParOldGen       total 43008K, used 29051K [0x00000000c1600000, 0x00000000c4000000, 0x00000000eb200000)
  object space 43008K, 67% used [0x00000000c1600000,0x00000000c325eee8,0x00000000c4000000)
 Metaspace       used 45116K, capacity 45877K, committed 46040K, reserved 1089536K
  class space    used 5361K, capacity 5522K, committed 5632K, reserved 1048576K
Event: 8.610 GC heap after
Heap after GC invocations=14 (full 2):
 PSYoungGen      total 88064K, used 17900K [0x00000000eb200000, 0x00000000f2280000, 0x0000000100000000)
  eden space 70144K, 0% used [0x00000000eb200000,0x00000000eb200000,0x00000000ef680000)
  from space 17920K, 99% used [0x00000000f0a80000,0x00000000f1bfb278,0x00000000f1c00000)
  to   space 20480K, 0% used [0x00000000ef680000,0x00000000ef680000,0x00000000f0a80000)
 ParOldGen       total 43008K, used 36378K [0x00000000c1600000, 0x00000000c4000000, 0x00000000eb200000)
  object space 43008K, 84% used [0x00000000c1600000,0x00000000c3986908,0x00000000c4000000)
 Metaspace       used 45116K, capacity 45877K, committed 46040K, reserved 1089536K
  class space    used 5361K, capacity 5522K, committed 5632K, reserved 1048576K
}
Event: 8.610 GC heap before
{Heap before GC invocations=15 (full 3):
 PSYoungGen      total 88064K, used 17900K [0x00000000eb200000, 0x00000000f2280000, 0x0000000100000000)
  eden space 70144K, 0% used [0x00000000eb200000,0x00000000eb200000,0x00000000ef680000)
  from space 17920K, 99% used [0x00000000f0a80000,0x00000000f1bfb278,0x00000000f1c00000)
  to   space 20480K, 0% used [0x00000000ef680000,0x00000000ef680000,0x00000000f0a80000)
 ParOldGen       total 43008K, used 36378K [0x00000000c1600000, 0x00000000c4000000, 0x00000000eb200000)
  object space 43008K, 84% used [0x00000000c1600000,0x00000000c3986908,0x00000000c4000000)
 Metaspace       used 45116K, capacity 45877K, committed 46040K, reserved 1089536K
  class space    used 5361K, capacity 5522K, committed 5632K, reserved 1048576K
Event: 8.915 GC heap after
Heap after GC invocations=15 (full 3):
 PSYoungGen      total 88064K, used 5579K [0x00000000eb200000, 0x00000000f2280000, 0x0000000100000000)
  eden space 70144K, 0% used [0x00000000eb200000,0x00000000eb200000,0x00000000ef680000)
  from space 17920K, 31% used [0x00000000f0a80000,0x00000000f0ff2e40,0x00000000f1c00000)
  to   space 20480K, 0% used [0x00000000ef680000,0x00000000ef680000,0x00000000f0a80000)
 ParOldGen       total 43008K, used 42821K [0x00000000c1600000, 0x00000000c4000000, 0x00000000eb200000)
  object space 43008K, 99% used [0x00000000c1600000,0x00000000c3fd1628,0x00000000c4000000)
 Metaspace       used 45116K, capacity 45877K, committed 46040K, reserved 1089536K
  class space    used 5361K, capacity 5522K, committed 5632K, reserved 1048576K
}

