# JRE version: OpenJDK Runtime Environment (8.0_152-b02) (build 1.8.0_152-release-1024-b02)
# Java VM: OpenJDK 64-Bit Server VM (25.152-b02 mixed mode windows-amd64 compressed oops)
Heap:
 PSYoungGen      total 68096K, used 32230K [0x00000000e0000000, 0x00000000e8c80000, 0x0000000100000000)
  eden space 59904K, 53% used [0x00000000e0000000,0x00000000e1f79920,0x00000000e3a80000)
  from space 8192K, 0% used [0x00000000e3a80000,0x00000000e3a80000,0x00000000e4280000)
  to   space 14336K, 0% used [0x00000000e7e80000,0x00000000e7e80000,0x00000000e8c80000)
 ParOldGen       total 31232K, used 31109K [0x00000000a0000000, 0x00000000a1e80000, 0x00000000e0000000)
  object space 31232K, 99% used [0x00000000a0000000,0x00000000a1e617f0,0x00000000a1e80000)
 Metaspace       used 43381K, capacity 44093K, committed 44544K, reserved 1089536K
  class space    used 5324K, capacity 5524K, committed 5632K, reserved 1048576K
GC Heap History (10 events):
Event: 22.328 GC heap before
{Heap before GC invocations=9 (full 2):
 PSYoungGen      total 62464K, used 62449K [0x00000000e0000000, 0x00000000e4d80000, 0x0000000100000000)
  eden space 59904K, 100% used [0x00000000e0000000,0x00000000e3a80000,0x00000000e3a80000)
  from space 2560K, 99% used [0x00000000e4280000,0x00000000e44fc518,0x00000000e4500000)
  to   space 8192K, 0% used [0x00000000e3a80000,0x00000000e3a80000,0x00000000e4280000)
 ParOldGen       total 31232K, used 12515K [0x00000000a0000000, 0x00000000a1e80000, 0x00000000e0000000)
  object space 31232K, 40% used [0x00000000a0000000,0x00000000a0c38df8,0x00000000a1e80000)
 Metaspace       used 33758K, capacity 34274K, committed 34560K, reserved 1079296K
  class space    used 4205K, capacity 4319K, committed 4352K, reserved 1048576K
Event: 22.379 GC heap after
Heap after GC invocations=9 (full 2):
 PSYoungGen      total 68096K, used 8190K [0x00000000e0000000, 0x00000000e8c80000, 0x0000000100000000)
  eden space 59904K, 0% used [0x00000000e0000000,0x00000000e0000000,0x00000000e3a80000)
  from space 8192K, 99% used [0x00000000e3a80000,0x00000000e427fa70,0x00000000e4280000)
  to   space 14336K, 0% used [0x00000000e7e80000,0x00000000e7e80000,0x00000000e8c80000)
 ParOldGen       total 31232K, used 22832K [0x00000000a0000000, 0x00000000a1e80000, 0x00000000e0000000)
  object space 31232K, 73% used [0x00000000a0000000,0x00000000a164c2e0,0x00000000a1e80000)
 Metaspace       used 33758K, capacity 34274K, committed 34560K, reserved 1079296K
  class space    used 4205K, capacity 4319K, committed 4352K, reserved 1048576K
}
Event: 22.379 GC heap before
{Heap before GC invocations=10 (full 3):
 PSYoungGen      total 68096K, used 8190K [0x00000000e0000000, 0x00000000e8c80000, 0x0000000100000000)
  eden space 59904K, 0% used [0x00000000e0000000,0x00000000e0000000,0x00000000e3a80000)
  from space 8192K, 99% used [0x00000000e3a80000,0x00000000e427fa70,0x00000000e4280000)
  to   space 14336K, 0% used [0x00000000e7e80000,0x00000000e7e80000,0x00000000e8c80000)
 ParOldGen       total 31232K, used 22832K [0x00000000a0000000, 0x00000000a1e80000, 0x00000000e0000000)
  object space 31232K, 73% used [0x00000000a0000000,0x00000000a164c2e0,0x00000000a1e80000)
 Metaspace       used 33758K, capacity 34274K, committed 34560K, reserved 1079296K
  class space    used 4205K, capacity 4319K, committed 4352K, reserved 1048576K
Event: 22.499 GC heap after
Heap after GC invocations=10 (full 3):
 PSYoungGen      total 68096K, used 0K [0x00000000e0000000, 0x00000000e8c80000, 0x0000000100000000)
  eden space 59904K, 0% used [0x00000000e0000000,0x00000000e0000000,0x00000000e3a80000)
  from space 8192K, 0% used [0x00000000e3a80000,0x00000000e3a80000,0x00000000e4280000)
  to   space 14336K, 0% used [0x00000000e7e80000,0x00000000e7e80000,0x00000000e8c80000)
 ParOldGen       total 31232K, used 23711K [0x00000000a0000000, 0x00000000a1e80000, 0x00000000e0000000)
  object space 31232K, 75% used [0x00000000a0000000,0x00000000a1727f68,0x00000000a1e80000)
 Metaspace       used 33758K, capacity 34274K, committed 34560K, reserved 1079296K
  class space    used 4205K, capacity 4319K, committed 4352K, reserved 1048576K
}
Event: 23.781 GC heap before
{Heap before GC invocations=11 (full 4):
 PSYoungGen      total 68096K, used 59904K [0x00000000e0000000, 0x00000000e8c80000, 0x0000000100000000)
  eden space 59904K, 100% used [0x00000000e0000000,0x00000000e3a80000,0x00000000e3a80000)
  from space 8192K, 0% used [0x00000000e3a80000,0x00000000e3a80000,0x00000000e4280000)
  to   space 14336K, 0% used [0x00000000e7e80000,0x00000000e7e80000,0x00000000e8c80000)
 ParOldGen       total 31232K, used 23711K [0x00000000a0000000, 0x00000000a1e80000, 0x00000000e0000000)
  object space 31232K, 75% used [0x00000000a0000000,0x00000000a1727f68,0x00000000a1e80000)
 Metaspace       used 38611K, capacity 39175K, committed 39552K, reserved 1083392K
  class space    used 4763K, capacity 4901K, committed 4992K, reserved 1048576K
Event: 23.887 GC heap after
Heap after GC invocations=11 (full 4):
 PSYoungGen      total 68096K, used 0K [0x00000000e0000000, 0x00000000e8c80000, 0x0000000100000000)
  eden space 59904K, 0% used [0x00000000e0000000,0x00000000e0000000,0x00000000e3a80000)
  from space 8192K, 0% used [0x00000000e3a80000,0x00000000e3a80000,0x00000000e4280000)
  to   space 14336K, 0% used [0x00000000e7e80000,0x00000000e7e80000,0x00000000e8c80000)
 ParOldGen       total 31232K, used 30012K [0x00000000a0000000, 0x00000000a1e80000, 0x00000000e0000000)
  object space 31232K, 96% used [0x00000000a0000000,0x00000000a1d4f220,0x00000000a1e80000)
 Metaspace       used 38611K, capacity 39175K, committed 39552K, reserved 1083392K
  class space    used 4763K, capacity 4901K, committed 4992K, reserved 1048576K
}
Event: 24.826 GC heap before
{Heap before GC invocations=12 (full 5):
 PSYoungGen      total 68096K, used 59904K [0x00000000e0000000, 0x00000000e8c80000, 0x0000000100000000)
  eden space 59904K, 100% used [0x00000000e0000000,0x00000000e3a80000,0x00000000e3a80000)
  from space 8192K, 0% used [0x00000000e3a80000,0x00000000e3a80000,0x00000000e4280000)
  to   space 14336K, 0% used [0x00000000e7e80000,0x00000000e7e80000,0x00000000e8c80000)
 ParOldGen       total 31232K, used 30012K [0x00000000a0000000, 0x00000000a1e80000, 0x00000000e0000000)
  object space 31232K, 96% used [0x00000000a0000000,0x00000000a1d4f220,0x00000000a1e80000)
 Metaspace       used 40401K, capacity 40983K, committed 41472K, reserved 1085440K
  class space    used 4872K, capacity 5015K, committed 5120K, reserved 1048576K
Event: 25.053 GC heap after
Heap after GC invocations=12 (full 5):
 PSYoungGen      total 68096K, used 3518K [0x00000000e0000000, 0x00000000e8c80000, 0x0000000100000000)
  eden space 59904K, 5% used [0x00000000e0000000,0x00000000e036fa58,0x00000000e3a80000)
  from space 8192K, 0% used [0x00000000e3a80000,0x00000000e3a80000,0x00000000e4280000)
  to   space 14336K, 0% used [0x00000000e7e80000,0x00000000e7e80000,0x00000000e8c80000)
 ParOldGen       total 31232K, used 31201K [0x00000000a0000000, 0x00000000a1e80000, 0x00000000e0000000)
  object space 31232K, 99% used [0x00000000a0000000,0x00000000a1e78478,0x00000000a1e80000)
 Metaspace       used 40401K, capacity 40983K, committed 41472K, reserved 1085440K
  class space    used 4872K, capacity 5015K, committed 5120K, reserved 1048576K
}
Event: 25.272 GC heap before
{Heap before GC invocations=13 (full 6):
 PSYoungGen      total 68096K, used 34763K [0x00000000e0000000, 0x00000000e8c80000, 0x0000000100000000)
  eden space 59904K, 58% used [0x00000000e0000000,0x00000000e21f2f88,0x00000000e3a80000)
  from space 8192K, 0% used [0x00000000e3a80000,0x00000000e3a80000,0x00000000e4280000)
  to   space 14336K, 0% used [0x00000000e7e80000,0x00000000e7e80000,0x00000000e8c80000)
 ParOldGen       total 31232K, used 31201K [0x00000000a0000000, 0x00000000a1e80000, 0x00000000e0000000)
  object space 31232K, 99% used [0x00000000a0000000,0x00000000a1e78478,0x00000000a1e80000)
 Metaspace       used 40626K, capacity 41225K, committed 41472K, reserved 1089536K
  class space    used 4888K, capacity 5050K, committed 5120K, reserved 1048576K
Event: 25.423 GC heap after
Heap after GC invocations=13 (full 6):
 PSYoungGen      total 68096K, used 3944K [0x00000000e0000000, 0x00000000e8c80000, 0x0000000100000000)
  eden space 59904K, 6% used [0x00000000e0000000,0x00000000e03da208,0x00000000e3a80000)
  from space 8192K, 0% used [0x00000000e3a80000,0x00000000e3a80000,0x00000000e4280000)
  to   space 14336K, 0% used [0x00000000e7e80000,0x00000000e7e80000,0x00000000e8c80000)
 ParOldGen       total 31232K, used 31109K [0x00000000a0000000, 0x00000000a1e80000, 0x00000000e0000000)
  object space 31232K, 99% used [0x00000000a0000000,0x00000000a1e617f0,0x00000000a1e80000)
 Metaspace       used 40626K, capacity 41225K, committed 41472K, reserved 1087488K
  class space    used 4888K, capacity 5050K, committed 5120K, reserved 1048576K
}

