# JRE version: OpenJDK Runtime Environment (8.0_152-b02) (build 1.8.0_152-release-1024-b02)
# Java VM: OpenJDK 64-Bit Server VM (25.152-b02 mixed mode windows-amd64 compressed oops)
Heap:
 PSYoungGen      total 115200K, used 16943K [0x00000000e0000000, 0x00000000e8400000, 0x0000000100000000)
  eden space 95232K, 17% used [0x00000000e0000000,0x00000000e108bf40,0x00000000e5d00000)
  from space 19968K, 0% used [0x00000000e7080000,0x00000000e7080000,0x00000000e8400000)
  to   space 15872K, 0% used [0x00000000e5e00000,0x00000000e5e00000,0x00000000e6d80000)
 ParOldGen       total 94208K, used 48439K [0x00000000a0000000, 0x00000000a5c00000, 0x00000000e0000000)
  object space 94208K, 51% used [0x00000000a0000000,0x00000000a2f4deb0,0x00000000a5c00000)
 Metaspace       used 47376K, capacity 48281K, committed 48512K, reserved 1091584K
  class space    used 5722K, capacity 5926K, committed 6016K, reserved 1048576K
GC Heap History (10 events):
Event: 21.897 GC heap before
{Heap before GC invocations=12 (full 3):
 PSYoungGen      total 62464K, used 10748K [0x00000000e0000000, 0x00000000e7d00000, 0x0000000100000000)
  eden space 51712K, 0% used [0x00000000e0000000,0x00000000e0000000,0x00000000e3280000)
  from space 10752K, 99% used [0x00000000e3280000,0x00000000e3cff1e8,0x00000000e3d00000)
  to   space 13824K, 0% used [0x00000000e6f80000,0x00000000e6f80000,0x00000000e7d00000)
 ParOldGen       total 33280K, used 18108K [0x00000000a0000000, 0x00000000a2080000, 0x00000000e0000000)
  object space 33280K, 54% used [0x00000000a0000000,0x00000000a11af040,0x00000000a2080000)
 Metaspace       used 34736K, capacity 35244K, committed 35456K, reserved 1081344K
  class space    used 4331K, capacity 4462K, committed 4480K, reserved 1048576K
Event: 21.990 GC heap after
Heap after GC invocations=12 (full 3):
 PSYoungGen      total 62464K, used 0K [0x00000000e0000000, 0x00000000e7d00000, 0x0000000100000000)
  eden space 51712K, 0% used [0x00000000e0000000,0x00000000e0000000,0x00000000e3280000)
  from space 10752K, 0% used [0x00000000e3280000,0x00000000e3280000,0x00000000e3d00000)
  to   space 13824K, 0% used [0x00000000e6f80000,0x00000000e6f80000,0x00000000e7d00000)
 ParOldGen       total 50176K, used 18551K [0x00000000a0000000, 0x00000000a3100000, 0x00000000e0000000)
  object space 50176K, 36% used [0x00000000a0000000,0x00000000a121df70,0x00000000a3100000)
 Metaspace       used 34736K, capacity 35244K, committed 35456K, reserved 1081344K
  class space    used 4331K, capacity 4462K, committed 4480K, reserved 1048576K
}
Event: 22.735 GC heap before
{Heap before GC invocations=13 (full 3):
 PSYoungGen      total 62464K, used 51712K [0x00000000e0000000, 0x00000000e7d00000, 0x0000000100000000)
  eden space 51712K, 100% used [0x00000000e0000000,0x00000000e3280000,0x00000000e3280000)
  from space 10752K, 0% used [0x00000000e3280000,0x00000000e3280000,0x00000000e3d00000)
  to   space 13824K, 0% used [0x00000000e6f80000,0x00000000e6f80000,0x00000000e7d00000)
 ParOldGen       total 50176K, used 18551K [0x00000000a0000000, 0x00000000a3100000, 0x00000000e0000000)
  object space 50176K, 36% used [0x00000000a0000000,0x00000000a121df70,0x00000000a3100000)
 Metaspace       used 38344K, capacity 38947K, committed 39296K, reserved 1083392K
  class space    used 4729K, capacity 4867K, committed 4992K, reserved 1048576K
Event: 22.758 GC heap after
Heap after GC invocations=13 (full 3):
 PSYoungGen      total 83968K, used 13798K [0x00000000e0000000, 0x00000000e7d00000, 0x0000000100000000)
  eden space 70144K, 0% used [0x00000000e0000000,0x00000000e0000000,0x00000000e4480000)
  from space 13824K, 99% used [0x00000000e6f80000,0x00000000e7cf99b0,0x00000000e7d00000)
  to   space 15872K, 0% used [0x00000000e5e00000,0x00000000e5e00000,0x00000000e6d80000)
 ParOldGen       total 50176K, used 18946K [0x00000000a0000000, 0x00000000a3100000, 0x00000000e0000000)
  object space 50176K, 37% used [0x00000000a0000000,0x00000000a1280a68,0x00000000a3100000)
 Metaspace       used 38344K, capacity 38947K, committed 39296K, reserved 1083392K
  class space    used 4729K, capacity 4867K, committed 4992K, reserved 1048576K
}
Event: 24.027 GC heap before
{Heap before GC invocations=14 (full 3):
 PSYoungGen      total 83968K, used 83942K [0x00000000e0000000, 0x00000000e7d00000, 0x0000000100000000)
  eden space 70144K, 100% used [0x00000000e0000000,0x00000000e4480000,0x00000000e4480000)
  from space 13824K, 99% used [0x00000000e6f80000,0x00000000e7cf99b0,0x00000000e7d00000)
  to   space 15872K, 0% used [0x00000000e5e00000,0x00000000e5e00000,0x00000000e6d80000)
 ParOldGen       total 50176K, used 18946K [0x00000000a0000000, 0x00000000a3100000, 0x00000000e0000000)
  object space 50176K, 37% used [0x00000000a0000000,0x00000000a1280a68,0x00000000a3100000)
 Metaspace       used 40433K, capacity 41047K, committed 41472K, reserved 1085440K
  class space    used 4875K, capacity 5015K, committed 5120K, reserved 1048576K
Event: 24.066 GC heap after
Heap after GC invocations=14 (full 3):
 PSYoungGen      total 111104K, used 15860K [0x00000000e0000000, 0x00000000e8400000, 0x0000000100000000)
  eden space 95232K, 0% used [0x00000000e0000000,0x00000000e0000000,0x00000000e5d00000)
  from space 15872K, 99% used [0x00000000e5e00000,0x00000000e6d7d0d8,0x00000000e6d80000)
  to   space 19968K, 0% used [0x00000000e7080000,0x00000000e7080000,0x00000000e8400000)
 ParOldGen       total 50176K, used 24572K [0x00000000a0000000, 0x00000000a3100000, 0x00000000e0000000)
  object space 50176K, 48% used [0x00000000a0000000,0x00000000a17ff230,0x00000000a3100000)
 Metaspace       used 40433K, capacity 41047K, committed 41472K, reserved 1085440K
  class space    used 4875K, capacity 5015K, committed 5120K, reserved 1048576K
}
Event: 26.157 GC heap before
{Heap before GC invocations=15 (full 3):
 PSYoungGen      total 111104K, used 111092K [0x00000000e0000000, 0x00000000e8400000, 0x0000000100000000)
  eden space 95232K, 100% used [0x00000000e0000000,0x00000000e5d00000,0x00000000e5d00000)
  from space 15872K, 99% used [0x00000000e5e00000,0x00000000e6d7d0d8,0x00000000e6d80000)
  to   space 19968K, 0% used [0x00000000e7080000,0x00000000e7080000,0x00000000e8400000)
 ParOldGen       total 50176K, used 24572K [0x00000000a0000000, 0x00000000a3100000, 0x00000000e0000000)
  object space 50176K, 48% used [0x00000000a0000000,0x00000000a17ff230,0x00000000a3100000)
 Metaspace       used 46943K, capacity 47835K, committed 48256K, reserved 1091584K
  class space    used 5702K, capacity 5915K, committed 6016K, reserved 1048576K
Event: 26.205 GC heap after
Heap after GC invocations=15 (full 3):
 PSYoungGen      total 115200K, used 16408K [0x00000000e0000000, 0x00000000e8400000, 0x0000000100000000)
  eden space 95232K, 0% used [0x00000000e0000000,0x00000000e0000000,0x00000000e5d00000)
  from space 19968K, 82% used [0x00000000e7080000,0x00000000e80863d8,0x00000000e8400000)
  to   space 15872K, 0% used [0x00000000e5e00000,0x00000000e5e00000,0x00000000e6d80000)
 ParOldGen       total 50176K, used 40503K [0x00000000a0000000, 0x00000000a3100000, 0x00000000e0000000)
  object space 50176K, 80% used [0x00000000a0000000,0x00000000a278de50,0x00000000a3100000)
 Metaspace       used 46943K, capacity 47835K, committed 48256K, reserved 1091584K
  class space    used 5702K, capacity 5915K, committed 6016K, reserved 1048576K
}
Event: 26.205 GC heap before
{Heap before GC invocations=16 (full 4):
 PSYoungGen      total 115200K, used 16408K [0x00000000e0000000, 0x00000000e8400000, 0x0000000100000000)
  eden space 95232K, 0% used [0x00000000e0000000,0x00000000e0000000,0x00000000e5d00000)
  from space 19968K, 82% used [0x00000000e7080000,0x00000000e80863d8,0x00000000e8400000)
  to   space 15872K, 0% used [0x00000000e5e00000,0x00000000e5e00000,0x00000000e6d80000)
 ParOldGen       total 50176K, used 40503K [0x00000000a0000000, 0x00000000a3100000, 0x00000000e0000000)
  object space 50176K, 80% used [0x00000000a0000000,0x00000000a278de50,0x00000000a3100000)
 Metaspace       used 46943K, capacity 47835K, committed 48256K, reserved 1091584K
  class space    used 5702K, capacity 5915K, committed 6016K, reserved 1048576K
Event: 26.461 GC heap after
Heap after GC invocations=16 (full 4):
 PSYoungGen      total 115200K, used 0K [0x00000000e0000000, 0x00000000e8400000, 0x0000000100000000)
  eden space 95232K, 0% used [0x00000000e0000000,0x00000000e0000000,0x00000000e5d00000)
  from space 19968K, 0% used [0x00000000e7080000,0x00000000e7080000,0x00000000e8400000)
  to   space 15872K, 0% used [0x00000000e5e00000,0x00000000e5e00000,0x00000000e6d80000)
 ParOldGen       total 94208K, used 48439K [0x00000000a0000000, 0x00000000a5c00000, 0x00000000e0000000)
  object space 94208K, 51% used [0x00000000a0000000,0x00000000a2f4deb0,0x00000000a5c00000)
 Metaspace       used 46943K, capacity 47835K, committed 48256K, reserved 1091584K
  class space    used 5702K, capacity 5915K, committed 6016K, reserved 1048576K
}

