# JRE version: OpenJDK Runtime Environment (8.0_152-b02) (build 1.8.0_152-release-1024-b02)
# Java VM: OpenJDK 64-Bit Server VM (25.152-b02 mixed mode windows-amd64 compressed oops)
Heap:
 PSYoungGen      total 109056K, used 38534K [0x00000000eb200000, 0x00000000f4980000, 0x0000000100000000)
  eden space 80384K, 28% used [0x00000000eb200000,0x00000000ec819438,0x00000000f0080000)
  from space 28672K, 55% used [0x00000000f0080000,0x00000000f10085c0,0x00000000f1c80000)
  to   space 28160K, 0% used [0x00000000f2e00000,0x00000000f2e00000,0x00000000f4980000)
 ParOldGen       total 75776K, used 46327K [0x00000000c1600000, 0x00000000c6000000, 0x00000000eb200000)
  object space 75776K, 61% used [0x00000000c1600000,0x00000000c433dcf8,0x00000000c6000000)
 Metaspace       used 46969K, capacity 47841K, committed 48088K, reserved 1091584K
  class space    used 5643K, capacity 5850K, committed 5888K, reserved 1048576K
GC Heap History (10 events):
Event: 4.513 GC heap before
{Heap before GC invocations=11 (full 2):
 PSYoungGen      total 75264K, used 60928K [0x00000000eb200000, 0x00000000f2f00000, 0x0000000100000000)
  eden space 60928K, 100% used [0x00000000eb200000,0x00000000eed80000,0x00000000eed80000)
  from space 14336K, 0% used [0x00000000eff80000,0x00000000eff80000,0x00000000f0d80000)
  to   space 18432K, 0% used [0x00000000eed80000,0x00000000eed80000,0x00000000eff80000)
 ParOldGen       total 75776K, used 26042K [0x00000000c1600000, 0x00000000c6000000, 0x00000000eb200000)
  object space 75776K, 34% used [0x00000000c1600000,0x00000000c2f6e860,0x00000000c6000000)
 Metaspace       used 36412K, capacity 36985K, committed 37336K, reserved 1081344K
  class space    used 4386K, capacity 4538K, committed 4608K, reserved 1048576K
Event: 4.525 GC heap after
Heap after GC invocations=11 (full 2):
 PSYoungGen      total 79360K, used 10164K [0x00000000eb200000, 0x00000000f1d00000, 0x0000000100000000)
  eden space 60928K, 0% used [0x00000000eb200000,0x00000000eb200000,0x00000000eed80000)
  from space 18432K, 55% used [0x00000000eed80000,0x00000000ef76d058,0x00000000eff80000)
  to   space 17920K, 0% used [0x00000000f0b80000,0x00000000f0b80000,0x00000000f1d00000)
 ParOldGen       total 75776K, used 26050K [0x00000000c1600000, 0x00000000c6000000, 0x00000000eb200000)
  object space 75776K, 34% used [0x00000000c1600000,0x00000000c2f70860,0x00000000c6000000)
 Metaspace       used 36412K, capacity 36985K, committed 37336K, reserved 1081344K
  class space    used 4386K, capacity 4538K, committed 4608K, reserved 1048576K
}
Event: 5.480 GC heap before
{Heap before GC invocations=12 (full 2):
 PSYoungGen      total 79360K, used 71092K [0x00000000eb200000, 0x00000000f1d00000, 0x0000000100000000)
  eden space 60928K, 100% used [0x00000000eb200000,0x00000000eed80000,0x00000000eed80000)
  from space 18432K, 55% used [0x00000000eed80000,0x00000000ef76d058,0x00000000eff80000)
  to   space 17920K, 0% used [0x00000000f0b80000,0x00000000f0b80000,0x00000000f1d00000)
 ParOldGen       total 75776K, used 26050K [0x00000000c1600000, 0x00000000c6000000, 0x00000000eb200000)
  object space 75776K, 34% used [0x00000000c1600000,0x00000000c2f70860,0x00000000c6000000)
 Metaspace       used 40919K, capacity 41645K, committed 41816K, reserved 1085440K
  class space    used 5039K, capacity 5192K, committed 5248K, reserved 1048576K
Event: 5.504 GC heap after
Heap after GC invocations=12 (full 2):
 PSYoungGen      total 89088K, used 17905K [0x00000000eb200000, 0x00000000f2280000, 0x0000000100000000)
  eden space 71168K, 0% used [0x00000000eb200000,0x00000000eb200000,0x00000000ef780000)
  from space 17920K, 99% used [0x00000000f0b80000,0x00000000f1cfc658,0x00000000f1d00000)
  to   space 20480K, 0% used [0x00000000ef780000,0x00000000ef780000,0x00000000f0b80000)
 ParOldGen       total 75776K, used 27349K [0x00000000c1600000, 0x00000000c6000000, 0x00000000eb200000)
  object space 75776K, 36% used [0x00000000c1600000,0x00000000c30b5648,0x00000000c6000000)
 Metaspace       used 40919K, capacity 41645K, committed 41816K, reserved 1085440K
  class space    used 5039K, capacity 5192K, committed 5248K, reserved 1048576K
}
Event: 7.774 GC heap before
{Heap before GC invocations=13 (full 2):
 PSYoungGen      total 89088K, used 89073K [0x00000000eb200000, 0x00000000f2280000, 0x0000000100000000)
  eden space 71168K, 100% used [0x00000000eb200000,0x00000000ef780000,0x00000000ef780000)
  from space 17920K, 99% used [0x00000000f0b80000,0x00000000f1cfc658,0x00000000f1d00000)
  to   space 20480K, 0% used [0x00000000ef780000,0x00000000ef780000,0x00000000f0b80000)
 ParOldGen       total 75776K, used 27349K [0x00000000c1600000, 0x00000000c6000000, 0x00000000eb200000)
  object space 75776K, 36% used [0x00000000c1600000,0x00000000c30b5648,0x00000000c6000000)
 Metaspace       used 44594K, capacity 45309K, committed 45400K, reserved 1089536K
  class space    used 5329K, capacity 5486K, committed 5504K, reserved 1048576K
Event: 7.801 GC heap after
Heap after GC invocations=13 (full 2):
 PSYoungGen      total 91648K, used 20448K [0x00000000eb200000, 0x00000000f3400000, 0x0000000100000000)
  eden space 71168K, 0% used [0x00000000eb200000,0x00000000eb200000,0x00000000ef780000)
  from space 20480K, 99% used [0x00000000ef780000,0x00000000f0b78320,0x00000000f0b80000)
  to   space 24064K, 0% used [0x00000000f1c80000,0x00000000f1c80000,0x00000000f3400000)
 ParOldGen       total 75776K, used 29557K [0x00000000c1600000, 0x00000000c6000000, 0x00000000eb200000)
  object space 75776K, 39% used [0x00000000c1600000,0x00000000c32dd718,0x00000000c6000000)
 Metaspace       used 44594K, capacity 45309K, committed 45400K, reserved 1089536K
  class space    used 5329K, capacity 5486K, committed 5504K, reserved 1048576K
}
Event: 8.960 GC heap before
{Heap before GC invocations=14 (full 2):
 PSYoungGen      total 91648K, used 91616K [0x00000000eb200000, 0x00000000f3400000, 0x0000000100000000)
  eden space 71168K, 100% used [0x00000000eb200000,0x00000000ef780000,0x00000000ef780000)
  from space 20480K, 99% used [0x00000000ef780000,0x00000000f0b78320,0x00000000f0b80000)
  to   space 24064K, 0% used [0x00000000f1c80000,0x00000000f1c80000,0x00000000f3400000)
 ParOldGen       total 75776K, used 29557K [0x00000000c1600000, 0x00000000c6000000, 0x00000000eb200000)
  object space 75776K, 39% used [0x00000000c1600000,0x00000000c32dd718,0x00000000c6000000)
 Metaspace       used 45187K, capacity 45979K, committed 46296K, reserved 1089536K
  class space    used 5366K, capacity 5555K, committed 5632K, reserved 1048576K
Event: 9.002 GC heap after
Heap after GC invocations=14 (full 2):
 PSYoungGen      total 104448K, used 24044K [0x00000000eb200000, 0x00000000f3e80000, 0x0000000100000000)
  eden space 80384K, 0% used [0x00000000eb200000,0x00000000eb200000,0x00000000f0080000)
  from space 24064K, 99% used [0x00000000f1c80000,0x00000000f33fb278,0x00000000f3400000)
  to   space 28672K, 0% used [0x00000000f0080000,0x00000000f0080000,0x00000000f1c80000)
 ParOldGen       total 75776K, used 31603K [0x00000000c1600000, 0x00000000c6000000, 0x00000000eb200000)
  object space 75776K, 41% used [0x00000000c1600000,0x00000000c34dcdf0,0x00000000c6000000)
 Metaspace       used 45187K, capacity 45979K, committed 46296K, reserved 1089536K
  class space    used 5366K, capacity 5555K, committed 5632K, reserved 1048576K
}
Event: 10.500 GC heap before
{Heap before GC invocations=15 (full 2):
 PSYoungGen      total 104448K, used 104428K [0x00000000eb200000, 0x00000000f3e80000, 0x0000000100000000)
  eden space 80384K, 100% used [0x00000000eb200000,0x00000000f0080000,0x00000000f0080000)
  from space 24064K, 99% used [0x00000000f1c80000,0x00000000f33fb278,0x00000000f3400000)
  to   space 28672K, 0% used [0x00000000f0080000,0x00000000f0080000,0x00000000f1c80000)
 ParOldGen       total 75776K, used 31603K [0x00000000c1600000, 0x00000000c6000000, 0x00000000eb200000)
  object space 75776K, 41% used [0x00000000c1600000,0x00000000c34dcdf0,0x00000000c6000000)
 Metaspace       used 46875K, capacity 47713K, committed 47832K, reserved 1091584K
  class space    used 5643K, capacity 5850K, committed 5888K, reserved 1048576K
Event: 10.552 GC heap after
Heap after GC invocations=15 (full 2):
 PSYoungGen      total 109056K, used 15905K [0x00000000eb200000, 0x00000000f4980000, 0x0000000100000000)
  eden space 80384K, 0% used [0x00000000eb200000,0x00000000eb200000,0x00000000f0080000)
  from space 28672K, 55% used [0x00000000f0080000,0x00000000f10085c0,0x00000000f1c80000)
  to   space 28160K, 0% used [0x00000000f2e00000,0x00000000f2e00000,0x00000000f4980000)
 ParOldGen       total 75776K, used 46327K [0x00000000c1600000, 0x00000000c6000000, 0x00000000eb200000)
  object space 75776K, 61% used [0x00000000c1600000,0x00000000c433dcf8,0x00000000c6000000)
 Metaspace       used 46875K, capacity 47713K, committed 47832K, reserved 1091584K
  class space    used 5643K, capacity 5850K, committed 5888K, reserved 1048576K
}

