# JRE version: OpenJDK Runtime Environment (8.0_152-b02) (build 1.8.0_152-release-1024-b02)
# Java VM: OpenJDK 64-Bit Server VM (25.152-b02 mixed mode windows-amd64 compressed oops)
Heap:
 PSYoungGen      total 192000K, used 161633K [0x00000000e0000000, 0x00000000ef100000, 0x0000000100000000)
  eden space 163328K, 91% used [0x00000000e0000000,0x00000000e9217608,0x00000000e9f80000)
  from space 28672K, 41% used [0x00000000e9f80000,0x00000000eab40f38,0x00000000ebb80000)
  to   space 27136K, 0% used [0x00000000ed680000,0x00000000ed680000,0x00000000ef100000)
 ParOldGen       total 96768K, used 49927K [0x00000000a0000000, 0x00000000a5e80000, 0x00000000e0000000)
  object space 96768K, 51% used [0x00000000a0000000,0x00000000a30c1c58,0x00000000a5e80000)
 Metaspace       used 56680K, capacity 57715K, committed 57984K, reserved 1099776K
  class space    used 6698K, capacity 6947K, committed 7040K, reserved 1048576K
GC Heap History (10 events):
Event: 13.222 GC heap before
{Heap before GC invocations=11 (full 3):
 PSYoungGen      total 126976K, used 9488K [0x00000000e0000000, 0x00000000e8d80000, 0x0000000100000000)
  eden space 112640K, 0% used [0x00000000e0000000,0x00000000e0000000,0x00000000e6e00000)
  from space 14336K, 66% used [0x00000000e7c80000,0x00000000e85c43b8,0x00000000e8a80000)
  to   space 14848K, 0% used [0x00000000e6e00000,0x00000000e6e00000,0x00000000e7c80000)
 ParOldGen       total 30720K, used 21893K [0x00000000a0000000, 0x00000000a1e00000, 0x00000000e0000000)
  object space 30720K, 71% used [0x00000000a0000000,0x00000000a1561400,0x00000000a1e00000)
 Metaspace       used 34780K, capacity 35244K, committed 35456K, reserved 1081344K
  class space    used 4334K, capacity 4462K, committed 4480K, reserved 1048576K
Event: 13.310 GC heap after
Heap after GC invocations=11 (full 3):
 PSYoungGen      total 126976K, used 0K [0x00000000e0000000, 0x00000000e8d80000, 0x0000000100000000)
  eden space 112640K, 0% used [0x00000000e0000000,0x00000000e0000000,0x00000000e6e00000)
  from space 14336K, 0% used [0x00000000e7c80000,0x00000000e7c80000,0x00000000e8a80000)
  to   space 14848K, 0% used [0x00000000e6e00000,0x00000000e6e00000,0x00000000e7c80000)
 ParOldGen       total 50688K, used 15986K [0x00000000a0000000, 0x00000000a3180000, 0x00000000e0000000)
  object space 50688K, 31% used [0x00000000a0000000,0x00000000a0f9cbc8,0x00000000a3180000)
 Metaspace       used 34780K, capacity 35244K, committed 35456K, reserved 1081344K
  class space    used 4334K, capacity 4462K, committed 4480K, reserved 1048576K
}
Event: 15.483 GC heap before
{Heap before GC invocations=12 (full 3):
 PSYoungGen      total 126976K, used 112640K [0x00000000e0000000, 0x00000000e8d80000, 0x0000000100000000)
  eden space 112640K, 100% used [0x00000000e0000000,0x00000000e6e00000,0x00000000e6e00000)
  from space 14336K, 0% used [0x00000000e7c80000,0x00000000e7c80000,0x00000000e8a80000)
  to   space 14848K, 0% used [0x00000000e6e00000,0x00000000e6e00000,0x00000000e7c80000)
 ParOldGen       total 50688K, used 15986K [0x00000000a0000000, 0x00000000a3180000, 0x00000000e0000000)
  object space 50688K, 31% used [0x00000000a0000000,0x00000000a0f9cbc8,0x00000000a3180000)
 Metaspace       used 40354K, capacity 40983K, committed 41472K, reserved 1085440K
  class space    used 4873K, capacity 5015K, committed 5120K, reserved 1048576K
Event: 15.522 GC heap after
Heap after GC invocations=12 (full 3):
 PSYoungGen      total 127488K, used 14825K [0x00000000e0000000, 0x00000000ed780000, 0x0000000100000000)
  eden space 112640K, 0% used [0x00000000e0000000,0x00000000e0000000,0x00000000e6e00000)
  from space 14848K, 99% used [0x00000000e6e00000,0x00000000e7c7a5a0,0x00000000e7c80000)
  to   space 20992K, 0% used [0x00000000ec300000,0x00000000ec300000,0x00000000ed780000)
 ParOldGen       total 50688K, used 25717K [0x00000000a0000000, 0x00000000a3180000, 0x00000000e0000000)
  object space 50688K, 50% used [0x00000000a0000000,0x00000000a191d6a8,0x00000000a3180000)
 Metaspace       used 40354K, capacity 40983K, committed 41472K, reserved 1085440K
  class space    used 4873K, capacity 5015K, committed 5120K, reserved 1048576K
}
Event: 17.874 GC heap before
{Heap before GC invocations=13 (full 3):
 PSYoungGen      total 127488K, used 127465K [0x00000000e0000000, 0x00000000ed780000, 0x0000000100000000)
  eden space 112640K, 100% used [0x00000000e0000000,0x00000000e6e00000,0x00000000e6e00000)
  from space 14848K, 99% used [0x00000000e6e00000,0x00000000e7c7a5a0,0x00000000e7c80000)
  to   space 20992K, 0% used [0x00000000ec300000,0x00000000ec300000,0x00000000ed780000)
 ParOldGen       total 50688K, used 25717K [0x00000000a0000000, 0x00000000a3180000, 0x00000000e0000000)
  object space 50688K, 50% used [0x00000000a0000000,0x00000000a191d6a8,0x00000000a3180000)
 Metaspace       used 47207K, capacity 48071K, committed 48256K, reserved 1091584K
  class space    used 5720K, capacity 5923K, committed 6016K, reserved 1048576K
Event: 17.924 GC heap after
Heap after GC invocations=13 (full 3):
 PSYoungGen      total 172032K, used 20991K [0x00000000e0000000, 0x00000000ed780000, 0x0000000100000000)
  eden space 151040K, 0% used [0x00000000e0000000,0x00000000e0000000,0x00000000e9380000)
  from space 20992K, 99% used [0x00000000ec300000,0x00000000ed77fd30,0x00000000ed780000)
  to   space 28672K, 0% used [0x00000000e9f80000,0x00000000e9f80000,0x00000000ebb80000)
 ParOldGen       total 50688K, used 37794K [0x00000000a0000000, 0x00000000a3180000, 0x00000000e0000000)
  object space 50688K, 74% used [0x00000000a0000000,0x00000000a24e89b0,0x00000000a3180000)
 Metaspace       used 47207K, capacity 48071K, committed 48256K, reserved 1091584K
  class space    used 5720K, capacity 5923K, committed 6016K, reserved 1048576K
}
Event: 17.924 GC heap before
{Heap before GC invocations=14 (full 4):
 PSYoungGen      total 172032K, used 20991K [0x00000000e0000000, 0x00000000ed780000, 0x0000000100000000)
  eden space 151040K, 0% used [0x00000000e0000000,0x00000000e0000000,0x00000000e9380000)
  from space 20992K, 99% used [0x00000000ec300000,0x00000000ed77fd30,0x00000000ed780000)
  to   space 28672K, 0% used [0x00000000e9f80000,0x00000000e9f80000,0x00000000ebb80000)
 ParOldGen       total 50688K, used 37794K [0x00000000a0000000, 0x00000000a3180000, 0x00000000e0000000)
  object space 50688K, 74% used [0x00000000a0000000,0x00000000a24e89b0,0x00000000a3180000)
 Metaspace       used 47207K, capacity 48071K, committed 48256K, reserved 1091584K
  class space    used 5720K, capacity 5923K, committed 6016K, reserved 1048576K
Event: 18.107 GC heap after
Heap after GC invocations=14 (full 4):
 PSYoungGen      total 172032K, used 0K [0x00000000e0000000, 0x00000000ed780000, 0x0000000100000000)
  eden space 151040K, 0% used [0x00000000e0000000,0x00000000e0000000,0x00000000e9380000)
  from space 20992K, 0% used [0x00000000ec300000,0x00000000ec300000,0x00000000ed780000)
  to   space 28672K, 0% used [0x00000000e9f80000,0x00000000e9f80000,0x00000000ebb80000)
 ParOldGen       total 96768K, used 49919K [0x00000000a0000000, 0x00000000a5e80000, 0x00000000e0000000)
  object space 96768K, 51% used [0x00000000a0000000,0x00000000a30bfc58,0x00000000a5e80000)
 Metaspace       used 47207K, capacity 48071K, committed 48256K, reserved 1091584K
  class space    used 5720K, capacity 5923K, committed 6016K, reserved 1048576K
}
Event: 21.200 GC heap before
{Heap before GC invocations=15 (full 4):
 PSYoungGen      total 172032K, used 151040K [0x00000000e0000000, 0x00000000ed780000, 0x0000000100000000)
  eden space 151040K, 100% used [0x00000000e0000000,0x00000000e9380000,0x00000000e9380000)
  from space 20992K, 0% used [0x00000000ec300000,0x00000000ec300000,0x00000000ed780000)
  to   space 28672K, 0% used [0x00000000e9f80000,0x00000000e9f80000,0x00000000ebb80000)
 ParOldGen       total 96768K, used 49919K [0x00000000a0000000, 0x00000000a5e80000, 0x00000000e0000000)
  object space 96768K, 51% used [0x00000000a0000000,0x00000000a30bfc58,0x00000000a5e80000)
 Metaspace       used 49414K, capacity 50311K, committed 50432K, reserved 1093632K
  class space    used 5878K, capacity 6101K, committed 6144K, reserved 1048576K
Event: 21.226 GC heap after
Heap after GC invocations=15 (full 4):
 PSYoungGen      total 192000K, used 12035K [0x00000000e0000000, 0x00000000ef100000, 0x0000000100000000)
  eden space 163328K, 0% used [0x00000000e0000000,0x00000000e0000000,0x00000000e9f80000)
  from space 28672K, 41% used [0x00000000e9f80000,0x00000000eab40f38,0x00000000ebb80000)
  to   space 27136K, 0% used [0x00000000ed680000,0x00000000ed680000,0x00000000ef100000)
 ParOldGen       total 96768K, used 49927K [0x00000000a0000000, 0x00000000a5e80000, 0x00000000e0000000)
  object space 96768K, 51% used [0x00000000a0000000,0x00000000a30c1c58,0x00000000a5e80000)
 Metaspace       used 49414K, capacity 50311K, committed 50432K, reserved 1093632K
  class space    used 5878K, capacity 6101K, committed 6144K, reserved 1048576K
}

