# JRE version: OpenJDK Runtime Environment (8.0_152-b02) (build 1.8.0_152-release-1024-b02)
# Java VM: OpenJDK 64-Bit Server VM (25.152-b02 mixed mode windows-amd64 compressed oops)
Heap:
 PSYoungGen      total 89088K, used 33573K [0x00000000eb200000, 0x00000000f3380000, 0x0000000100000000)
  eden space 69120K, 19% used [0x00000000eb200000,0x00000000ebf4e2b8,0x00000000ef580000)
  from space 19968K, 99% used [0x00000000ef580000,0x00000000f08fb268,0x00000000f0900000)
  to   space 24064K, 0% used [0x00000000f1c00000,0x00000000f1c00000,0x00000000f3380000)
 ParOldGen       total 43520K, used 30065K [0x00000000c1600000, 0x00000000c4080000, 0x00000000eb200000)
  object space 43520K, 69% used [0x00000000c1600000,0x00000000c335c798,0x00000000c4080000)
 Metaspace       used 44718K, capacity 45525K, committed 45784K, reserved 1089536K
  class space    used 5345K, capacity 5518K, committed 5632K, reserved 1048576K
GC Heap History (10 events):
Event: 4.201 GC heap before
{Heap before GC invocations=9 (full 1):
 PSYoungGen      total 72704K, used 49120K [0x00000000eb200000, 0x00000000f0a80000, 0x0000000100000000)
  eden space 61952K, 61% used [0x00000000eb200000,0x00000000ed77a138,0x00000000eee80000)
  from space 10752K, 99% used [0x00000000eef00000,0x00000000ef97e0a8,0x00000000ef980000)
  to   space 14336K, 0% used [0x00000000efc80000,0x00000000efc80000,0x00000000f0a80000)
 ParOldGen       total 43520K, used 14230K [0x00000000c1600000, 0x00000000c4080000, 0x00000000eb200000)
  object space 43520K, 32% used [0x00000000c1600000,0x00000000c23e5898,0x00000000c4080000)
 Metaspace       used 34693K, capacity 35164K, committed 35416K, reserved 1081344K
  class space    used 4293K, capacity 4424K, committed 4480K, reserved 1048576K
Event: 4.226 GC heap after
Heap after GC invocations=9 (full 1):
 PSYoungGen      total 72192K, used 14318K [0x00000000eb200000, 0x00000000f2d80000, 0x0000000100000000)
  eden space 57856K, 0% used [0x00000000eb200000,0x00000000eb200000,0x00000000eea80000)
  from space 14336K, 99% used [0x00000000efc80000,0x00000000f0a7bbd0,0x00000000f0a80000)
  to   space 18432K, 0% used [0x00000000eea80000,0x00000000eea80000,0x00000000efc80000)
 ParOldGen       total 43520K, used 18681K [0x00000000c1600000, 0x00000000c4080000, 0x00000000eb200000)
  object space 43520K, 42% used [0x00000000c1600000,0x00000000c283e6f0,0x00000000c4080000)
 Metaspace       used 34693K, capacity 35164K, committed 35416K, reserved 1081344K
  class space    used 4293K, capacity 4424K, committed 4480K, reserved 1048576K
}
Event: 4.226 GC heap before
{Heap before GC invocations=10 (full 2):
 PSYoungGen      total 72192K, used 14318K [0x00000000eb200000, 0x00000000f2d80000, 0x0000000100000000)
  eden space 57856K, 0% used [0x00000000eb200000,0x00000000eb200000,0x00000000eea80000)
  from space 14336K, 99% used [0x00000000efc80000,0x00000000f0a7bbd0,0x00000000f0a80000)
  to   space 18432K, 0% used [0x00000000eea80000,0x00000000eea80000,0x00000000efc80000)
 ParOldGen       total 43520K, used 18681K [0x00000000c1600000, 0x00000000c4080000, 0x00000000eb200000)
  object space 43520K, 42% used [0x00000000c1600000,0x00000000c283e6f0,0x00000000c4080000)
 Metaspace       used 34693K, capacity 35164K, committed 35416K, reserved 1081344K
  class space    used 4293K, capacity 4424K, committed 4480K, reserved 1048576K
Event: 4.345 GC heap after
Heap after GC invocations=10 (full 2):
 PSYoungGen      total 72192K, used 0K [0x00000000eb200000, 0x00000000f2d80000, 0x0000000100000000)
  eden space 57856K, 0% used [0x00000000eb200000,0x00000000eb200000,0x00000000eea80000)
  from space 14336K, 0% used [0x00000000efc80000,0x00000000efc80000,0x00000000f0a80000)
  to   space 18432K, 0% used [0x00000000eea80000,0x00000000eea80000,0x00000000efc80000)
 ParOldGen       total 43520K, used 26182K [0x00000000c1600000, 0x00000000c4080000, 0x00000000eb200000)
  object space 43520K, 60% used [0x00000000c1600000,0x00000000c2f918b0,0x00000000c4080000)
 Metaspace       used 34693K, capacity 35164K, committed 35416K, reserved 1081344K
  class space    used 4293K, capacity 4424K, committed 4480K, reserved 1048576K
}
Event: 5.231 GC heap before
{Heap before GC invocations=11 (full 2):
 PSYoungGen      total 72192K, used 57856K [0x00000000eb200000, 0x00000000f2d80000, 0x0000000100000000)
  eden space 57856K, 100% used [0x00000000eb200000,0x00000000eea80000,0x00000000eea80000)
  from space 14336K, 0% used [0x00000000efc80000,0x00000000efc80000,0x00000000f0a80000)
  to   space 18432K, 0% used [0x00000000eea80000,0x00000000eea80000,0x00000000efc80000)
 ParOldGen       total 43520K, used 26182K [0x00000000c1600000, 0x00000000c4080000, 0x00000000eb200000)
  object space 43520K, 60% used [0x00000000c1600000,0x00000000c2f918b0,0x00000000c4080000)
 Metaspace       used 36445K, capacity 36981K, committed 37336K, reserved 1081344K
  class space    used 4385K, capacity 4538K, committed 4608K, reserved 1048576K
Event: 5.250 GC heap after
Heap after GC invocations=11 (full 2):
 PSYoungGen      total 76288K, used 9884K [0x00000000eb200000, 0x00000000f1a80000, 0x0000000100000000)
  eden space 57856K, 0% used [0x00000000eb200000,0x00000000eb200000,0x00000000eea80000)
  from space 18432K, 53% used [0x00000000eea80000,0x00000000ef4273d0,0x00000000efc80000)
  to   space 17920K, 0% used [0x00000000f0900000,0x00000000f0900000,0x00000000f1a80000)
 ParOldGen       total 43520K, used 26190K [0x00000000c1600000, 0x00000000c4080000, 0x00000000eb200000)
  object space 43520K, 60% used [0x00000000c1600000,0x00000000c2f938b0,0x00000000c4080000)
 Metaspace       used 36445K, capacity 36981K, committed 37336K, reserved 1081344K
  class space    used 4385K, capacity 4538K, committed 4608K, reserved 1048576K
}
Event: 6.082 GC heap before
{Heap before GC invocations=12 (full 2):
 PSYoungGen      total 76288K, used 67740K [0x00000000eb200000, 0x00000000f1a80000, 0x0000000100000000)
  eden space 57856K, 100% used [0x00000000eb200000,0x00000000eea80000,0x00000000eea80000)
  from space 18432K, 53% used [0x00000000eea80000,0x00000000ef4273d0,0x00000000efc80000)
  to   space 17920K, 0% used [0x00000000f0900000,0x00000000f0900000,0x00000000f1a80000)
 ParOldGen       total 43520K, used 26190K [0x00000000c1600000, 0x00000000c4080000, 0x00000000eb200000)
  object space 43520K, 60% used [0x00000000c1600000,0x00000000c2f938b0,0x00000000c4080000)
 Metaspace       used 39606K, capacity 40271K, committed 40664K, reserved 1085440K
  class space    used 4859K, capacity 5019K, committed 5120K, reserved 1048576K
Event: 6.110 GC heap after
Heap after GC invocations=12 (full 2):
 PSYoungGen      total 87040K, used 17470K [0x00000000eb200000, 0x00000000f1f00000, 0x0000000100000000)
  eden space 69120K, 0% used [0x00000000eb200000,0x00000000eb200000,0x00000000ef580000)
  from space 17920K, 97% used [0x00000000f0900000,0x00000000f1a0f9f0,0x00000000f1a80000)
  to   space 19968K, 0% used [0x00000000ef580000,0x00000000ef580000,0x00000000f0900000)
 ParOldGen       total 43520K, used 26198K [0x00000000c1600000, 0x00000000c4080000, 0x00000000eb200000)
  object space 43520K, 60% used [0x00000000c1600000,0x00000000c2f958b0,0x00000000c4080000)
 Metaspace       used 39606K, capacity 40271K, committed 40664K, reserved 1085440K
  class space    used 4859K, capacity 5019K, committed 5120K, reserved 1048576K
}
Event: 8.028 GC heap before
{Heap before GC invocations=13 (full 2):
 PSYoungGen      total 87040K, used 86590K [0x00000000eb200000, 0x00000000f1f00000, 0x0000000100000000)
  eden space 69120K, 100% used [0x00000000eb200000,0x00000000ef580000,0x00000000ef580000)
  from space 17920K, 97% used [0x00000000f0900000,0x00000000f1a0f9f0,0x00000000f1a80000)
  to   space 19968K, 0% used [0x00000000ef580000,0x00000000ef580000,0x00000000f0900000)
 ParOldGen       total 43520K, used 26198K [0x00000000c1600000, 0x00000000c4080000, 0x00000000eb200000)
  object space 43520K, 60% used [0x00000000c1600000,0x00000000c2f958b0,0x00000000c4080000)
 Metaspace       used 44403K, capacity 45231K, committed 45400K, reserved 1089536K
  class space    used 5315K, capacity 5485K, committed 5504K, reserved 1048576K
Event: 8.052 GC heap after
Heap after GC invocations=13 (full 2):
 PSYoungGen      total 89088K, used 19948K [0x00000000eb200000, 0x00000000f3380000, 0x0000000100000000)
  eden space 69120K, 0% used [0x00000000eb200000,0x00000000eb200000,0x00000000ef580000)
  from space 19968K, 99% used [0x00000000ef580000,0x00000000f08fb268,0x00000000f0900000)
  to   space 24064K, 0% used [0x00000000f1c00000,0x00000000f1c00000,0x00000000f3380000)
 ParOldGen       total 43520K, used 30065K [0x00000000c1600000, 0x00000000c4080000, 0x00000000eb200000)
  object space 43520K, 69% used [0x00000000c1600000,0x00000000c335c798,0x00000000c4080000)
 Metaspace       used 44403K, capacity 45231K, committed 45400K, reserved 1089536K
  class space    used 5315K, capacity 5485K, committed 5504K, reserved 1048576K
}

