# JRE version: OpenJDK Runtime Environment (8.0_152-b02) (build 1.8.0_152-release-1024-b02)
# Java VM: OpenJDK 64-Bit Server VM (25.152-b02 mixed mode windows-amd64 compressed oops)
Heap:
 PSYoungGen      total 115712K, used 64872K [0x00000000e0000000, 0x00000000ed580000, 0x0000000100000000)
  eden space 101376K, 49% used [0x00000000e0000000,0x00000000e315db70,0x00000000e6300000)
  from space 14336K, 99% used [0x00000000e6300000,0x00000000e70fc5b0,0x00000000e7100000)
  to   space 19456K, 0% used [0x00000000ec280000,0x00000000ec280000,0x00000000ed580000)
 ParOldGen       total 47616K, used 22420K [0x00000000a0000000, 0x00000000a2e80000, 0x00000000e0000000)
  object space 47616K, 47% used [0x00000000a0000000,0x00000000a15e5200,0x00000000a2e80000)
 Metaspace       used 44340K, capacity 45073K, committed 45352K, reserved 1089536K
  class space    used 5477K, capacity 5660K, committed 5680K, reserved 1048576K
GC Heap History (10 events):
Event: 5.382 GC heap before
{Heap before GC invocations=8 (full 2):
 PSYoungGen      total 35328K, used 32768K [0x00000000e0000000, 0x00000000e4500000, 0x0000000100000000)
  eden space 32768K, 100% used [0x00000000e0000000,0x00000000e2000000,0x00000000e2000000)
  from space 2560K, 0% used [0x00000000e2000000,0x00000000e2000000,0x00000000e2280000)
  to   space 2560K, 0% used [0x00000000e4280000,0x00000000e4280000,0x00000000e4500000)
 ParOldGen       total 32768K, used 7671K [0x00000000a0000000, 0x00000000a2000000, 0x00000000e0000000)
  object space 32768K, 23% used [0x00000000a0000000,0x00000000a077dca0,0x00000000a2000000)
 Metaspace       used 25410K, capacity 25874K, committed 26160K, reserved 1073152K
  class space    used 3215K, capacity 3343K, committed 3376K, reserved 1048576K
Event: 5.392 GC heap after
Heap after GC invocations=8 (full 2):
 PSYoungGen      total 60416K, used 2557K [0x00000000e0000000, 0x00000000e4880000, 0x0000000100000000)
  eden space 57856K, 0% used [0x00000000e0000000,0x00000000e0000000,0x00000000e3880000)
  from space 2560K, 99% used [0x00000000e4280000,0x00000000e44ff508,0x00000000e4500000)
  to   space 8192K, 0% used [0x00000000e3880000,0x00000000e3880000,0x00000000e4080000)
 ParOldGen       total 32768K, used 11926K [0x00000000a0000000, 0x00000000a2000000, 0x00000000e0000000)
  object space 32768K, 36% used [0x00000000a0000000,0x00000000a0ba5830,0x00000000a2000000)
 Metaspace       used 25410K, capacity 25874K, committed 26160K, reserved 1073152K
  class space    used 3215K, capacity 3343K, committed 3376K, reserved 1048576K
}
Event: 6.573 GC heap before
{Heap before GC invocations=9 (full 2):
 PSYoungGen      total 60416K, used 60413K [0x00000000e0000000, 0x00000000e4880000, 0x0000000100000000)
  eden space 57856K, 100% used [0x00000000e0000000,0x00000000e3880000,0x00000000e3880000)
  from space 2560K, 99% used [0x00000000e4280000,0x00000000e44ff508,0x00000000e4500000)
  to   space 8192K, 0% used [0x00000000e3880000,0x00000000e3880000,0x00000000e4080000)
 ParOldGen       total 32768K, used 11926K [0x00000000a0000000, 0x00000000a2000000, 0x00000000e0000000)
  object space 32768K, 36% used [0x00000000a0000000,0x00000000a0ba5830,0x00000000a2000000)
 Metaspace       used 34429K, capacity 34988K, committed 35248K, reserved 1079296K
  class space    used 4307K, capacity 4460K, committed 4528K, reserved 1048576K
Event: 6.592 GC heap after
Heap after GC invocations=9 (full 2):
 PSYoungGen      total 66048K, used 8177K [0x00000000e0000000, 0x00000000e7f00000, 0x0000000100000000)
  eden space 57856K, 0% used [0x00000000e0000000,0x00000000e0000000,0x00000000e3880000)
  from space 8192K, 99% used [0x00000000e3880000,0x00000000e407c518,0x00000000e4080000)
  to   space 14336K, 0% used [0x00000000e7100000,0x00000000e7100000,0x00000000e7f00000)
 ParOldGen       total 32768K, used 21721K [0x00000000a0000000, 0x00000000a2000000, 0x00000000e0000000)
  object space 32768K, 66% used [0x00000000a0000000,0x00000000a1536400,0x00000000a2000000)
 Metaspace       used 34429K, capacity 34988K, committed 35248K, reserved 1079296K
  class space    used 4307K, capacity 4460K, committed 4528K, reserved 1048576K
}
Event: 6.617 GC heap before
{Heap before GC invocations=10 (full 2):
 PSYoungGen      total 66048K, used 10315K [0x00000000e0000000, 0x00000000e7f00000, 0x0000000100000000)
  eden space 57856K, 3% used [0x00000000e0000000,0x00000000e02167e8,0x00000000e3880000)
  from space 8192K, 99% used [0x00000000e3880000,0x00000000e407c518,0x00000000e4080000)
  to   space 14336K, 0% used [0x00000000e7100000,0x00000000e7100000,0x00000000e7f00000)
 ParOldGen       total 32768K, used 21721K [0x00000000a0000000, 0x00000000a2000000, 0x00000000e0000000)
  object space 32768K, 66% used [0x00000000a0000000,0x00000000a1536400,0x00000000a2000000)
 Metaspace       used 34687K, capacity 35220K, committed 35496K, reserved 1081344K
  class space    used 4336K, capacity 4494K, committed 4528K, reserved 1048576K
Event: 6.630 GC heap after
Heap after GC invocations=10 (full 2):
 PSYoungGen      total 115712K, used 8460K [0x00000000e0000000, 0x00000000e8980000, 0x0000000100000000)
  eden space 101376K, 0% used [0x00000000e0000000,0x00000000e0000000,0x00000000e6300000)
  from space 14336K, 59% used [0x00000000e7100000,0x00000000e7943228,0x00000000e7f00000)
  to   space 14336K, 0% used [0x00000000e6300000,0x00000000e6300000,0x00000000e7100000)
 ParOldGen       total 32768K, used 21729K [0x00000000a0000000, 0x00000000a2000000, 0x00000000e0000000)
  object space 32768K, 66% used [0x00000000a0000000,0x00000000a1538400,0x00000000a2000000)
 Metaspace       used 34687K, capacity 35220K, committed 35496K, reserved 1081344K
  class space    used 4336K, capacity 4494K, committed 4528K, reserved 1048576K
}
Event: 6.630 GC heap before
{Heap before GC invocations=11 (full 3):
 PSYoungGen      total 115712K, used 8460K [0x00000000e0000000, 0x00000000e8980000, 0x0000000100000000)
  eden space 101376K, 0% used [0x00000000e0000000,0x00000000e0000000,0x00000000e6300000)
  from space 14336K, 59% used [0x00000000e7100000,0x00000000e7943228,0x00000000e7f00000)
  to   space 14336K, 0% used [0x00000000e6300000,0x00000000e6300000,0x00000000e7100000)
 ParOldGen       total 32768K, used 21729K [0x00000000a0000000, 0x00000000a2000000, 0x00000000e0000000)
  object space 32768K, 66% used [0x00000000a0000000,0x00000000a1538400,0x00000000a2000000)
 Metaspace       used 34687K, capacity 35220K, committed 35496K, reserved 1081344K
  class space    used 4336K, capacity 4494K, committed 4528K, reserved 1048576K
Event: 6.709 GC heap after
Heap after GC invocations=11 (full 3):
 PSYoungGen      total 115712K, used 0K [0x00000000e0000000, 0x00000000e8980000, 0x0000000100000000)
  eden space 101376K, 0% used [0x00000000e0000000,0x00000000e0000000,0x00000000e6300000)
  from space 14336K, 0% used [0x00000000e7100000,0x00000000e7100000,0x00000000e7f00000)
  to   space 14336K, 0% used [0x00000000e6300000,0x00000000e6300000,0x00000000e7100000)
 ParOldGen       total 47616K, used 14045K [0x00000000a0000000, 0x00000000a2e80000, 0x00000000e0000000)
  object space 47616K, 29% used [0x00000000a0000000,0x00000000a0db7658,0x00000000a2e80000)
 Metaspace       used 34687K, capacity 35220K, committed 35496K, reserved 1081344K
  class space    used 4336K, capacity 4494K, committed 4528K, reserved 1048576K
}
Event: 8.149 GC heap before
{Heap before GC invocations=12 (full 3):
 PSYoungGen      total 115712K, used 101376K [0x00000000e0000000, 0x00000000e8980000, 0x0000000100000000)
  eden space 101376K, 100% used [0x00000000e0000000,0x00000000e6300000,0x00000000e6300000)
  from space 14336K, 0% used [0x00000000e7100000,0x00000000e7100000,0x00000000e7f00000)
  to   space 14336K, 0% used [0x00000000e6300000,0x00000000e6300000,0x00000000e7100000)
 ParOldGen       total 47616K, used 14045K [0x00000000a0000000, 0x00000000a2e80000, 0x00000000e0000000)
  object space 47616K, 29% used [0x00000000a0000000,0x00000000a0db7658,0x00000000a2e80000)
 Metaspace       used 40348K, capacity 40933K, committed 41256K, reserved 1085440K
  class space    used 4911K, capacity 5074K, committed 5168K, reserved 1048576K
Event: 8.172 GC heap after
Heap after GC invocations=12 (full 3):
 PSYoungGen      total 115712K, used 14321K [0x00000000e0000000, 0x00000000ed580000, 0x0000000100000000)
  eden space 101376K, 0% used [0x00000000e0000000,0x00000000e0000000,0x00000000e6300000)
  from space 14336K, 99% used [0x00000000e6300000,0x00000000e70fc5b0,0x00000000e7100000)
  to   space 19456K, 0% used [0x00000000ec280000,0x00000000ec280000,0x00000000ed580000)
 ParOldGen       total 47616K, used 22420K [0x00000000a0000000, 0x00000000a2e80000, 0x00000000e0000000)
  object space 47616K, 47% used [0x00000000a0000000,0x00000000a15e5200,0x00000000a2e80000)
 Metaspace       used 40348K, capacity 40933K, committed 41256K, reserved 1085440K
  class space    used 4911K, capacity 5074K, committed 5168K, reserved 1048576K
}

