# JRE version: OpenJDK Runtime Environment (8.0_152-b02) (build 1.8.0_152-release-1024-b02)
# Java VM: OpenJDK 64-Bit Server VM (25.152-b02 mixed mode windows-amd64 compressed oops)
Heap:
 PSYoungGen      total 103424K, used 73877K [0x00000000e0000000, 0x00000000eaf80000, 0x0000000100000000)
  eden space 89088K, 66% used [0x00000000e0000000,0x00000000e3a2d060,0x00000000e5700000)
  from space 14336K, 99% used [0x00000000e5700000,0x00000000e64f85c0,0x00000000e6500000)
  to   space 19456K, 0% used [0x00000000e9c80000,0x00000000e9c80000,0x00000000eaf80000)
 ParOldGen       total 54272K, used 21850K [0x00000000a0000000, 0x00000000a3500000, 0x00000000e0000000)
  object space 54272K, 40% used [0x00000000a0000000,0x00000000a1556818,0x00000000a3500000)
 Metaspace       used 44071K, capacity 44855K, committed 45096K, reserved 1089536K
  class space    used 5443K, capacity 5629K, committed 5672K, reserved 1048576K
GC Heap History (10 events):
Event: 3.705 GC heap before
{Heap before GC invocations=8 (full 2):
 PSYoungGen      total 35328K, used 32768K [0x00000000e0000000, 0x00000000e4500000, 0x0000000100000000)
  eden space 32768K, 100% used [0x00000000e0000000,0x00000000e2000000,0x00000000e2000000)
  from space 2560K, 0% used [0x00000000e2000000,0x00000000e2000000,0x00000000e2280000)
  to   space 2560K, 0% used [0x00000000e4280000,0x00000000e4280000,0x00000000e4500000)
 ParOldGen       total 34816K, used 8193K [0x00000000a0000000, 0x00000000a2200000, 0x00000000e0000000)
  object space 34816K, 23% used [0x00000000a0000000,0x00000000a08006c8,0x00000000a2200000)
 Metaspace       used 25440K, capacity 25880K, committed 26240K, reserved 1073152K
  class space    used 3217K, capacity 3344K, committed 3456K, reserved 1048576K
Event: 3.715 GC heap after
Heap after GC invocations=8 (full 2):
 PSYoungGen      total 56832K, used 2545K [0x00000000e0000000, 0x00000000e4500000, 0x0000000100000000)
  eden space 54272K, 0% used [0x00000000e0000000,0x00000000e0000000,0x00000000e3500000)
  from space 2560K, 99% used [0x00000000e4280000,0x00000000e44fc518,0x00000000e4500000)
  to   space 8192K, 0% used [0x00000000e3500000,0x00000000e3500000,0x00000000e3d00000)
 ParOldGen       total 34816K, used 12535K [0x00000000a0000000, 0x00000000a2200000, 0x00000000e0000000)
  object space 34816K, 36% used [0x00000000a0000000,0x00000000a0c3dfe8,0x00000000a2200000)
 Metaspace       used 25440K, capacity 25880K, committed 26240K, reserved 1073152K
  class space    used 3217K, capacity 3344K, committed 3456K, reserved 1048576K
}
Event: 4.882 GC heap before
{Heap before GC invocations=9 (full 2):
 PSYoungGen      total 56832K, used 56817K [0x00000000e0000000, 0x00000000e4500000, 0x0000000100000000)
  eden space 54272K, 100% used [0x00000000e0000000,0x00000000e3500000,0x00000000e3500000)
  from space 2560K, 99% used [0x00000000e4280000,0x00000000e44fc518,0x00000000e4500000)
  to   space 8192K, 0% used [0x00000000e3500000,0x00000000e3500000,0x00000000e3d00000)
 ParOldGen       total 34816K, used 12535K [0x00000000a0000000, 0x00000000a2200000, 0x00000000e0000000)
  object space 34816K, 36% used [0x00000000a0000000,0x00000000a0c3dfe8,0x00000000a2200000)
 Metaspace       used 33769K, capacity 34260K, committed 34688K, reserved 1079296K
  class space    used 4222K, capacity 4378K, committed 4480K, reserved 1048576K
Event: 4.904 GC heap after
Heap after GC invocations=9 (full 2):
 PSYoungGen      total 62464K, used 8185K [0x00000000e0000000, 0x00000000e7280000, 0x0000000100000000)
  eden space 54272K, 0% used [0x00000000e0000000,0x00000000e0000000,0x00000000e3500000)
  from space 8192K, 99% used [0x00000000e3500000,0x00000000e3cfe660,0x00000000e3d00000)
  to   space 13824K, 0% used [0x00000000e6500000,0x00000000e6500000,0x00000000e7280000)
 ParOldGen       total 34816K, used 21471K [0x00000000a0000000, 0x00000000a2200000, 0x00000000e0000000)
  object space 34816K, 61% used [0x00000000a0000000,0x00000000a14f7c70,0x00000000a2200000)
 Metaspace       used 33769K, capacity 34260K, committed 34688K, reserved 1079296K
  class space    used 4222K, capacity 4378K, committed 4480K, reserved 1048576K
}
Event: 4.995 GC heap before
{Heap before GC invocations=10 (full 2):
 PSYoungGen      total 62464K, used 13199K [0x00000000e0000000, 0x00000000e7280000, 0x0000000100000000)
  eden space 54272K, 9% used [0x00000000e0000000,0x00000000e04e58c0,0x00000000e3500000)
  from space 8192K, 99% used [0x00000000e3500000,0x00000000e3cfe660,0x00000000e3d00000)
  to   space 13824K, 0% used [0x00000000e6500000,0x00000000e6500000,0x00000000e7280000)
 ParOldGen       total 34816K, used 21471K [0x00000000a0000000, 0x00000000a2200000, 0x00000000e0000000)
  object space 34816K, 61% used [0x00000000a0000000,0x00000000a14f7c70,0x00000000a2200000)
 Metaspace       used 34780K, capacity 35296K, committed 35496K, reserved 1081344K
  class space    used 4353K, capacity 4496K, committed 4520K, reserved 1048576K
Event: 5.005 GC heap after
Heap after GC invocations=10 (full 2):
 PSYoungGen      total 102912K, used 9432K [0x00000000e0000000, 0x00000000e7a80000, 0x0000000100000000)
  eden space 89088K, 0% used [0x00000000e0000000,0x00000000e0000000,0x00000000e5700000)
  from space 13824K, 68% used [0x00000000e6500000,0x00000000e6e36218,0x00000000e7280000)
  to   space 14336K, 0% used [0x00000000e5700000,0x00000000e5700000,0x00000000e6500000)
 ParOldGen       total 34816K, used 21479K [0x00000000a0000000, 0x00000000a2200000, 0x00000000e0000000)
  object space 34816K, 61% used [0x00000000a0000000,0x00000000a14f9c70,0x00000000a2200000)
 Metaspace       used 34780K, capacity 35296K, committed 35496K, reserved 1081344K
  class space    used 4353K, capacity 4496K, committed 4520K, reserved 1048576K
}
Event: 5.005 GC heap before
{Heap before GC invocations=11 (full 3):
 PSYoungGen      total 102912K, used 9432K [0x00000000e0000000, 0x00000000e7a80000, 0x0000000100000000)
  eden space 89088K, 0% used [0x00000000e0000000,0x00000000e0000000,0x00000000e5700000)
  from space 13824K, 68% used [0x00000000e6500000,0x00000000e6e36218,0x00000000e7280000)
  to   space 14336K, 0% used [0x00000000e5700000,0x00000000e5700000,0x00000000e6500000)
 ParOldGen       total 34816K, used 21479K [0x00000000a0000000, 0x00000000a2200000, 0x00000000e0000000)
  object space 34816K, 61% used [0x00000000a0000000,0x00000000a14f9c70,0x00000000a2200000)
 Metaspace       used 34780K, capacity 35296K, committed 35496K, reserved 1081344K
  class space    used 4353K, capacity 4496K, committed 4520K, reserved 1048576K
Event: 5.081 GC heap after
Heap after GC invocations=11 (full 3):
 PSYoungGen      total 102912K, used 0K [0x00000000e0000000, 0x00000000e7a80000, 0x0000000100000000)
  eden space 89088K, 0% used [0x00000000e0000000,0x00000000e0000000,0x00000000e5700000)
  from space 13824K, 0% used [0x00000000e6500000,0x00000000e6500000,0x00000000e7280000)
  to   space 14336K, 0% used [0x00000000e5700000,0x00000000e5700000,0x00000000e6500000)
 ParOldGen       total 54272K, used 14817K [0x00000000a0000000, 0x00000000a3500000, 0x00000000e0000000)
  object space 54272K, 27% used [0x00000000a0000000,0x00000000a0e78730,0x00000000a3500000)
 Metaspace       used 34780K, capacity 35296K, committed 35496K, reserved 1081344K
  class space    used 4353K, capacity 4496K, committed 4520K, reserved 1048576K
}
Event: 6.432 GC heap before
{Heap before GC invocations=12 (full 3):
 PSYoungGen      total 102912K, used 89088K [0x00000000e0000000, 0x00000000e7a80000, 0x0000000100000000)
  eden space 89088K, 100% used [0x00000000e0000000,0x00000000e5700000,0x00000000e5700000)
  from space 13824K, 0% used [0x00000000e6500000,0x00000000e6500000,0x00000000e7280000)
  to   space 14336K, 0% used [0x00000000e5700000,0x00000000e5700000,0x00000000e6500000)
 ParOldGen       total 54272K, used 14817K [0x00000000a0000000, 0x00000000a3500000, 0x00000000e0000000)
  object space 54272K, 27% used [0x00000000a0000000,0x00000000a0e78730,0x00000000a3500000)
 Metaspace       used 40288K, capacity 40919K, committed 41256K, reserved 1085440K
  class space    used 4907K, capacity 5069K, committed 5160K, reserved 1048576K
Event: 6.457 GC heap after
Heap after GC invocations=12 (full 3):
 PSYoungGen      total 103424K, used 14305K [0x00000000e0000000, 0x00000000eaf80000, 0x0000000100000000)
  eden space 89088K, 0% used [0x00000000e0000000,0x00000000e0000000,0x00000000e5700000)
  from space 14336K, 99% used [0x00000000e5700000,0x00000000e64f85c0,0x00000000e6500000)
  to   space 19456K, 0% used [0x00000000e9c80000,0x00000000e9c80000,0x00000000eaf80000)
 ParOldGen       total 54272K, used 21850K [0x00000000a0000000, 0x00000000a3500000, 0x00000000e0000000)
  object space 54272K, 40% used [0x00000000a0000000,0x00000000a1556818,0x00000000a3500000)
 Metaspace       used 40288K, capacity 40919K, committed 41256K, reserved 1085440K
  class space    used 4907K, capacity 5069K, committed 5160K, reserved 1048576K
}

