# JRE version: OpenJDK Runtime Environment (8.0_152-b02) (build 1.8.0_152-release-1024-b02)
# Java VM: OpenJDK 64-Bit Server VM (25.152-b02 mixed mode windows-amd64 compressed oops)
Heap:
 PSYoungGen      total 62464K, used 29009K [0x00000000e0000000, 0x00000000e4c80000, 0x0000000100000000)
  eden space 59904K, 44% used [0x00000000e0000000,0x00000000e19d5010,0x00000000e3a80000)
  from space 2560K, 99% used [0x00000000e4280000,0x00000000e44ff508,0x00000000e4500000)
  to   space 8192K, 0% used [0x00000000e3a80000,0x00000000e3a80000,0x00000000e4280000)
 ParOldGen       total 30720K, used 11589K [0x00000000a0000000, 0x00000000a1e00000, 0x00000000e0000000)
  object space 30720K, 37% used [0x00000000a0000000,0x00000000a0b516b8,0x00000000a1e00000)
 Metaspace       used 28618K, capacity 29064K, committed 29440K, reserved 1075200K
  class space    used 3624K, capacity 3764K, committed 3840K, reserved 1048576K
GC Heap History (10 events):
Event: 9.979 GC heap before
{Heap before GC invocations=4 (full 1):
 PSYoungGen      total 18944K, used 18929K [0x00000000e0000000, 0x00000000e1500000, 0x0000000100000000)
  eden space 16384K, 100% used [0x00000000e0000000,0x00000000e1000000,0x00000000e1000000)
  from space 2560K, 99% used [0x00000000e1280000,0x00000000e14fc540,0x00000000e1500000)
  to   space 2560K, 0% used [0x00000000e1000000,0x00000000e1000000,0x00000000e1280000)
 ParOldGen       total 44032K, used 4026K [0x00000000a0000000, 0x00000000a2b00000, 0x00000000e0000000)
  object space 44032K, 9% used [0x00000000a0000000,0x00000000a03eeb88,0x00000000a2b00000)
 Metaspace       used 14222K, capacity 14458K, committed 14592K, reserved 1062912K
  class space    used 1652K, capacity 1727K, committed 1792K, reserved 1048576K
Event: 9.984 GC heap after
Heap after GC invocations=4 (full 1):
 PSYoungGen      total 18944K, used 2556K [0x00000000e0000000, 0x00000000e2500000, 0x0000000100000000)
  eden space 16384K, 0% used [0x00000000e0000000,0x00000000e0000000,0x00000000e1000000)
  from space 2560K, 99% used [0x00000000e1000000,0x00000000e127f3d0,0x00000000e1280000)
  to   space 2560K, 0% used [0x00000000e2280000,0x00000000e2280000,0x00000000e2500000)
 ParOldGen       total 44032K, used 6628K [0x00000000a0000000, 0x00000000a2b00000, 0x00000000e0000000)
  object space 44032K, 15% used [0x00000000a0000000,0x00000000a06793d8,0x00000000a2b00000)
 Metaspace       used 14222K, capacity 14458K, committed 14592K, reserved 1062912K
  class space    used 1652K, capacity 1727K, committed 1792K, reserved 1048576K
}
Event: 10.237 GC heap before
{Heap before GC invocations=5 (full 1):
 PSYoungGen      total 18944K, used 18940K [0x00000000e0000000, 0x00000000e2500000, 0x0000000100000000)
  eden space 16384K, 100% used [0x00000000e0000000,0x00000000e1000000,0x00000000e1000000)
  from space 2560K, 99% used [0x00000000e1000000,0x00000000e127f3d0,0x00000000e1280000)
  to   space 2560K, 0% used [0x00000000e2280000,0x00000000e2280000,0x00000000e2500000)
 ParOldGen       total 44032K, used 6628K [0x00000000a0000000, 0x00000000a2b00000, 0x00000000e0000000)
  object space 44032K, 15% used [0x00000000a0000000,0x00000000a06793d8,0x00000000a2b00000)
 Metaspace       used 18455K, capacity 18718K, committed 18944K, reserved 1067008K
  class space    used 2171K, capacity 2249K, committed 2304K, reserved 1048576K
Event: 10.245 GC heap after
Heap after GC invocations=5 (full 1):
 PSYoungGen      total 35328K, used 2558K [0x00000000e0000000, 0x00000000e2500000, 0x0000000100000000)
  eden space 32768K, 0% used [0x00000000e0000000,0x00000000e0000000,0x00000000e2000000)
  from space 2560K, 99% used [0x00000000e2280000,0x00000000e24ffab0,0x00000000e2500000)
  to   space 2560K, 0% used [0x00000000e2000000,0x00000000e2000000,0x00000000e2280000)
 ParOldGen       total 44032K, used 10452K [0x00000000a0000000, 0x00000000a2b00000, 0x00000000e0000000)
  object space 44032K, 23% used [0x00000000a0000000,0x00000000a0a353a8,0x00000000a2b00000)
 Metaspace       used 18455K, capacity 18718K, committed 18944K, reserved 1067008K
  class space    used 2171K, capacity 2249K, committed 2304K, reserved 1048576K
}
Event: 10.384 GC heap before
{Heap before GC invocations=6 (full 1):
 PSYoungGen      total 35328K, used 14033K [0x00000000e0000000, 0x00000000e2500000, 0x0000000100000000)
  eden space 32768K, 35% used [0x00000000e0000000,0x00000000e0b34af0,0x00000000e2000000)
  from space 2560K, 99% used [0x00000000e2280000,0x00000000e24ffab0,0x00000000e2500000)
  to   space 2560K, 0% used [0x00000000e2000000,0x00000000e2000000,0x00000000e2280000)
 ParOldGen       total 44032K, used 10452K [0x00000000a0000000, 0x00000000a2b00000, 0x00000000e0000000)
  object space 44032K, 23% used [0x00000000a0000000,0x00000000a0a353a8,0x00000000a2b00000)
 Metaspace       used 20678K, capacity 20998K, committed 21296K, reserved 1069056K
  class space    used 2479K, capacity 2585K, committed 2688K, reserved 1048576K
Event: 10.390 GC heap after
Heap after GC invocations=6 (full 1):
 PSYoungGen      total 35328K, used 2547K [0x00000000e0000000, 0x00000000e4500000, 0x0000000100000000)
  eden space 32768K, 0% used [0x00000000e0000000,0x00000000e0000000,0x00000000e2000000)
  from space 2560K, 99% used [0x00000000e2000000,0x00000000e227cdd0,0x00000000e2280000)
  to   space 2560K, 0% used [0x00000000e4280000,0x00000000e4280000,0x00000000e4500000)
 ParOldGen       total 44032K, used 12932K [0x00000000a0000000, 0x00000000a2b00000, 0x00000000e0000000)
  object space 44032K, 29% used [0x00000000a0000000,0x00000000a0ca1308,0x00000000a2b00000)
 Metaspace       used 20678K, capacity 20998K, committed 21296K, reserved 1069056K
  class space    used 2479K, capacity 2585K, committed 2688K, reserved 1048576K
}
Event: 10.390 GC heap before
{Heap before GC invocations=7 (full 2):
 PSYoungGen      total 35328K, used 2547K [0x00000000e0000000, 0x00000000e4500000, 0x0000000100000000)
  eden space 32768K, 0% used [0x00000000e0000000,0x00000000e0000000,0x00000000e2000000)
  from space 2560K, 99% used [0x00000000e2000000,0x00000000e227cdd0,0x00000000e2280000)
  to   space 2560K, 0% used [0x00000000e4280000,0x00000000e4280000,0x00000000e4500000)
 ParOldGen       total 44032K, used 12932K [0x00000000a0000000, 0x00000000a2b00000, 0x00000000e0000000)
  object space 44032K, 29% used [0x00000000a0000000,0x00000000a0ca1308,0x00000000a2b00000)
 Metaspace       used 20678K, capacity 20998K, committed 21296K, reserved 1069056K
  class space    used 2479K, capacity 2585K, committed 2688K, reserved 1048576K
Event: 10.419 GC heap after
Heap after GC invocations=7 (full 2):
 PSYoungGen      total 35328K, used 0K [0x00000000e0000000, 0x00000000e4500000, 0x0000000100000000)
  eden space 32768K, 0% used [0x00000000e0000000,0x00000000e0000000,0x00000000e2000000)
  from space 2560K, 0% used [0x00000000e2000000,0x00000000e2000000,0x00000000e2280000)
  to   space 2560K, 0% used [0x00000000e4280000,0x00000000e4280000,0x00000000e4500000)
 ParOldGen       total 30720K, used 7496K [0x00000000a0000000, 0x00000000a1e00000, 0x00000000e0000000)
  object space 30720K, 24% used [0x00000000a0000000,0x00000000a07523a8,0x00000000a1e00000)
 Metaspace       used 20678K, capacity 20998K, committed 21296K, reserved 1069056K
  class space    used 2479K, capacity 2585K, committed 2688K, reserved 1048576K
}
Event: 10.886 GC heap before
{Heap before GC invocations=8 (full 2):
 PSYoungGen      total 35328K, used 32768K [0x00000000e0000000, 0x00000000e4500000, 0x0000000100000000)
  eden space 32768K, 100% used [0x00000000e0000000,0x00000000e2000000,0x00000000e2000000)
  from space 2560K, 0% used [0x00000000e2000000,0x00000000e2000000,0x00000000e2280000)
  to   space 2560K, 0% used [0x00000000e4280000,0x00000000e4280000,0x00000000e4500000)
 ParOldGen       total 30720K, used 7496K [0x00000000a0000000, 0x00000000a1e00000, 0x00000000e0000000)
  object space 30720K, 24% used [0x00000000a0000000,0x00000000a07523a8,0x00000000a1e00000)
 Metaspace       used 24810K, capacity 25260K, committed 25600K, reserved 1071104K
  class space    used 3147K, capacity 3310K, committed 3328K, reserved 1048576K
Event: 10.894 GC heap after
Heap after GC invocations=8 (full 2):
 PSYoungGen      total 62464K, used 2557K [0x00000000e0000000, 0x00000000e4c80000, 0x0000000100000000)
  eden space 59904K, 0% used [0x00000000e0000000,0x00000000e0000000,0x00000000e3a80000)
  from space 2560K, 99% used [0x00000000e4280000,0x00000000e44ff508,0x00000000e4500000)
  to   space 8192K, 0% used [0x00000000e3a80000,0x00000000e3a80000,0x00000000e4280000)
 ParOldGen       total 30720K, used 11589K [0x00000000a0000000, 0x00000000a1e00000, 0x00000000e0000000)
  object space 30720K, 37% used [0x00000000a0000000,0x00000000a0b516b8,0x00000000a1e00000)
 Metaspace       used 24810K, capacity 25260K, committed 25600K, reserved 1071104K
  class space    used 3147K, capacity 3310K, committed 3328K, reserved 1048576K
}

