# JRE version: OpenJDK Runtime Environment (8.0_152-b02) (build 1.8.0_152-release-1024-b02)
# Java VM: OpenJDK 64-Bit Server VM (25.152-b02 mixed mode windows-amd64 compressed oops)
Heap:
 PSYoungGen      total 99328K, used 32587K [0x00000000eb200000, 0x00000000f3780000, 0x0000000100000000)
  eden space 75776K, 11% used [0x00000000eb200000,0x00000000ebad5a58,0x00000000efc00000)
  from space 23552K, 99% used [0x00000000f1700000,0x00000000f2dfd340,0x00000000f2e00000)
  to   space 27648K, 0% used [0x00000000efc00000,0x00000000efc00000,0x00000000f1700000)
 ParOldGen       total 77312K, used 30571K [0x00000000c1600000, 0x00000000c6180000, 0x00000000eb200000)
  object space 77312K, 39% used [0x00000000c1600000,0x00000000c33dafd8,0x00000000c6180000)
 Metaspace       used 45086K, capacity 45867K, committed 46040K, reserved 1089536K
  class space    used 5357K, capacity 5521K, committed 5632K, reserved 1048576K
GC Heap History (10 events):
Event: 3.976 GC heap before
{Heap before GC invocations=10 (full 2):
 PSYoungGen      total 70144K, used 13807K [0x00000000eb200000, 0x00000000f2b00000, 0x0000000100000000)
  eden space 56320K, 0% used [0x00000000eb200000,0x00000000eb200000,0x00000000ee900000)
  from space 13824K, 99% used [0x00000000efa80000,0x00000000f07fbcc0,0x00000000f0800000)
  to   space 17920K, 0% used [0x00000000ee900000,0x00000000ee900000,0x00000000efa80000)
 ParOldGen       total 44032K, used 18780K [0x00000000c1600000, 0x00000000c4100000, 0x00000000eb200000)
  object space 44032K, 42% used [0x00000000c1600000,0x00000000c28572c8,0x00000000c4100000)
 Metaspace       used 34696K, capacity 35168K, committed 35416K, reserved 1081344K
  class space    used 4286K, capacity 4424K, committed 4480K, reserved 1048576K
Event: 4.131 GC heap after
Heap after GC invocations=10 (full 2):
 PSYoungGen      total 70144K, used 0K [0x00000000eb200000, 0x00000000f2b00000, 0x0000000100000000)
  eden space 56320K, 0% used [0x00000000eb200000,0x00000000eb200000,0x00000000ee900000)
  from space 13824K, 0% used [0x00000000efa80000,0x00000000efa80000,0x00000000f0800000)
  to   space 17920K, 0% used [0x00000000ee900000,0x00000000ee900000,0x00000000efa80000)
 ParOldGen       total 77312K, used 26044K [0x00000000c1600000, 0x00000000c6180000, 0x00000000eb200000)
  object space 77312K, 33% used [0x00000000c1600000,0x00000000c2f6f0c0,0x00000000c6180000)
 Metaspace       used 34696K, capacity 35168K, committed 35416K, reserved 1081344K
  class space    used 4286K, capacity 4424K, committed 4480K, reserved 1048576K
}
Event: 4.893 GC heap before
{Heap before GC invocations=11 (full 2):
 PSYoungGen      total 70144K, used 56320K [0x00000000eb200000, 0x00000000f2b00000, 0x0000000100000000)
  eden space 56320K, 100% used [0x00000000eb200000,0x00000000ee900000,0x00000000ee900000)
  from space 13824K, 0% used [0x00000000efa80000,0x00000000efa80000,0x00000000f0800000)
  to   space 17920K, 0% used [0x00000000ee900000,0x00000000ee900000,0x00000000efa80000)
 ParOldGen       total 77312K, used 26044K [0x00000000c1600000, 0x00000000c6180000, 0x00000000eb200000)
  object space 77312K, 33% used [0x00000000c1600000,0x00000000c2f6f0c0,0x00000000c6180000)
 Metaspace       used 36450K, capacity 36985K, committed 37336K, reserved 1081344K
  class space    used 4386K, capacity 4538K, committed 4608K, reserved 1048576K
Event: 4.907 GC heap after
Heap after GC invocations=11 (full 2):
 PSYoungGen      total 74240K, used 9727K [0x00000000eb200000, 0x00000000f1700000, 0x0000000100000000)
  eden space 56320K, 0% used [0x00000000eb200000,0x00000000eb200000,0x00000000ee900000)
  from space 17920K, 54% used [0x00000000ee900000,0x00000000ef27fc20,0x00000000efa80000)
  to   space 17408K, 0% used [0x00000000f0600000,0x00000000f0600000,0x00000000f1700000)
 ParOldGen       total 77312K, used 26052K [0x00000000c1600000, 0x00000000c6180000, 0x00000000eb200000)
  object space 77312K, 33% used [0x00000000c1600000,0x00000000c2f710c0,0x00000000c6180000)
 Metaspace       used 36450K, capacity 36985K, committed 37336K, reserved 1081344K
  class space    used 4386K, capacity 4538K, committed 4608K, reserved 1048576K
}
Event: 5.562 GC heap before
{Heap before GC invocations=12 (full 2):
 PSYoungGen      total 74240K, used 66047K [0x00000000eb200000, 0x00000000f1700000, 0x0000000100000000)
  eden space 56320K, 100% used [0x00000000eb200000,0x00000000ee900000,0x00000000ee900000)
  from space 17920K, 54% used [0x00000000ee900000,0x00000000ef27fc20,0x00000000efa80000)
  to   space 17408K, 0% used [0x00000000f0600000,0x00000000f0600000,0x00000000f1700000)
 ParOldGen       total 77312K, used 26052K [0x00000000c1600000, 0x00000000c6180000, 0x00000000eb200000)
  object space 77312K, 33% used [0x00000000c1600000,0x00000000c2f710c0,0x00000000c6180000)
 Metaspace       used 39168K, capacity 39771K, committed 40024K, reserved 1085440K
  class space    used 4796K, capacity 4943K, committed 4992K, reserved 1048576K
Event: 5.587 GC heap after
Heap after GC invocations=12 (full 2):
 PSYoungGen      total 83456K, used 17224K [0x00000000eb200000, 0x00000000f1c80000, 0x0000000100000000)
  eden space 66048K, 0% used [0x00000000eb200000,0x00000000eb200000,0x00000000ef280000)
  from space 17408K, 98% used [0x00000000f0600000,0x00000000f16d2190,0x00000000f1700000)
  to   space 19968K, 0% used [0x00000000ef280000,0x00000000ef280000,0x00000000f0600000)
 ParOldGen       total 77312K, used 26060K [0x00000000c1600000, 0x00000000c6180000, 0x00000000eb200000)
  object space 77312K, 33% used [0x00000000c1600000,0x00000000c2f730c0,0x00000000c6180000)
 Metaspace       used 39168K, capacity 39771K, committed 40024K, reserved 1085440K
  class space    used 4796K, capacity 4943K, committed 4992K, reserved 1048576K
}
Event: 7.434 GC heap before
{Heap before GC invocations=13 (full 2):
 PSYoungGen      total 83456K, used 83272K [0x00000000eb200000, 0x00000000f1c80000, 0x0000000100000000)
  eden space 66048K, 100% used [0x00000000eb200000,0x00000000ef280000,0x00000000ef280000)
  from space 17408K, 98% used [0x00000000f0600000,0x00000000f16d2190,0x00000000f1700000)
  to   space 19968K, 0% used [0x00000000ef280000,0x00000000ef280000,0x00000000f0600000)
 ParOldGen       total 77312K, used 26060K [0x00000000c1600000, 0x00000000c6180000, 0x00000000eb200000)
  object space 77312K, 33% used [0x00000000c1600000,0x00000000c2f730c0,0x00000000c6180000)
 Metaspace       used 43534K, capacity 44319K, committed 44632K, reserved 1089536K
  class space    used 5236K, capacity 5417K, committed 5504K, reserved 1048576K
Event: 7.458 GC heap after
Heap after GC invocations=13 (full 2):
 PSYoungGen      total 86016K, used 19948K [0x00000000eb200000, 0x00000000f2e00000, 0x0000000100000000)
  eden space 66048K, 0% used [0x00000000eb200000,0x00000000eb200000,0x00000000ef280000)
  from space 19968K, 99% used [0x00000000ef280000,0x00000000f05fb268,0x00000000f0600000)
  to   space 23552K, 0% used [0x00000000f1700000,0x00000000f1700000,0x00000000f2e00000)
 ParOldGen       total 77312K, used 29367K [0x00000000c1600000, 0x00000000c6180000, 0x00000000eb200000)
  object space 77312K, 37% used [0x00000000c1600000,0x00000000c32adee0,0x00000000c6180000)
 Metaspace       used 43534K, capacity 44319K, committed 44632K, reserved 1089536K
  class space    used 5236K, capacity 5417K, committed 5504K, reserved 1048576K
}
Event: 8.586 GC heap before
{Heap before GC invocations=14 (full 2):
 PSYoungGen      total 86016K, used 85996K [0x00000000eb200000, 0x00000000f2e00000, 0x0000000100000000)
  eden space 66048K, 100% used [0x00000000eb200000,0x00000000ef280000,0x00000000ef280000)
  from space 19968K, 99% used [0x00000000ef280000,0x00000000f05fb268,0x00000000f0600000)
  to   space 23552K, 0% used [0x00000000f1700000,0x00000000f1700000,0x00000000f2e00000)
 ParOldGen       total 77312K, used 29367K [0x00000000c1600000, 0x00000000c6180000, 0x00000000eb200000)
  object space 77312K, 37% used [0x00000000c1600000,0x00000000c32adee0,0x00000000c6180000)
 Metaspace       used 45007K, capacity 45791K, committed 46040K, reserved 1089536K
  class space    used 5354K, capacity 5519K, committed 5632K, reserved 1048576K
Event: 8.637 GC heap after
Heap after GC invocations=14 (full 2):
 PSYoungGen      total 99328K, used 23540K [0x00000000eb200000, 0x00000000f3780000, 0x0000000100000000)
  eden space 75776K, 0% used [0x00000000eb200000,0x00000000eb200000,0x00000000efc00000)
  from space 23552K, 99% used [0x00000000f1700000,0x00000000f2dfd340,0x00000000f2e00000)
  to   space 27648K, 0% used [0x00000000efc00000,0x00000000efc00000,0x00000000f1700000)
 ParOldGen       total 77312K, used 30571K [0x00000000c1600000, 0x00000000c6180000, 0x00000000eb200000)
  object space 77312K, 39% used [0x00000000c1600000,0x00000000c33dafd8,0x00000000c6180000)
 Metaspace       used 45007K, capacity 45791K, committed 46040K, reserved 1089536K
  class space    used 5354K, capacity 5519K, committed 5632K, reserved 1048576K
}

