# JRE version: OpenJDK Runtime Environment (8.0_152-b02) (build 1.8.0_152-release-1024-b02)
# Java VM: OpenJDK 64-Bit Server VM (25.152-b02 mixed mode windows-amd64 compressed oops)
Heap:
 PSYoungGen      total 24576K, used 10475K [0x00000000eb200000, 0x00000000ed700000, 0x0000000100000000)
  eden space 22016K, 36% used [0x00000000eb200000,0x00000000eb9c0088,0x00000000ec780000)
  from space 2560K, 99% used [0x00000000ed480000,0x00000000ed6fae38,0x00000000ed700000)
  to   space 2560K, 0% used [0x00000000ed200000,0x00000000ed200000,0x00000000ed480000)
 ParOldGen       total 33792K, used 6010K [0x00000000c1600000, 0x00000000c3700000, 0x00000000eb200000)
  object space 33792K, 17% used [0x00000000c1600000,0x00000000c1bde9b8,0x00000000c3700000)
 Metaspace       used 18219K, capacity 18544K, committed 18944K, reserved 1067008K
  class space    used 2299K, capacity 2404K, committed 2560K, reserved 1048576K
GC Heap History (10 events):
Event: 0.793 GC heap before
{Heap before GC invocations=1 (full 0):
 PSYoungGen      total 18944K, used 16384K [0x00000000eb200000, 0x00000000ec700000, 0x0000000100000000)
  eden space 16384K, 100% used [0x00000000eb200000,0x00000000ec200000,0x00000000ec200000)
  from space 2560K, 0% used [0x00000000ec480000,0x00000000ec480000,0x00000000ec700000)
  to   space 2560K, 0% used [0x00000000ec200000,0x00000000ec200000,0x00000000ec480000)
 ParOldGen       total 44032K, used 0K [0x00000000c1600000, 0x00000000c4100000, 0x00000000eb200000)
  object space 44032K, 0% used [0x00000000c1600000,0x00000000c1600000,0x00000000c4100000)
 Metaspace       used 6633K, capacity 7724K, committed 7936K, reserved 1056768K
  class space    used 707K, capacity 744K, committed 768K, reserved 1048576K
Event: 0.798 GC heap after
Heap after GC invocations=1 (full 0):
 PSYoungGen      total 18944K, used 2548K [0x00000000eb200000, 0x00000000ec700000, 0x0000000100000000)
  eden space 16384K, 0% used [0x00000000eb200000,0x00000000eb200000,0x00000000ec200000)
  from space 2560K, 99% used [0x00000000ec200000,0x00000000ec47d228,0x00000000ec480000)
  to   space 2560K, 0% used [0x00000000ec480000,0x00000000ec480000,0x00000000ec700000)
 ParOldGen       total 44032K, used 1469K [0x00000000c1600000, 0x00000000c4100000, 0x00000000eb200000)
  object space 44032K, 3% used [0x00000000c1600000,0x00000000c176f4c0,0x00000000c4100000)
 Metaspace       used 6633K, capacity 7724K, committed 7936K, reserved 1056768K
  class space    used 707K, capacity 744K, committed 768K, reserved 1048576K
}
Event: 1.125 GC heap before
{Heap before GC invocations=2 (full 0):
 PSYoungGen      total 18944K, used 18932K [0x00000000eb200000, 0x00000000ec700000, 0x0000000100000000)
  eden space 16384K, 100% used [0x00000000eb200000,0x00000000ec200000,0x00000000ec200000)
  from space 2560K, 99% used [0x00000000ec200000,0x00000000ec47d228,0x00000000ec480000)
  to   space 2560K, 0% used [0x00000000ec480000,0x00000000ec480000,0x00000000ec700000)
 ParOldGen       total 44032K, used 1469K [0x00000000c1600000, 0x00000000c4100000, 0x00000000eb200000)
  object space 44032K, 3% used [0x00000000c1600000,0x00000000c176f4c0,0x00000000c4100000)
 Metaspace       used 9153K, capacity 9908K, committed 10112K, reserved 1058816K
  class space    used 1031K, capacity 1072K, committed 1152K, reserved 1048576K
Event: 1.132 GC heap after
Heap after GC invocations=2 (full 0):
 PSYoungGen      total 18944K, used 2560K [0x00000000eb200000, 0x00000000ed700000, 0x0000000100000000)
  eden space 16384K, 0% used [0x00000000eb200000,0x00000000eb200000,0x00000000ec200000)
  from space 2560K, 100% used [0x00000000ec480000,0x00000000ec700000,0x00000000ec700000)
  to   space 2560K, 0% used [0x00000000ec200000,0x00000000ec200000,0x00000000ec480000)
 ParOldGen       total 44032K, used 3777K [0x00000000c1600000, 0x00000000c4100000, 0x00000000eb200000)
  object space 44032K, 8% used [0x00000000c1600000,0x00000000c19b0518,0x00000000c4100000)
 Metaspace       used 9153K, capacity 9908K, committed 10112K, reserved 1058816K
  class space    used 1031K, capacity 1072K, committed 1152K, reserved 1048576K
}
Event: 1.444 GC heap before
{Heap before GC invocations=3 (full 0):
 PSYoungGen      total 18944K, used 13282K [0x00000000eb200000, 0x00000000ed700000, 0x0000000100000000)
  eden space 16384K, 65% used [0x00000000eb200000,0x00000000ebc78a68,0x00000000ec200000)
  from space 2560K, 100% used [0x00000000ec480000,0x00000000ec700000,0x00000000ec700000)
  to   space 2560K, 0% used [0x00000000ec200000,0x00000000ec200000,0x00000000ec480000)
 ParOldGen       total 44032K, used 3777K [0x00000000c1600000, 0x00000000c4100000, 0x00000000eb200000)
  object space 44032K, 8% used [0x00000000c1600000,0x00000000c19b0518,0x00000000c4100000)
 Metaspace       used 12016K, capacity 12148K, committed 12288K, reserved 1064960K
  class space    used 1383K, capacity 1443K, committed 1536K, reserved 1048576K
Event: 1.451 GC heap after
Heap after GC invocations=3 (full 0):
 PSYoungGen      total 18944K, used 2544K [0x00000000eb200000, 0x00000000ed700000, 0x0000000100000000)
  eden space 16384K, 0% used [0x00000000eb200000,0x00000000eb200000,0x00000000ec200000)
  from space 2560K, 99% used [0x00000000ec200000,0x00000000ec47c010,0x00000000ec480000)
  to   space 2560K, 0% used [0x00000000ed480000,0x00000000ed480000,0x00000000ed700000)
 ParOldGen       total 44032K, used 5888K [0x00000000c1600000, 0x00000000c4100000, 0x00000000eb200000)
  object space 44032K, 13% used [0x00000000c1600000,0x00000000c1bc0100,0x00000000c4100000)
 Metaspace       used 12016K, capacity 12148K, committed 12288K, reserved 1064960K
  class space    used 1383K, capacity 1443K, committed 1536K, reserved 1048576K
}
Event: 1.451 GC heap before
{Heap before GC invocations=4 (full 1):
 PSYoungGen      total 18944K, used 2544K [0x00000000eb200000, 0x00000000ed700000, 0x0000000100000000)
  eden space 16384K, 0% used [0x00000000eb200000,0x00000000eb200000,0x00000000ec200000)
  from space 2560K, 99% used [0x00000000ec200000,0x00000000ec47c010,0x00000000ec480000)
  to   space 2560K, 0% used [0x00000000ed480000,0x00000000ed480000,0x00000000ed700000)
 ParOldGen       total 44032K, used 5888K [0x00000000c1600000, 0x00000000c4100000, 0x00000000eb200000)
  object space 44032K, 13% used [0x00000000c1600000,0x00000000c1bc0100,0x00000000c4100000)
 Metaspace       used 12016K, capacity 12148K, committed 12288K, reserved 1064960K
  class space    used 1383K, capacity 1443K, committed 1536K, reserved 1048576K
Event: 1.489 GC heap after
Heap after GC invocations=4 (full 1):
 PSYoungGen      total 18944K, used 0K [0x00000000eb200000, 0x00000000ed700000, 0x0000000100000000)
  eden space 16384K, 0% used [0x00000000eb200000,0x00000000eb200000,0x00000000ec200000)
  from space 2560K, 0% used [0x00000000ec200000,0x00000000ec200000,0x00000000ec480000)
  to   space 2560K, 0% used [0x00000000ed480000,0x00000000ed480000,0x00000000ed700000)
 ParOldGen       total 33792K, used 4558K [0x00000000c1600000, 0x00000000c3700000, 0x00000000eb200000)
  object space 33792K, 13% used [0x00000000c1600000,0x00000000c1a73ab8,0x00000000c3700000)
 Metaspace       used 12016K, capacity 12148K, committed 12288K, reserved 1062912K
  class space    used 1383K, capacity 1443K, committed 1536K, reserved 1048576K
}
Event: 1.991 GC heap before
{Heap before GC invocations=5 (full 1):
 PSYoungGen      total 18944K, used 16384K [0x00000000eb200000, 0x00000000ed700000, 0x0000000100000000)
  eden space 16384K, 100% used [0x00000000eb200000,0x00000000ec200000,0x00000000ec200000)
  from space 2560K, 0% used [0x00000000ec200000,0x00000000ec200000,0x00000000ec480000)
  to   space 2560K, 0% used [0x00000000ed480000,0x00000000ed480000,0x00000000ed700000)
 ParOldGen       total 33792K, used 4558K [0x00000000c1600000, 0x00000000c3700000, 0x00000000eb200000)
  object space 33792K, 13% used [0x00000000c1600000,0x00000000c1a73ab8,0x00000000c3700000)
 Metaspace       used 16544K, capacity 16816K, committed 17152K, reserved 1067008K
  class space    used 1964K, capacity 2044K, committed 2048K, reserved 1048576K
Event: 1.995 GC heap after
Heap after GC invocations=5 (full 1):
 PSYoungGen      total 24576K, used 2539K [0x00000000eb200000, 0x00000000ed700000, 0x0000000100000000)
  eden space 22016K, 0% used [0x00000000eb200000,0x00000000eb200000,0x00000000ec780000)
  from space 2560K, 99% used [0x00000000ed480000,0x00000000ed6fae38,0x00000000ed700000)
  to   space 2560K, 0% used [0x00000000ed200000,0x00000000ed200000,0x00000000ed480000)
 ParOldGen       total 33792K, used 6010K [0x00000000c1600000, 0x00000000c3700000, 0x00000000eb200000)
  object space 33792K, 17% used [0x00000000c1600000,0x00000000c1bde9b8,0x00000000c3700000)
 Metaspace       used 16544K, capacity 16816K, committed 17152K, reserved 1067008K
  class space    used 1964K, capacity 2044K, committed 2048K, reserved 1048576K
}

