# JRE version: OpenJDK Runtime Environment (8.0_152-b02) (build 1.8.0_152-release-1024-b02)
# Java VM: OpenJDK 64-Bit Server VM (25.152-b02 mixed mode windows-amd64 compressed oops)
Heap:
 PSYoungGen      total 124416K, used 6500K [0x00000000e0000000, 0x00000000e8d80000, 0x0000000100000000)
  eden space 110080K, 5% used [0x00000000e0000000,0x00000000e0659170,0x00000000e6b80000)
  from space 14336K, 0% used [0x00000000e7a00000,0x00000000e7a00000,0x00000000e8800000)
  to   space 14848K, 0% used [0x00000000e6b80000,0x00000000e6b80000,0x00000000e7a00000)
 ParOldGen       total 32768K, used 16388K [0x00000000a0000000, 0x00000000a2000000, 0x00000000e0000000)
  object space 32768K, 50% used [0x00000000a0000000,0x00000000a1001198,0x00000000a2000000)
 Metaspace       used 35302K, capacity 35848K, committed 36096K, reserved 1081344K
  class space    used 4400K, capacity 4532K, committed 4608K, reserved 1048576K
GC Heap History (10 events):
Event: 7.625 GC heap before
{Heap before GC invocations=7 (full 2):
 PSYoungGen      total 35328K, used 2540K [0x00000000e0000000, 0x00000000e4500000, 0x0000000100000000)
  eden space 32768K, 0% used [0x00000000e0000000,0x00000000e0000000,0x00000000e2000000)
  from space 2560K, 99% used [0x00000000e2000000,0x00000000e227b3e0,0x00000000e2280000)
  to   space 2560K, 0% used [0x00000000e4280000,0x00000000e4280000,0x00000000e4500000)
 ParOldGen       total 44032K, used 12923K [0x00000000a0000000, 0x00000000a2b00000, 0x00000000e0000000)
  object space 44032K, 29% used [0x00000000a0000000,0x00000000a0c9ec90,0x00000000a2b00000)
 Metaspace       used 20701K, capacity 21016K, committed 21296K, reserved 1069056K
  class space    used 2492K, capacity 2588K, committed 2688K, reserved 1048576K
Event: 7.653 GC heap after
Heap after GC invocations=7 (full 2):
 PSYoungGen      total 35328K, used 0K [0x00000000e0000000, 0x00000000e4500000, 0x0000000100000000)
  eden space 32768K, 0% used [0x00000000e0000000,0x00000000e0000000,0x00000000e2000000)
  from space 2560K, 0% used [0x00000000e2000000,0x00000000e2000000,0x00000000e2280000)
  to   space 2560K, 0% used [0x00000000e4280000,0x00000000e4280000,0x00000000e4500000)
 ParOldGen       total 32768K, used 8524K [0x00000000a0000000, 0x00000000a2000000, 0x00000000e0000000)
  object space 32768K, 26% used [0x00000000a0000000,0x00000000a08533c8,0x00000000a2000000)
 Metaspace       used 20701K, capacity 21016K, committed 21296K, reserved 1069056K
  class space    used 2492K, capacity 2588K, committed 2688K, reserved 1048576K
}
Event: 8.120 GC heap before
{Heap before GC invocations=8 (full 2):
 PSYoungGen      total 35328K, used 32768K [0x00000000e0000000, 0x00000000e4500000, 0x0000000100000000)
  eden space 32768K, 100% used [0x00000000e0000000,0x00000000e2000000,0x00000000e2000000)
  from space 2560K, 0% used [0x00000000e2000000,0x00000000e2000000,0x00000000e2280000)
  to   space 2560K, 0% used [0x00000000e4280000,0x00000000e4280000,0x00000000e4500000)
 ParOldGen       total 32768K, used 8524K [0x00000000a0000000, 0x00000000a2000000, 0x00000000e0000000)
  object space 32768K, 26% used [0x00000000a0000000,0x00000000a08533c8,0x00000000a2000000)
 Metaspace       used 24890K, capacity 25406K, committed 25600K, reserved 1071104K
  class space    used 3159K, capacity 3313K, committed 3328K, reserved 1048576K
Event: 8.133 GC heap after
Heap after GC invocations=8 (full 2):
 PSYoungGen      total 62464K, used 2545K [0x00000000e0000000, 0x00000000e4b80000, 0x0000000100000000)
  eden space 59904K, 0% used [0x00000000e0000000,0x00000000e0000000,0x00000000e3a80000)
  from space 2560K, 99% used [0x00000000e4280000,0x00000000e44fc518,0x00000000e4500000)
  to   space 8192K, 0% used [0x00000000e3a80000,0x00000000e3a80000,0x00000000e4280000)
 ParOldGen       total 32768K, used 12660K [0x00000000a0000000, 0x00000000a2000000, 0x00000000e0000000)
  object space 32768K, 38% used [0x00000000a0000000,0x00000000a0c5d188,0x00000000a2000000)
 Metaspace       used 24890K, capacity 25406K, committed 25600K, reserved 1071104K
  class space    used 3159K, capacity 3313K, committed 3328K, reserved 1048576K
}
Event: 9.408 GC heap before
{Heap before GC invocations=9 (full 2):
 PSYoungGen      total 62464K, used 62449K [0x00000000e0000000, 0x00000000e4b80000, 0x0000000100000000)
  eden space 59904K, 100% used [0x00000000e0000000,0x00000000e3a80000,0x00000000e3a80000)
  from space 2560K, 99% used [0x00000000e4280000,0x00000000e44fc518,0x00000000e4500000)
  to   space 8192K, 0% used [0x00000000e3a80000,0x00000000e3a80000,0x00000000e4280000)
 ParOldGen       total 32768K, used 12660K [0x00000000a0000000, 0x00000000a2000000, 0x00000000e0000000)
  object space 32768K, 38% used [0x00000000a0000000,0x00000000a0c5d188,0x00000000a2000000)
 Metaspace       used 33923K, capacity 34390K, committed 34944K, reserved 1079296K
  class space    used 4232K, capacity 4355K, committed 4480K, reserved 1048576K
Event: 9.433 GC heap after
Heap after GC invocations=9 (full 2):
 PSYoungGen      total 68096K, used 8162K [0x00000000e0000000, 0x00000000e8800000, 0x0000000100000000)
  eden space 59904K, 0% used [0x00000000e0000000,0x00000000e0000000,0x00000000e3a80000)
  from space 8192K, 99% used [0x00000000e3a80000,0x00000000e42788f8,0x00000000e4280000)
  to   space 14336K, 0% used [0x00000000e7a00000,0x00000000e7a00000,0x00000000e8800000)
 ParOldGen       total 32768K, used 23214K [0x00000000a0000000, 0x00000000a2000000, 0x00000000e0000000)
  object space 32768K, 70% used [0x00000000a0000000,0x00000000a16abab8,0x00000000a2000000)
 Metaspace       used 33923K, capacity 34390K, committed 34944K, reserved 1079296K
  class space    used 4232K, capacity 4355K, committed 4480K, reserved 1048576K
}
Event: 9.558 GC heap before
{Heap before GC invocations=10 (full 2):
 PSYoungGen      total 68096K, used 15924K [0x00000000e0000000, 0x00000000e8800000, 0x0000000100000000)
  eden space 59904K, 12% used [0x00000000e0000000,0x00000000e07949a0,0x00000000e3a80000)
  from space 8192K, 99% used [0x00000000e3a80000,0x00000000e42788f8,0x00000000e4280000)
  to   space 14336K, 0% used [0x00000000e7a00000,0x00000000e7a00000,0x00000000e8800000)
 ParOldGen       total 32768K, used 23214K [0x00000000a0000000, 0x00000000a2000000, 0x00000000e0000000)
  object space 32768K, 70% used [0x00000000a0000000,0x00000000a16abab8,0x00000000a2000000)
 Metaspace       used 34744K, capacity 35262K, committed 35456K, reserved 1081344K
  class space    used 4343K, capacity 4465K, committed 4480K, reserved 1048576K
Event: 9.573 GC heap after
Heap after GC invocations=10 (full 2):
 PSYoungGen      total 124416K, used 9815K [0x00000000e0000000, 0x00000000e8d80000, 0x0000000100000000)
  eden space 110080K, 0% used [0x00000000e0000000,0x00000000e0000000,0x00000000e6b80000)
  from space 14336K, 68% used [0x00000000e7a00000,0x00000000e8395da0,0x00000000e8800000)
  to   space 14848K, 0% used [0x00000000e6b80000,0x00000000e6b80000,0x00000000e7a00000)
 ParOldGen       total 32768K, used 23222K [0x00000000a0000000, 0x00000000a2000000, 0x00000000e0000000)
  object space 32768K, 70% used [0x00000000a0000000,0x00000000a16adab8,0x00000000a2000000)
 Metaspace       used 34744K, capacity 35262K, committed 35456K, reserved 1081344K
  class space    used 4343K, capacity 4465K, committed 4480K, reserved 1048576K
}
Event: 9.573 GC heap before
{Heap before GC invocations=11 (full 3):
 PSYoungGen      total 124416K, used 9815K [0x00000000e0000000, 0x00000000e8d80000, 0x0000000100000000)
  eden space 110080K, 0% used [0x00000000e0000000,0x00000000e0000000,0x00000000e6b80000)
  from space 14336K, 68% used [0x00000000e7a00000,0x00000000e8395da0,0x00000000e8800000)
  to   space 14848K, 0% used [0x00000000e6b80000,0x00000000e6b80000,0x00000000e7a00000)
 ParOldGen       total 32768K, used 23222K [0x00000000a0000000, 0x00000000a2000000, 0x00000000e0000000)
  object space 32768K, 70% used [0x00000000a0000000,0x00000000a16adab8,0x00000000a2000000)
 Metaspace       used 34744K, capacity 35262K, committed 35456K, reserved 1081344K
  class space    used 4343K, capacity 4465K, committed 4480K, reserved 1048576K
Event: 9.671 GC heap after
Heap after GC invocations=11 (full 3):
 PSYoungGen      total 124416K, used 0K [0x00000000e0000000, 0x00000000e8d80000, 0x0000000100000000)
  eden space 110080K, 0% used [0x00000000e0000000,0x00000000e0000000,0x00000000e6b80000)
  from space 14336K, 0% used [0x00000000e7a00000,0x00000000e7a00000,0x00000000e8800000)
  to   space 14848K, 0% used [0x00000000e6b80000,0x00000000e6b80000,0x00000000e7a00000)
 ParOldGen       total 32768K, used 16388K [0x00000000a0000000, 0x00000000a2000000, 0x00000000e0000000)
  object space 32768K, 50% used [0x00000000a0000000,0x00000000a1001198,0x00000000a2000000)
 Metaspace       used 34744K, capacity 35262K, committed 35456K, reserved 1081344K
  class space    used 4343K, capacity 4465K, committed 4480K, reserved 1048576K
}

