# JRE version: OpenJDK Runtime Environment (8.0_152-b02) (build 1.8.0_152-release-1024-b02)
# Java VM: OpenJDK 64-Bit Server VM (25.152-b02 mixed mode windows-amd64 compressed oops)
Heap:
 PSYoungGen      total 193536K, used 62543K [0x00000000e0000000, 0x00000000ee600000, 0x0000000100000000)
  eden space 158208K, 37% used [0x00000000e0000000,0x00000000e3a81080,0x00000000e9a80000)
  from space 35328K, 7% used [0x00000000ebd80000,0x00000000ec012e08,0x00000000ee000000)
  to   space 35840K, 0% used [0x00000000e9a80000,0x00000000e9a80000,0x00000000ebd80000)
 ParOldGen       total 126976K, used 62750K [0x00000000a0000000, 0x00000000a7c00000, 0x00000000e0000000)
  object space 126976K, 49% used [0x00000000a0000000,0x00000000a3d47a00,0x00000000a7c00000)
 Metaspace       used 58300K, capacity 59713K, committed 59864K, reserved 1101824K
  class space    used 6826K, capacity 7128K, committed 7168K, reserved 1048576K
GC Heap History (10 events):
Event: 10.746 GC heap before
{Heap before GC invocations=14 (full 3):
 PSYoungGen      total 119808K, used 119796K [0x00000000e0000000, 0x00000000e9180000, 0x0000000100000000)
  eden space 100352K, 100% used [0x00000000e0000000,0x00000000e6200000,0x00000000e6200000)
  from space 19456K, 99% used [0x00000000e7e80000,0x00000000e917d0d8,0x00000000e9180000)
  to   space 23552K, 0% used [0x00000000e6380000,0x00000000e6380000,0x00000000e7a80000)
 ParOldGen       total 62976K, used 26135K [0x00000000a0000000, 0x00000000a3d80000, 0x00000000e0000000)
  object space 62976K, 41% used [0x00000000a0000000,0x00000000a1985d88,0x00000000a3d80000)
 Metaspace       used 47672K, capacity 48561K, committed 48768K, reserved 1091584K
  class space    used 5733K, capacity 5930K, committed 6016K, reserved 1048576K
Event: 10.808 GC heap after
Heap after GC invocations=14 (full 3):
 PSYoungGen      total 125440K, used 22672K [0x00000000e0000000, 0x00000000eb200000, 0x0000000100000000)
  eden space 101888K, 0% used [0x00000000e0000000,0x00000000e0000000,0x00000000e6380000)
  from space 23552K, 96% used [0x00000000e6380000,0x00000000e79a43d0,0x00000000e7a80000)
  to   space 27136K, 0% used [0x00000000e9780000,0x00000000e9780000,0x00000000eb200000)
 ParOldGen       total 62976K, used 38974K [0x00000000a0000000, 0x00000000a3d80000, 0x00000000e0000000)
  object space 62976K, 61% used [0x00000000a0000000,0x00000000a260f930,0x00000000a3d80000)
 Metaspace       used 47672K, capacity 48561K, committed 48768K, reserved 1091584K
  class space    used 5733K, capacity 5930K, committed 6016K, reserved 1048576K
}
Event: 12.369 GC heap before
{Heap before GC invocations=15 (full 3):
 PSYoungGen      total 125440K, used 124560K [0x00000000e0000000, 0x00000000eb200000, 0x0000000100000000)
  eden space 101888K, 100% used [0x00000000e0000000,0x00000000e6380000,0x00000000e6380000)
  from space 23552K, 96% used [0x00000000e6380000,0x00000000e79a43d0,0x00000000e7a80000)
  to   space 27136K, 0% used [0x00000000e9780000,0x00000000e9780000,0x00000000eb200000)
 ParOldGen       total 62976K, used 38974K [0x00000000a0000000, 0x00000000a3d80000, 0x00000000e0000000)
  object space 62976K, 61% used [0x00000000a0000000,0x00000000a260f930,0x00000000a3d80000)
 Metaspace       used 49323K, capacity 50189K, committed 50432K, reserved 1093632K
  class space    used 5877K, capacity 6102K, committed 6144K, reserved 1048576K
Event: 12.403 GC heap after
Heap after GC invocations=15 (full 3):
 PSYoungGen      total 152064K, used 24992K [0x00000000e0000000, 0x00000000eb980000, 0x0000000100000000)
  eden space 124928K, 0% used [0x00000000e0000000,0x00000000e0000000,0x00000000e7a00000)
  from space 27136K, 92% used [0x00000000e9780000,0x00000000eafe8378,0x00000000eb200000)
  to   space 30208K, 0% used [0x00000000e7a00000,0x00000000e7a00000,0x00000000e9780000)
 ParOldGen       total 62976K, used 38982K [0x00000000a0000000, 0x00000000a3d80000, 0x00000000e0000000)
  object space 62976K, 61% used [0x00000000a0000000,0x00000000a2611930,0x00000000a3d80000)
 Metaspace       used 49323K, capacity 50189K, committed 50432K, reserved 1093632K
  class space    used 5877K, capacity 6102K, committed 6144K, reserved 1048576K
}
Event: 14.825 GC heap before
{Heap before GC invocations=16 (full 3):
 PSYoungGen      total 152064K, used 149920K [0x00000000e0000000, 0x00000000eb980000, 0x0000000100000000)
  eden space 124928K, 100% used [0x00000000e0000000,0x00000000e7a00000,0x00000000e7a00000)
  from space 27136K, 92% used [0x00000000e9780000,0x00000000eafe8378,0x00000000eb200000)
  to   space 30208K, 0% used [0x00000000e7a00000,0x00000000e7a00000,0x00000000e9780000)
 ParOldGen       total 62976K, used 38982K [0x00000000a0000000, 0x00000000a3d80000, 0x00000000e0000000)
  object space 62976K, 61% used [0x00000000a0000000,0x00000000a2611930,0x00000000a3d80000)
 Metaspace       used 51072K, capacity 52055K, committed 52224K, reserved 1095680K
  class space    used 6145K, capacity 6397K, committed 6400K, reserved 1048576K
Event: 14.880 GC heap after
Heap after GC invocations=16 (full 3):
 PSYoungGen      total 155136K, used 30203K [0x00000000e0000000, 0x00000000ee000000, 0x0000000100000000)
  eden space 124928K, 0% used [0x00000000e0000000,0x00000000e0000000,0x00000000e7a00000)
  from space 30208K, 99% used [0x00000000e7a00000,0x00000000e977edc0,0x00000000e9780000)
  to   space 35328K, 0% used [0x00000000ebd80000,0x00000000ebd80000,0x00000000ee000000)
 ParOldGen       total 62976K, used 39614K [0x00000000a0000000, 0x00000000a3d80000, 0x00000000e0000000)
  object space 62976K, 62% used [0x00000000a0000000,0x00000000a26af930,0x00000000a3d80000)
 Metaspace       used 51072K, capacity 52055K, committed 52224K, reserved 1095680K
  class space    used 6145K, capacity 6397K, committed 6400K, reserved 1048576K
}
Event: 16.609 GC heap before
{Heap before GC invocations=17 (full 3):
 PSYoungGen      total 155136K, used 129412K [0x00000000e0000000, 0x00000000ee000000, 0x0000000100000000)
  eden space 124928K, 79% used [0x00000000e0000000,0x00000000e60e2368,0x00000000e7a00000)
  from space 30208K, 99% used [0x00000000e7a00000,0x00000000e977edc0,0x00000000e9780000)
  to   space 35328K, 0% used [0x00000000ebd80000,0x00000000ebd80000,0x00000000ee000000)
 ParOldGen       total 62976K, used 39614K [0x00000000a0000000, 0x00000000a3d80000, 0x00000000e0000000)
  object space 62976K, 62% used [0x00000000a0000000,0x00000000a26af930,0x00000000a3d80000)
 Metaspace       used 57608K, capacity 58997K, committed 59096K, reserved 1101824K
  class space    used 6805K, capacity 7126K, committed 7168K, reserved 1048576K
Event: 16.704 GC heap after
Heap after GC invocations=17 (full 3):
 PSYoungGen      total 193536K, used 21258K [0x00000000e0000000, 0x00000000ee600000, 0x0000000100000000)
  eden space 158208K, 0% used [0x00000000e0000000,0x00000000e0000000,0x00000000e9a80000)
  from space 35328K, 60% used [0x00000000ebd80000,0x00000000ed2428b8,0x00000000ee000000)
  to   space 35840K, 0% used [0x00000000e9a80000,0x00000000e9a80000,0x00000000ebd80000)
 ParOldGen       total 62976K, used 56061K [0x00000000a0000000, 0x00000000a3d80000, 0x00000000e0000000)
  object space 62976K, 89% used [0x00000000a0000000,0x00000000a36bf418,0x00000000a3d80000)
 Metaspace       used 57608K, capacity 58997K, committed 59096K, reserved 1101824K
  class space    used 6805K, capacity 7126K, committed 7168K, reserved 1048576K
}
Event: 16.704 GC heap before
{Heap before GC invocations=18 (full 4):
 PSYoungGen      total 193536K, used 21258K [0x00000000e0000000, 0x00000000ee600000, 0x0000000100000000)
  eden space 158208K, 0% used [0x00000000e0000000,0x00000000e0000000,0x00000000e9a80000)
  from space 35328K, 60% used [0x00000000ebd80000,0x00000000ed2428b8,0x00000000ee000000)
  to   space 35840K, 0% used [0x00000000e9a80000,0x00000000e9a80000,0x00000000ebd80000)
 ParOldGen       total 62976K, used 56061K [0x00000000a0000000, 0x00000000a3d80000, 0x00000000e0000000)
  object space 62976K, 89% used [0x00000000a0000000,0x00000000a36bf418,0x00000000a3d80000)
 Metaspace       used 57608K, capacity 58997K, committed 59096K, reserved 1101824K
  class space    used 6805K, capacity 7126K, committed 7168K, reserved 1048576K
Event: 17.136 GC heap after
Heap after GC invocations=18 (full 4):
 PSYoungGen      total 193536K, used 2635K [0x00000000e0000000, 0x00000000ee600000, 0x0000000100000000)
  eden space 158208K, 0% used [0x00000000e0000000,0x00000000e0000000,0x00000000e9a80000)
  from space 35328K, 7% used [0x00000000ebd80000,0x00000000ec012e08,0x00000000ee000000)
  to   space 35840K, 0% used [0x00000000e9a80000,0x00000000e9a80000,0x00000000ebd80000)
 ParOldGen       total 126976K, used 62750K [0x00000000a0000000, 0x00000000a7c00000, 0x00000000e0000000)
  object space 126976K, 49% used [0x00000000a0000000,0x00000000a3d47a00,0x00000000a7c00000)
 Metaspace       used 57608K, capacity 58997K, committed 59096K, reserved 1101824K
  class space    used 6805K, capacity 7126K, committed 7168K, reserved 1048576K
}

