# JRE version: OpenJDK Runtime Environment (8.0_152-b02) (build 1.8.0_152-release-1024-b02)
# Java VM: OpenJDK 64-Bit Server VM (25.152-b02 mixed mode windows-amd64 compressed oops)
Heap:
 PSYoungGen      total 104960K, used 47660K [0x00000000e0000000, 0x00000000e8b00000, 0x0000000100000000)
  eden space 87552K, 34% used [0x00000000e0000000,0x00000000e1d90aa0,0x00000000e5580000)
  from space 17408K, 99% used [0x00000000e6900000,0x00000000e79fa5a0,0x00000000e7a00000)
  to   space 14848K, 0% used [0x00000000e7c80000,0x00000000e7c80000,0x00000000e8b00000)
 ParOldGen       total 61952K, used 30918K [0x00000000a0000000, 0x00000000a3c80000, 0x00000000e0000000)
  object space 61952K, 49% used [0x00000000a0000000,0x00000000a1e31920,0x00000000a3c80000)
 Metaspace       used 43112K, capacity 43771K, committed 44160K, reserved 1087488K
  class space    used 5296K, capacity 5485K, committed 5504K, reserved 1048576K
GC Heap History (10 events):
Event: 11.126 GC heap before
{Heap before GC invocations=8 (full 2):
 PSYoungGen      total 35328K, used 32768K [0x00000000e0000000, 0x00000000e4500000, 0x0000000100000000)
  eden space 32768K, 100% used [0x00000000e0000000,0x00000000e2000000,0x00000000e2000000)
  from space 2560K, 0% used [0x00000000e2000000,0x00000000e2000000,0x00000000e2280000)
  to   space 2560K, 0% used [0x00000000e4280000,0x00000000e4280000,0x00000000e4500000)
 ParOldGen       total 30720K, used 7369K [0x00000000a0000000, 0x00000000a1e00000, 0x00000000e0000000)
  object space 30720K, 23% used [0x00000000a0000000,0x00000000a07326d0,0x00000000a1e00000)
 Metaspace       used 24789K, capacity 25260K, committed 25600K, reserved 1071104K
  class space    used 3147K, capacity 3310K, committed 3328K, reserved 1048576K
Event: 11.135 GC heap after
Heap after GC invocations=8 (full 2):
 PSYoungGen      total 62464K, used 2545K [0x00000000e0000000, 0x00000000e4c80000, 0x0000000100000000)
  eden space 59904K, 0% used [0x00000000e0000000,0x00000000e0000000,0x00000000e3a80000)
  from space 2560K, 99% used [0x00000000e4280000,0x00000000e44fc518,0x00000000e4500000)
  to   space 8192K, 0% used [0x00000000e3a80000,0x00000000e3a80000,0x00000000e4280000)
 ParOldGen       total 30720K, used 11473K [0x00000000a0000000, 0x00000000a1e00000, 0x00000000e0000000)
  object space 30720K, 37% used [0x00000000a0000000,0x00000000a0b34400,0x00000000a1e00000)
 Metaspace       used 24789K, capacity 25260K, committed 25600K, reserved 1071104K
  class space    used 3147K, capacity 3310K, committed 3328K, reserved 1048576K
}
Event: 13.010 GC heap before
{Heap before GC invocations=9 (full 2):
 PSYoungGen      total 62464K, used 62449K [0x00000000e0000000, 0x00000000e4c80000, 0x0000000100000000)
  eden space 59904K, 100% used [0x00000000e0000000,0x00000000e3a80000,0x00000000e3a80000)
  from space 2560K, 99% used [0x00000000e4280000,0x00000000e44fc518,0x00000000e4500000)
  to   space 8192K, 0% used [0x00000000e3a80000,0x00000000e3a80000,0x00000000e4280000)
 ParOldGen       total 30720K, used 11473K [0x00000000a0000000, 0x00000000a1e00000, 0x00000000e0000000)
  object space 30720K, 37% used [0x00000000a0000000,0x00000000a0b34400,0x00000000a1e00000)
 Metaspace       used 34099K, capacity 34620K, committed 34944K, reserved 1079296K
  class space    used 4247K, capacity 4362K, committed 4480K, reserved 1048576K
Event: 13.047 GC heap after
Heap after GC invocations=9 (full 2):
 PSYoungGen      total 68096K, used 8162K [0x00000000e0000000, 0x00000000e8b00000, 0x0000000100000000)
  eden space 59904K, 0% used [0x00000000e0000000,0x00000000e0000000,0x00000000e3a80000)
  from space 8192K, 99% used [0x00000000e3a80000,0x00000000e4278918,0x00000000e4280000)
  to   space 14848K, 0% used [0x00000000e7c80000,0x00000000e7c80000,0x00000000e8b00000)
 ParOldGen       total 30720K, used 22230K [0x00000000a0000000, 0x00000000a1e00000, 0x00000000e0000000)
  object space 30720K, 72% used [0x00000000a0000000,0x00000000a15b5958,0x00000000a1e00000)
 Metaspace       used 34099K, capacity 34620K, committed 34944K, reserved 1079296K
  class space    used 4247K, capacity 4362K, committed 4480K, reserved 1048576K
}
Event: 13.047 GC heap before
{Heap before GC invocations=10 (full 3):
 PSYoungGen      total 68096K, used 8162K [0x00000000e0000000, 0x00000000e8b00000, 0x0000000100000000)
  eden space 59904K, 0% used [0x00000000e0000000,0x00000000e0000000,0x00000000e3a80000)
  from space 8192K, 99% used [0x00000000e3a80000,0x00000000e4278918,0x00000000e4280000)
  to   space 14848K, 0% used [0x00000000e7c80000,0x00000000e7c80000,0x00000000e8b00000)
 ParOldGen       total 30720K, used 22230K [0x00000000a0000000, 0x00000000a1e00000, 0x00000000e0000000)
  object space 30720K, 72% used [0x00000000a0000000,0x00000000a15b5958,0x00000000a1e00000)
 Metaspace       used 34099K, capacity 34620K, committed 34944K, reserved 1079296K
  class space    used 4247K, capacity 4362K, committed 4480K, reserved 1048576K
Event: 13.161 GC heap after
Heap after GC invocations=10 (full 3):
 PSYoungGen      total 68096K, used 0K [0x00000000e0000000, 0x00000000e8b00000, 0x0000000100000000)
  eden space 59904K, 0% used [0x00000000e0000000,0x00000000e0000000,0x00000000e3a80000)
  from space 8192K, 0% used [0x00000000e3a80000,0x00000000e3a80000,0x00000000e4280000)
  to   space 14848K, 0% used [0x00000000e7c80000,0x00000000e7c80000,0x00000000e8b00000)
 ParOldGen       total 61952K, used 24146K [0x00000000a0000000, 0x00000000a3c80000, 0x00000000e0000000)
  object space 61952K, 38% used [0x00000000a0000000,0x00000000a1794bc0,0x00000000a3c80000)
 Metaspace       used 34099K, capacity 34620K, committed 34944K, reserved 1079296K
  class space    used 4247K, capacity 4362K, committed 4480K, reserved 1048576K
}
Event: 14.138 GC heap before
{Heap before GC invocations=11 (full 3):
 PSYoungGen      total 68096K, used 59904K [0x00000000e0000000, 0x00000000e8b00000, 0x0000000100000000)
  eden space 59904K, 100% used [0x00000000e0000000,0x00000000e3a80000,0x00000000e3a80000)
  from space 8192K, 0% used [0x00000000e3a80000,0x00000000e3a80000,0x00000000e4280000)
  to   space 14848K, 0% used [0x00000000e7c80000,0x00000000e7c80000,0x00000000e8b00000)
 ParOldGen       total 61952K, used 24146K [0x00000000a0000000, 0x00000000a3c80000, 0x00000000e0000000)
  object space 61952K, 38% used [0x00000000a0000000,0x00000000a1794bc0,0x00000000a3c80000)
 Metaspace       used 38631K, capacity 39175K, committed 39552K, reserved 1083392K
  class space    used 4769K, capacity 4901K, committed 4992K, reserved 1048576K
Event: 14.157 GC heap after
Heap after GC invocations=11 (full 3):
 PSYoungGen      total 102400K, used 14837K [0x00000000e0000000, 0x00000000e8b00000, 0x0000000100000000)
  eden space 87552K, 0% used [0x00000000e0000000,0x00000000e0000000,0x00000000e5580000)
  from space 14848K, 99% used [0x00000000e7c80000,0x00000000e8afd750,0x00000000e8b00000)
  to   space 17408K, 0% used [0x00000000e6900000,0x00000000e6900000,0x00000000e7a00000)
 ParOldGen       total 61952K, used 25109K [0x00000000a0000000, 0x00000000a3c80000, 0x00000000e0000000)
  object space 61952K, 40% used [0x00000000a0000000,0x00000000a1885610,0x00000000a3c80000)
 Metaspace       used 38631K, capacity 39175K, committed 39552K, reserved 1083392K
  class space    used 4769K, capacity 4901K, committed 4992K, reserved 1048576K
}
Event: 15.808 GC heap before
{Heap before GC invocations=12 (full 3):
 PSYoungGen      total 102400K, used 102389K [0x00000000e0000000, 0x00000000e8b00000, 0x0000000100000000)
  eden space 87552K, 100% used [0x00000000e0000000,0x00000000e5580000,0x00000000e5580000)
  from space 14848K, 99% used [0x00000000e7c80000,0x00000000e8afd750,0x00000000e8b00000)
  to   space 17408K, 0% used [0x00000000e6900000,0x00000000e6900000,0x00000000e7a00000)
 ParOldGen       total 61952K, used 25109K [0x00000000a0000000, 0x00000000a3c80000, 0x00000000e0000000)
  object space 61952K, 40% used [0x00000000a0000000,0x00000000a1885610,0x00000000a3c80000)
 Metaspace       used 40581K, capacity 41289K, committed 41728K, reserved 1085440K
  class space    used 4888K, capacity 5050K, committed 5120K, reserved 1048576K
Event: 15.861 GC heap after
Heap after GC invocations=12 (full 3):
 PSYoungGen      total 104960K, used 17385K [0x00000000e0000000, 0x00000000e8b00000, 0x0000000100000000)
  eden space 87552K, 0% used [0x00000000e0000000,0x00000000e0000000,0x00000000e5580000)
  from space 17408K, 99% used [0x00000000e6900000,0x00000000e79fa5a0,0x00000000e7a00000)
  to   space 14848K, 0% used [0x00000000e7c80000,0x00000000e7c80000,0x00000000e8b00000)
 ParOldGen       total 61952K, used 30918K [0x00000000a0000000, 0x00000000a3c80000, 0x00000000e0000000)
  object space 61952K, 49% used [0x00000000a0000000,0x00000000a1e31920,0x00000000a3c80000)
 Metaspace       used 40581K, capacity 41289K, committed 41728K, reserved 1085440K
  class space    used 4888K, capacity 5050K, committed 5120K, reserved 1048576K
}

