# JRE version: OpenJDK Runtime Environment (8.0_152-b02) (build 1.8.0_152-release-1024-b02)
# Java VM: OpenJDK 64-Bit Server VM (25.152-b02 mixed mode windows-amd64 compressed oops)
Heap:
 PSYoungGen      total 125440K, used 53640K [0x00000000e0000000, 0x00000000ea880000, 0x0000000100000000)
  eden space 108032K, 33% used [0x00000000e0000000,0x00000000e23632c8,0x00000000e6980000)
  from space 17408K, 99% used [0x00000000e6980000,0x00000000e7a7f0f8,0x00000000e7a80000)
  to   space 22528K, 0% used [0x00000000e9280000,0x00000000e9280000,0x00000000ea880000)
 ParOldGen       total 61440K, used 31229K [0x00000000a0000000, 0x00000000a3c00000, 0x00000000e0000000)
  object space 61440K, 50% used [0x00000000a0000000,0x00000000a1e7f5d8,0x00000000a3c00000)
 Metaspace       used 43789K, capacity 44505K, committed 44800K, reserved 1089536K
  class space    used 5374K, capacity 5532K, committed 5632K, reserved 1048576K
GC Heap History (10 events):
Event: 14.290 GC heap before
{Heap before GC invocations=8 (full 2):
 PSYoungGen      total 35328K, used 32768K [0x00000000e0000000, 0x00000000e4500000, 0x0000000100000000)
  eden space 32768K, 100% used [0x00000000e0000000,0x00000000e2000000,0x00000000e2000000)
  from space 2560K, 0% used [0x00000000e2000000,0x00000000e2000000,0x00000000e2280000)
  to   space 2560K, 0% used [0x00000000e4280000,0x00000000e4280000,0x00000000e4500000)
 ParOldGen       total 31232K, used 8336K [0x00000000a0000000, 0x00000000a1e80000, 0x00000000e0000000)
  object space 31232K, 26% used [0x00000000a0000000,0x00000000a08243e8,0x00000000a1e80000)
 Metaspace       used 24702K, capacity 25170K, committed 25344K, reserved 1071104K
  class space    used 3140K, capacity 3279K, committed 3328K, reserved 1048576K
Event: 14.300 GC heap after
Heap after GC invocations=8 (full 2):
 PSYoungGen      total 62464K, used 2540K [0x00000000e0000000, 0x00000000e4d80000, 0x0000000100000000)
  eden space 59904K, 0% used [0x00000000e0000000,0x00000000e0000000,0x00000000e3a80000)
  from space 2560K, 99% used [0x00000000e4280000,0x00000000e44fb2b8,0x00000000e4500000)
  to   space 8192K, 0% used [0x00000000e3a80000,0x00000000e3a80000,0x00000000e4280000)
 ParOldGen       total 31232K, used 12692K [0x00000000a0000000, 0x00000000a1e80000, 0x00000000e0000000)
  object space 31232K, 40% used [0x00000000a0000000,0x00000000a0c652f0,0x00000000a1e80000)
 Metaspace       used 24702K, capacity 25170K, committed 25344K, reserved 1071104K
  class space    used 3140K, capacity 3279K, committed 3328K, reserved 1048576K
}
Event: 15.713 GC heap before
{Heap before GC invocations=9 (full 2):
 PSYoungGen      total 62464K, used 62444K [0x00000000e0000000, 0x00000000e4d80000, 0x0000000100000000)
  eden space 59904K, 100% used [0x00000000e0000000,0x00000000e3a80000,0x00000000e3a80000)
  from space 2560K, 99% used [0x00000000e4280000,0x00000000e44fb2b8,0x00000000e4500000)
  to   space 8192K, 0% used [0x00000000e3a80000,0x00000000e3a80000,0x00000000e4280000)
 ParOldGen       total 31232K, used 12692K [0x00000000a0000000, 0x00000000a1e80000, 0x00000000e0000000)
  object space 31232K, 40% used [0x00000000a0000000,0x00000000a0c652f0,0x00000000a1e80000)
 Metaspace       used 33759K, capacity 34258K, committed 34688K, reserved 1079296K
  class space    used 4211K, capacity 4353K, committed 4480K, reserved 1048576K
Event: 15.738 GC heap after
Heap after GC invocations=9 (full 2):
 PSYoungGen      total 68096K, used 8170K [0x00000000e0000000, 0x00000000e8b80000, 0x0000000100000000)
  eden space 59904K, 0% used [0x00000000e0000000,0x00000000e0000000,0x00000000e3a80000)
  from space 8192K, 99% used [0x00000000e3a80000,0x00000000e427aa60,0x00000000e4280000)
  to   space 14336K, 0% used [0x00000000e7d80000,0x00000000e7d80000,0x00000000e8b80000)
 ParOldGen       total 31232K, used 22877K [0x00000000a0000000, 0x00000000a1e80000, 0x00000000e0000000)
  object space 31232K, 73% used [0x00000000a0000000,0x00000000a1657718,0x00000000a1e80000)
 Metaspace       used 33759K, capacity 34258K, committed 34688K, reserved 1079296K
  class space    used 4211K, capacity 4353K, committed 4480K, reserved 1048576K
}
Event: 15.738 GC heap before
{Heap before GC invocations=10 (full 3):
 PSYoungGen      total 68096K, used 8170K [0x00000000e0000000, 0x00000000e8b80000, 0x0000000100000000)
  eden space 59904K, 0% used [0x00000000e0000000,0x00000000e0000000,0x00000000e3a80000)
  from space 8192K, 99% used [0x00000000e3a80000,0x00000000e427aa60,0x00000000e4280000)
  to   space 14336K, 0% used [0x00000000e7d80000,0x00000000e7d80000,0x00000000e8b80000)
 ParOldGen       total 31232K, used 22877K [0x00000000a0000000, 0x00000000a1e80000, 0x00000000e0000000)
  object space 31232K, 73% used [0x00000000a0000000,0x00000000a1657718,0x00000000a1e80000)
 Metaspace       used 33759K, capacity 34258K, committed 34688K, reserved 1079296K
  class space    used 4211K, capacity 4353K, committed 4480K, reserved 1048576K
Event: 15.854 GC heap after
Heap after GC invocations=10 (full 3):
 PSYoungGen      total 68096K, used 0K [0x00000000e0000000, 0x00000000e8b80000, 0x0000000100000000)
  eden space 59904K, 0% used [0x00000000e0000000,0x00000000e0000000,0x00000000e3a80000)
  from space 8192K, 0% used [0x00000000e3a80000,0x00000000e3a80000,0x00000000e4280000)
  to   space 14336K, 0% used [0x00000000e7d80000,0x00000000e7d80000,0x00000000e8b80000)
 ParOldGen       total 61440K, used 23924K [0x00000000a0000000, 0x00000000a3c00000, 0x00000000e0000000)
  object space 61440K, 38% used [0x00000000a0000000,0x00000000a175d168,0x00000000a3c00000)
 Metaspace       used 33759K, capacity 34258K, committed 34688K, reserved 1079296K
  class space    used 4211K, capacity 4353K, committed 4480K, reserved 1048576K
}
Event: 16.747 GC heap before
{Heap before GC invocations=11 (full 3):
 PSYoungGen      total 68096K, used 59904K [0x00000000e0000000, 0x00000000e8b80000, 0x0000000100000000)
  eden space 59904K, 100% used [0x00000000e0000000,0x00000000e3a80000,0x00000000e3a80000)
  from space 8192K, 0% used [0x00000000e3a80000,0x00000000e3a80000,0x00000000e4280000)
  to   space 14336K, 0% used [0x00000000e7d80000,0x00000000e7d80000,0x00000000e8b80000)
 ParOldGen       total 61440K, used 23924K [0x00000000a0000000, 0x00000000a3c00000, 0x00000000e0000000)
  object space 61440K, 38% used [0x00000000a0000000,0x00000000a175d168,0x00000000a3c00000)
 Metaspace       used 38458K, capacity 39053K, committed 39552K, reserved 1083392K
  class space    used 4753K, capacity 4902K, committed 4992K, reserved 1048576K
Event: 16.770 GC heap after
Heap after GC invocations=11 (full 3):
 PSYoungGen      total 100352K, used 14305K [0x00000000e0000000, 0x00000000e8b80000, 0x0000000100000000)
  eden space 86016K, 0% used [0x00000000e0000000,0x00000000e0000000,0x00000000e5400000)
  from space 14336K, 99% used [0x00000000e7d80000,0x00000000e8b78540,0x00000000e8b80000)
  to   space 17408K, 0% used [0x00000000e6980000,0x00000000e6980000,0x00000000e7a80000)
 ParOldGen       total 61440K, used 25227K [0x00000000a0000000, 0x00000000a3c00000, 0x00000000e0000000)
  object space 61440K, 41% used [0x00000000a0000000,0x00000000a18a2c68,0x00000000a3c00000)
 Metaspace       used 38458K, capacity 39053K, committed 39552K, reserved 1083392K
  class space    used 4753K, capacity 4902K, committed 4992K, reserved 1048576K
}
Event: 17.904 GC heap before
{Heap before GC invocations=12 (full 3):
 PSYoungGen      total 100352K, used 100321K [0x00000000e0000000, 0x00000000e8b80000, 0x0000000100000000)
  eden space 86016K, 100% used [0x00000000e0000000,0x00000000e5400000,0x00000000e5400000)
  from space 14336K, 99% used [0x00000000e7d80000,0x00000000e8b78540,0x00000000e8b80000)
  to   space 17408K, 0% used [0x00000000e6980000,0x00000000e6980000,0x00000000e7a80000)
 ParOldGen       total 61440K, used 25227K [0x00000000a0000000, 0x00000000a3c00000, 0x00000000e0000000)
  object space 61440K, 41% used [0x00000000a0000000,0x00000000a18a2c68,0x00000000a3c00000)
 Metaspace       used 40447K, capacity 41135K, committed 41472K, reserved 1085440K
  class space    used 4878K, capacity 5019K, committed 5120K, reserved 1048576K
Event: 17.953 GC heap after
Heap after GC invocations=12 (full 3):
 PSYoungGen      total 125440K, used 17404K [0x00000000e0000000, 0x00000000ea880000, 0x0000000100000000)
  eden space 108032K, 0% used [0x00000000e0000000,0x00000000e0000000,0x00000000e6980000)
  from space 17408K, 99% used [0x00000000e6980000,0x00000000e7a7f0f8,0x00000000e7a80000)
  to   space 22528K, 0% used [0x00000000e9280000,0x00000000e9280000,0x00000000ea880000)
 ParOldGen       total 61440K, used 31229K [0x00000000a0000000, 0x00000000a3c00000, 0x00000000e0000000)
  object space 61440K, 50% used [0x00000000a0000000,0x00000000a1e7f5d8,0x00000000a3c00000)
 Metaspace       used 40447K, capacity 41135K, committed 41472K, reserved 1085440K
  class space    used 4878K, capacity 5019K, committed 5120K, reserved 1048576K
}

