# JRE version: OpenJDK Runtime Environment (8.0_152-b02) (build 1.8.0_152-release-1024-b02)
# Java VM: OpenJDK 64-Bit Server VM (25.152-b02 mixed mode windows-amd64 compressed oops)
Heap:
 PSYoungGen      total 62464K, used 51688K [0x00000000e0000000, 0x00000000e4e00000, 0x0000000100000000)
  eden space 59904K, 82% used [0x00000000e0000000,0x00000000e2ffab98,0x00000000e3a80000)
  from space 2560K, 99% used [0x00000000e4280000,0x00000000e44ff508,0x00000000e4500000)
  to   space 8192K, 0% used [0x00000000e3a80000,0x00000000e3a80000,0x00000000e4280000)
 ParOldGen       total 30208K, used 11549K [0x00000000a0000000, 0x00000000a1d80000, 0x00000000e0000000)
  object space 30208K, 38% used [0x00000000a0000000,0x00000000a0b474a8,0x00000000a1d80000)
 Metaspace       used 32726K, capacity 33152K, committed 33536K, reserved 1079296K
  class space    used 4124K, capacity 4248K, committed 4352K, reserved 1048576K
GC Heap History (10 events):
Event: 16.247 GC heap before
{Heap before GC invocations=4 (full 1):
 PSYoungGen      total 18944K, used 18913K [0x00000000e0000000, 0x00000000e1500000, 0x0000000100000000)
  eden space 16384K, 100% used [0x00000000e0000000,0x00000000e1000000,0x00000000e1000000)
  from space 2560K, 98% used [0x00000000e1280000,0x00000000e14f8550,0x00000000e1500000)
  to   space 2560K, 0% used [0x00000000e1000000,0x00000000e1000000,0x00000000e1280000)
 ParOldGen       total 44032K, used 4016K [0x00000000a0000000, 0x00000000a2b00000, 0x00000000e0000000)
  object space 44032K, 9% used [0x00000000a0000000,0x00000000a03ec220,0x00000000a2b00000)
 Metaspace       used 14232K, capacity 14458K, committed 14592K, reserved 1062912K
  class space    used 1651K, capacity 1727K, committed 1792K, reserved 1048576K
Event: 16.253 GC heap after
Heap after GC invocations=4 (full 1):
 PSYoungGen      total 18944K, used 2531K [0x00000000e0000000, 0x00000000e2500000, 0x0000000100000000)
  eden space 16384K, 0% used [0x00000000e0000000,0x00000000e0000000,0x00000000e1000000)
  from space 2560K, 98% used [0x00000000e1000000,0x00000000e1278da0,0x00000000e1280000)
  to   space 2560K, 0% used [0x00000000e2280000,0x00000000e2280000,0x00000000e2500000)
 ParOldGen       total 44032K, used 6650K [0x00000000a0000000, 0x00000000a2b00000, 0x00000000e0000000)
  object space 44032K, 15% used [0x00000000a0000000,0x00000000a067e850,0x00000000a2b00000)
 Metaspace       used 14232K, capacity 14458K, committed 14592K, reserved 1062912K
  class space    used 1651K, capacity 1727K, committed 1792K, reserved 1048576K
}
Event: 16.513 GC heap before
{Heap before GC invocations=5 (full 1):
 PSYoungGen      total 18944K, used 18915K [0x00000000e0000000, 0x00000000e2500000, 0x0000000100000000)
  eden space 16384K, 100% used [0x00000000e0000000,0x00000000e1000000,0x00000000e1000000)
  from space 2560K, 98% used [0x00000000e1000000,0x00000000e1278da0,0x00000000e1280000)
  to   space 2560K, 0% used [0x00000000e2280000,0x00000000e2280000,0x00000000e2500000)
 ParOldGen       total 44032K, used 6650K [0x00000000a0000000, 0x00000000a2b00000, 0x00000000e0000000)
  object space 44032K, 15% used [0x00000000a0000000,0x00000000a067e850,0x00000000a2b00000)
 Metaspace       used 18455K, capacity 18718K, committed 18944K, reserved 1067008K
  class space    used 2171K, capacity 2249K, committed 2304K, reserved 1048576K
Event: 16.520 GC heap after
Heap after GC invocations=5 (full 1):
 PSYoungGen      total 35328K, used 2540K [0x00000000e0000000, 0x00000000e2500000, 0x0000000100000000)
  eden space 32768K, 0% used [0x00000000e0000000,0x00000000e0000000,0x00000000e2000000)
  from space 2560K, 99% used [0x00000000e2280000,0x00000000e24fb3e0,0x00000000e2500000)
  to   space 2560K, 0% used [0x00000000e2000000,0x00000000e2000000,0x00000000e2280000)
 ParOldGen       total 44032K, used 10471K [0x00000000a0000000, 0x00000000a2b00000, 0x00000000e0000000)
  object space 44032K, 23% used [0x00000000a0000000,0x00000000a0a39d18,0x00000000a2b00000)
 Metaspace       used 18455K, capacity 18718K, committed 18944K, reserved 1067008K
  class space    used 2171K, capacity 2249K, committed 2304K, reserved 1048576K
}
Event: 16.659 GC heap before
{Heap before GC invocations=6 (full 1):
 PSYoungGen      total 35328K, used 14095K [0x00000000e0000000, 0x00000000e2500000, 0x0000000100000000)
  eden space 32768K, 35% used [0x00000000e0000000,0x00000000e0b48838,0x00000000e2000000)
  from space 2560K, 99% used [0x00000000e2280000,0x00000000e24fb3e0,0x00000000e2500000)
  to   space 2560K, 0% used [0x00000000e2000000,0x00000000e2000000,0x00000000e2280000)
 ParOldGen       total 44032K, used 10471K [0x00000000a0000000, 0x00000000a2b00000, 0x00000000e0000000)
  object space 44032K, 23% used [0x00000000a0000000,0x00000000a0a39d18,0x00000000a2b00000)
 Metaspace       used 20686K, capacity 20998K, committed 21296K, reserved 1069056K
  class space    used 2479K, capacity 2585K, committed 2688K, reserved 1048576K
Event: 16.664 GC heap after
Heap after GC invocations=6 (full 1):
 PSYoungGen      total 35328K, used 2544K [0x00000000e0000000, 0x00000000e4500000, 0x0000000100000000)
  eden space 32768K, 0% used [0x00000000e0000000,0x00000000e0000000,0x00000000e2000000)
  from space 2560K, 99% used [0x00000000e2000000,0x00000000e227c010,0x00000000e2280000)
  to   space 2560K, 0% used [0x00000000e4280000,0x00000000e4280000,0x00000000e4500000)
 ParOldGen       total 44032K, used 12950K [0x00000000a0000000, 0x00000000a2b00000, 0x00000000e0000000)
  object space 44032K, 29% used [0x00000000a0000000,0x00000000a0ca5bf8,0x00000000a2b00000)
 Metaspace       used 20686K, capacity 20998K, committed 21296K, reserved 1069056K
  class space    used 2479K, capacity 2585K, committed 2688K, reserved 1048576K
}
Event: 16.664 GC heap before
{Heap before GC invocations=7 (full 2):
 PSYoungGen      total 35328K, used 2544K [0x00000000e0000000, 0x00000000e4500000, 0x0000000100000000)
  eden space 32768K, 0% used [0x00000000e0000000,0x00000000e0000000,0x00000000e2000000)
  from space 2560K, 99% used [0x00000000e2000000,0x00000000e227c010,0x00000000e2280000)
  to   space 2560K, 0% used [0x00000000e4280000,0x00000000e4280000,0x00000000e4500000)
 ParOldGen       total 44032K, used 12950K [0x00000000a0000000, 0x00000000a2b00000, 0x00000000e0000000)
  object space 44032K, 29% used [0x00000000a0000000,0x00000000a0ca5bf8,0x00000000a2b00000)
 Metaspace       used 20686K, capacity 20998K, committed 21296K, reserved 1069056K
  class space    used 2479K, capacity 2585K, committed 2688K, reserved 1048576K
Event: 16.694 GC heap after
Heap after GC invocations=7 (full 2):
 PSYoungGen      total 35328K, used 0K [0x00000000e0000000, 0x00000000e4500000, 0x0000000100000000)
  eden space 32768K, 0% used [0x00000000e0000000,0x00000000e0000000,0x00000000e2000000)
  from space 2560K, 0% used [0x00000000e2000000,0x00000000e2000000,0x00000000e2280000)
  to   space 2560K, 0% used [0x00000000e4280000,0x00000000e4280000,0x00000000e4500000)
 ParOldGen       total 30208K, used 7456K [0x00000000a0000000, 0x00000000a1d80000, 0x00000000e0000000)
  object space 30208K, 24% used [0x00000000a0000000,0x00000000a07480d8,0x00000000a1d80000)
 Metaspace       used 20686K, capacity 20998K, committed 21296K, reserved 1069056K
  class space    used 2479K, capacity 2585K, committed 2688K, reserved 1048576K
}
Event: 17.186 GC heap before
{Heap before GC invocations=8 (full 2):
 PSYoungGen      total 35328K, used 32768K [0x00000000e0000000, 0x00000000e4500000, 0x0000000100000000)
  eden space 32768K, 100% used [0x00000000e0000000,0x00000000e2000000,0x00000000e2000000)
  from space 2560K, 0% used [0x00000000e2000000,0x00000000e2000000,0x00000000e2280000)
  to   space 2560K, 0% used [0x00000000e4280000,0x00000000e4280000,0x00000000e4500000)
 ParOldGen       total 30208K, used 7456K [0x00000000a0000000, 0x00000000a1d80000, 0x00000000e0000000)
  object space 30208K, 24% used [0x00000000a0000000,0x00000000a07480d8,0x00000000a1d80000)
 Metaspace       used 24815K, capacity 25260K, committed 25600K, reserved 1071104K
  class space    used 3147K, capacity 3310K, committed 3328K, reserved 1048576K
Event: 17.199 GC heap after
Heap after GC invocations=8 (full 2):
 PSYoungGen      total 62464K, used 2557K [0x00000000e0000000, 0x00000000e4e00000, 0x0000000100000000)
  eden space 59904K, 0% used [0x00000000e0000000,0x00000000e0000000,0x00000000e3a80000)
  from space 2560K, 99% used [0x00000000e4280000,0x00000000e44ff508,0x00000000e4500000)
  to   space 8192K, 0% used [0x00000000e3a80000,0x00000000e3a80000,0x00000000e4280000)
 ParOldGen       total 30208K, used 11549K [0x00000000a0000000, 0x00000000a1d80000, 0x00000000e0000000)
  object space 30208K, 38% used [0x00000000a0000000,0x00000000a0b474a8,0x00000000a1d80000)
 Metaspace       used 24815K, capacity 25260K, committed 25600K, reserved 1071104K
  class space    used 3147K, capacity 3310K, committed 3328K, reserved 1048576K
}

