# JRE version: OpenJDK Runtime Environment (8.0_152-b02) (build 1.8.0_152-release-1024-b02)
# Java VM: OpenJDK 64-Bit Server VM (25.152-b02 mixed mode windows-amd64 compressed oops)
Heap:
 PSYoungGen      total 50176K, used 36233K [0x00000000eb200000, 0x00000000efd80000, 0x0000000100000000)
  eden space 49664K, 72% used [0x00000000eb200000,0x00000000ed5624b0,0x00000000ee280000)
  from space 512K, 0% used [0x00000000eef00000,0x00000000eef00000,0x00000000eef80000)
  to   space 13824K, 0% used [0x00000000ef000000,0x00000000ef000000,0x00000000efd80000)
 ParOldGen       total 43008K, used 10269K [0x00000000c1600000, 0x00000000c4000000, 0x00000000eb200000)
  object space 43008K, 23% used [0x00000000c1600000,0x00000000c2007470,0x00000000c4000000)
 Metaspace       used 33441K, capacity 33902K, committed 34304K, reserved 1083392K
  class space    used 4152K, capacity 4275K, committed 4352K, reserved 1048576K
GC Heap History (10 events):
Event: 3.517 GC heap before
{Heap before GC invocations=9 (full 2):
 PSYoungGen      total 58368K, used 10725K [0x00000000eb200000, 0x00000000f0400000, 0x0000000100000000)
  eden space 47616K, 0% used [0x00000000eb200000,0x00000000eb200000,0x00000000ee080000)
  from space 10752K, 99% used [0x00000000eef00000,0x00000000ef979560,0x00000000ef980000)
  to   space 9216K, 0% used [0x00000000efb00000,0x00000000efb00000,0x00000000f0400000)
 ParOldGen       total 43008K, used 11411K [0x00000000c1600000, 0x00000000c4000000, 0x00000000eb200000)
  object space 43008K, 26% used [0x00000000c1600000,0x00000000c2124c28,0x00000000c4000000)
 Metaspace       used 31564K, capacity 32018K, committed 32256K, reserved 1081344K
  class space    used 3933K, capacity 4051K, committed 4096K, reserved 1048576K
Event: 3.590 GC heap after
Heap after GC invocations=9 (full 2):
 PSYoungGen      total 58368K, used 0K [0x00000000eb200000, 0x00000000f0400000, 0x0000000100000000)
  eden space 47616K, 0% used [0x00000000eb200000,0x00000000eb200000,0x00000000ee080000)
  from space 10752K, 0% used [0x00000000eef00000,0x00000000eef00000,0x00000000ef980000)
  to   space 9216K, 0% used [0x00000000efb00000,0x00000000efb00000,0x00000000f0400000)
 ParOldGen       total 43008K, used 19176K [0x00000000c1600000, 0x00000000c4000000, 0x00000000eb200000)
  object space 43008K, 44% used [0x00000000c1600000,0x00000000c28ba230,0x00000000c4000000)
 Metaspace       used 31564K, capacity 32018K, committed 32256K, reserved 1079296K
  class space    used 3933K, capacity 4051K, committed 4096K, reserved 1048576K
}
Event: 3.656 GC heap before
{Heap before GC invocations=10 (full 2):
 PSYoungGen      total 58368K, used 4683K [0x00000000eb200000, 0x00000000f0400000, 0x0000000100000000)
  eden space 47616K, 9% used [0x00000000eb200000,0x00000000eb692e00,0x00000000ee080000)
  from space 10752K, 0% used [0x00000000eef00000,0x00000000eef00000,0x00000000ef980000)
  to   space 9216K, 0% used [0x00000000efb00000,0x00000000efb00000,0x00000000f0400000)
 ParOldGen       total 43008K, used 19176K [0x00000000c1600000, 0x00000000c4000000, 0x00000000eb200000)
  object space 43008K, 44% used [0x00000000c1600000,0x00000000c28ba230,0x00000000c4000000)
 Metaspace       used 32154K, capacity 32594K, committed 32896K, reserved 1087488K
  class space    used 3994K, capacity 4115K, committed 4224K, reserved 1048576K
Event: 3.658 GC heap after
Heap after GC invocations=10 (full 2):
 PSYoungGen      total 56832K, used 1139K [0x00000000eb200000, 0x00000000f0400000, 0x0000000100000000)
  eden space 47616K, 0% used [0x00000000eb200000,0x00000000eb200000,0x00000000ee080000)
  from space 9216K, 12% used [0x00000000efb00000,0x00000000efc1cc60,0x00000000f0400000)
  to   space 10752K, 0% used [0x00000000eef00000,0x00000000eef00000,0x00000000ef980000)
 ParOldGen       total 43008K, used 19176K [0x00000000c1600000, 0x00000000c4000000, 0x00000000eb200000)
  object space 43008K, 44% used [0x00000000c1600000,0x00000000c28ba230,0x00000000c4000000)
 Metaspace       used 32154K, capacity 32594K, committed 32896K, reserved 1087488K
  class space    used 3994K, capacity 4115K, committed 4224K, reserved 1048576K
}
Event: 3.658 GC heap before
{Heap before GC invocations=11 (full 3):
 PSYoungGen      total 56832K, used 1139K [0x00000000eb200000, 0x00000000f0400000, 0x0000000100000000)
  eden space 47616K, 0% used [0x00000000eb200000,0x00000000eb200000,0x00000000ee080000)
  from space 9216K, 12% used [0x00000000efb00000,0x00000000efc1cc60,0x00000000f0400000)
  to   space 10752K, 0% used [0x00000000eef00000,0x00000000eef00000,0x00000000ef980000)
 ParOldGen       total 43008K, used 19176K [0x00000000c1600000, 0x00000000c4000000, 0x00000000eb200000)
  object space 43008K, 44% used [0x00000000c1600000,0x00000000c28ba230,0x00000000c4000000)
 Metaspace       used 32154K, capacity 32594K, committed 32896K, reserved 1087488K
  class space    used 3994K, capacity 4115K, committed 4224K, reserved 1048576K
Event: 3.766 GC heap after
Heap after GC invocations=11 (full 3):
 PSYoungGen      total 56832K, used 0K [0x00000000eb200000, 0x00000000f0400000, 0x0000000100000000)
  eden space 47616K, 0% used [0x00000000eb200000,0x00000000eb200000,0x00000000ee080000)
  from space 9216K, 0% used [0x00000000efb00000,0x00000000efb00000,0x00000000f0400000)
  to   space 10752K, 0% used [0x00000000eef00000,0x00000000eef00000,0x00000000ef980000)
 ParOldGen       total 43008K, used 15363K [0x00000000c1600000, 0x00000000c4000000, 0x00000000eb200000)
  object space 43008K, 35% used [0x00000000c1600000,0x00000000c2500d18,0x00000000c4000000)
 Metaspace       used 32154K, capacity 32594K, committed 32896K, reserved 1083392K
  class space    used 3994K, capacity 4115K, committed 4224K, reserved 1048576K
}
Event: 3.766 GC heap before
{Heap before GC invocations=12 (full 3):
 PSYoungGen      total 56832K, used 0K [0x00000000eb200000, 0x00000000f0400000, 0x0000000100000000)
  eden space 47616K, 0% used [0x00000000eb200000,0x00000000eb200000,0x00000000ee080000)
  from space 9216K, 0% used [0x00000000efb00000,0x00000000efb00000,0x00000000f0400000)
  to   space 10752K, 0% used [0x00000000eef00000,0x00000000eef00000,0x00000000ef980000)
 ParOldGen       total 43008K, used 15363K [0x00000000c1600000, 0x00000000c4000000, 0x00000000eb200000)
  object space 43008K, 35% used [0x00000000c1600000,0x00000000c2500d18,0x00000000c4000000)
 Metaspace       used 32154K, capacity 32594K, committed 32896K, reserved 1087488K
  class space    used 3994K, capacity 4115K, committed 4224K, reserved 1048576K
Event: 3.768 GC heap after
Heap after GC invocations=12 (full 3):
 PSYoungGen      total 50176K, used 0K [0x00000000eb200000, 0x00000000efd80000, 0x0000000100000000)
  eden space 49664K, 0% used [0x00000000eb200000,0x00000000eb200000,0x00000000ee280000)
  from space 512K, 0% used [0x00000000eef00000,0x00000000eef00000,0x00000000eef80000)
  to   space 13824K, 0% used [0x00000000ef000000,0x00000000ef000000,0x00000000efd80000)
 ParOldGen       total 43008K, used 15363K [0x00000000c1600000, 0x00000000c4000000, 0x00000000eb200000)
  object space 43008K, 35% used [0x00000000c1600000,0x00000000c2500d18,0x00000000c4000000)
 Metaspace       used 32154K, capacity 32594K, committed 32896K, reserved 1087488K
  class space    used 3994K, capacity 4115K, committed 4224K, reserved 1048576K
}
Event: 3.768 GC heap before
{Heap before GC invocations=13 (full 4):
 PSYoungGen      total 50176K, used 0K [0x00000000eb200000, 0x00000000efd80000, 0x0000000100000000)
  eden space 49664K, 0% used [0x00000000eb200000,0x00000000eb200000,0x00000000ee280000)
  from space 512K, 0% used [0x00000000eef00000,0x00000000eef00000,0x00000000eef80000)
  to   space 13824K, 0% used [0x00000000ef000000,0x00000000ef000000,0x00000000efd80000)
 ParOldGen       total 43008K, used 15363K [0x00000000c1600000, 0x00000000c4000000, 0x00000000eb200000)
  object space 43008K, 35% used [0x00000000c1600000,0x00000000c2500d18,0x00000000c4000000)
 Metaspace       used 32154K, capacity 32594K, committed 32896K, reserved 1087488K
  class space    used 3994K, capacity 4115K, committed 4224K, reserved 1048576K
Event: 3.835 GC heap after
Heap after GC invocations=13 (full 4):
 PSYoungGen      total 50176K, used 0K [0x00000000eb200000, 0x00000000efd80000, 0x0000000100000000)
  eden space 49664K, 0% used [0x00000000eb200000,0x00000000eb200000,0x00000000ee280000)
  from space 512K, 0% used [0x00000000eef00000,0x00000000eef00000,0x00000000eef80000)
  to   space 13824K, 0% used [0x00000000ef000000,0x00000000ef000000,0x00000000efd80000)
 ParOldGen       total 43008K, used 10269K [0x00000000c1600000, 0x00000000c4000000, 0x00000000eb200000)
  object space 43008K, 23% used [0x00000000c1600000,0x00000000c2007470,0x00000000c4000000)
 Metaspace       used 32125K, capacity 32548K, committed 32896K, reserved 1083392K
  class space    used 3987K, capacity 4102K, committed 4224K, reserved 1048576K
}

