# JRE version: OpenJDK Runtime Environment (8.0_152-b02) (build 1.8.0_152-release-1024-b02)
# Java VM: OpenJDK 64-Bit Server VM (25.152-b02 mixed mode windows-amd64 compressed oops)
Heap:
 PSYoungGen      total 188416K, used 83682K [0x00000000e0000000, 0x00000000ed280000, 0x0000000100000000)
  eden space 160768K, 45% used [0x00000000e0000000,0x00000000e480f2a8,0x00000000e9d00000)
  from space 27648K, 35% used [0x00000000eb700000,0x00000000ec0a9890,0x00000000ed200000)
  to   space 26624K, 0% used [0x00000000e9d00000,0x00000000e9d00000,0x00000000eb700000)
 ParOldGen       total 113664K, used 56154K [0x00000000a0000000, 0x00000000a6f00000, 0x00000000e0000000)
  object space 113664K, 49% used [0x00000000a0000000,0x00000000a36d69e8,0x00000000a6f00000)
 Metaspace       used 55113K, capacity 56155K, committed 56320K, reserved 1099776K
  class space    used 6549K, capacity 6797K, committed 6912K, reserved 1048576K
GC Heap History (10 events):
Event: 8.315 GC heap before
{Heap before GC invocations=12 (full 3):
 PSYoungGen      total 109056K, used 94720K [0x00000000e0000000, 0x00000000e7c00000, 0x0000000100000000)
  eden space 94720K, 100% used [0x00000000e0000000,0x00000000e5c80000,0x00000000e5c80000)
  from space 14336K, 0% used [0x00000000e6b00000,0x00000000e6b00000,0x00000000e7900000)
  to   space 14848K, 0% used [0x00000000e5c80000,0x00000000e5c80000,0x00000000e6b00000)
 ParOldGen       total 57344K, used 16605K [0x00000000a0000000, 0x00000000a3800000, 0x00000000e0000000)
  object space 57344K, 28% used [0x00000000a0000000,0x00000000a1037480,0x00000000a3800000)
 Metaspace       used 40021K, capacity 40649K, committed 40960K, reserved 1085440K
  class space    used 4854K, capacity 5010K, committed 5120K, reserved 1048576K
Event: 8.363 GC heap after
Heap after GC invocations=12 (full 3):
 PSYoungGen      total 109568K, used 14844K [0x00000000e0000000, 0x00000000eb480000, 0x0000000100000000)
  eden space 94720K, 0% used [0x00000000e0000000,0x00000000e0000000,0x00000000e5c80000)
  from space 14848K, 99% used [0x00000000e5c80000,0x00000000e6aff0f8,0x00000000e6b00000)
  to   space 19968K, 0% used [0x00000000ea100000,0x00000000ea100000,0x00000000eb480000)
 ParOldGen       total 57344K, used 23930K [0x00000000a0000000, 0x00000000a3800000, 0x00000000e0000000)
  object space 57344K, 41% used [0x00000000a0000000,0x00000000a175eac8,0x00000000a3800000)
 Metaspace       used 40021K, capacity 40649K, committed 40960K, reserved 1085440K
  class space    used 4854K, capacity 5010K, committed 5120K, reserved 1048576K
}
Event: 10.063 GC heap before
{Heap before GC invocations=13 (full 3):
 PSYoungGen      total 109568K, used 109564K [0x00000000e0000000, 0x00000000eb480000, 0x0000000100000000)
  eden space 94720K, 100% used [0x00000000e0000000,0x00000000e5c80000,0x00000000e5c80000)
  from space 14848K, 99% used [0x00000000e5c80000,0x00000000e6aff0f8,0x00000000e6b00000)
  to   space 19968K, 0% used [0x00000000ea100000,0x00000000ea100000,0x00000000eb480000)
 ParOldGen       total 57344K, used 23930K [0x00000000a0000000, 0x00000000a3800000, 0x00000000e0000000)
  object space 57344K, 41% used [0x00000000a0000000,0x00000000a175eac8,0x00000000a3800000)
 Metaspace       used 45529K, capacity 46339K, committed 46592K, reserved 1089536K
  class space    used 5603K, capacity 5811K, committed 5888K, reserved 1048576K
Event: 10.098 GC heap after
Heap after GC invocations=13 (full 3):
 PSYoungGen      total 143872K, used 19940K [0x00000000e0000000, 0x00000000eb480000, 0x0000000100000000)
  eden space 123904K, 0% used [0x00000000e0000000,0x00000000e0000000,0x00000000e7900000)
  from space 19968K, 99% used [0x00000000ea100000,0x00000000eb4791e8,0x00000000eb480000)
  to   space 27136K, 0% used [0x00000000e7f80000,0x00000000e7f80000,0x00000000e9a00000)
 ParOldGen       total 57344K, used 35065K [0x00000000a0000000, 0x00000000a3800000, 0x00000000e0000000)
  object space 57344K, 61% used [0x00000000a0000000,0x00000000a223e5e8,0x00000000a3800000)
 Metaspace       used 45529K, capacity 46339K, committed 46592K, reserved 1089536K
  class space    used 5603K, capacity 5811K, committed 5888K, reserved 1048576K
}
Event: 12.768 GC heap before
{Heap before GC invocations=14 (full 3):
 PSYoungGen      total 143872K, used 143844K [0x00000000e0000000, 0x00000000eb480000, 0x0000000100000000)
  eden space 123904K, 100% used [0x00000000e0000000,0x00000000e7900000,0x00000000e7900000)
  from space 19968K, 99% used [0x00000000ea100000,0x00000000eb4791e8,0x00000000eb480000)
  to   space 27136K, 0% used [0x00000000e7f80000,0x00000000e7f80000,0x00000000e9a00000)
 ParOldGen       total 57344K, used 35065K [0x00000000a0000000, 0x00000000a3800000, 0x00000000e0000000)
  object space 57344K, 61% used [0x00000000a0000000,0x00000000a223e5e8,0x00000000a3800000)
 Metaspace       used 48826K, capacity 49695K, committed 49920K, reserved 1093632K
  class space    used 5834K, capacity 6029K, committed 6144K, reserved 1048576K
Event: 12.807 GC heap after
Heap after GC invocations=14 (full 3):
 PSYoungGen      total 157696K, used 17084K [0x00000000e0000000, 0x00000000ed200000, 0x0000000100000000)
  eden space 130560K, 0% used [0x00000000e0000000,0x00000000e0000000,0x00000000e7f80000)
  from space 27136K, 62% used [0x00000000e7f80000,0x00000000e902f280,0x00000000e9a00000)
  to   space 27648K, 0% used [0x00000000eb700000,0x00000000eb700000,0x00000000ed200000)
 ParOldGen       total 57344K, used 48187K [0x00000000a0000000, 0x00000000a3800000, 0x00000000e0000000)
  object space 57344K, 84% used [0x00000000a0000000,0x00000000a2f0ed48,0x00000000a3800000)
 Metaspace       used 48826K, capacity 49695K, committed 49920K, reserved 1093632K
  class space    used 5834K, capacity 6029K, committed 6144K, reserved 1048576K
}
Event: 12.807 GC heap before
{Heap before GC invocations=15 (full 4):
 PSYoungGen      total 157696K, used 17084K [0x00000000e0000000, 0x00000000ed200000, 0x0000000100000000)
  eden space 130560K, 0% used [0x00000000e0000000,0x00000000e0000000,0x00000000e7f80000)
  from space 27136K, 62% used [0x00000000e7f80000,0x00000000e902f280,0x00000000e9a00000)
  to   space 27648K, 0% used [0x00000000eb700000,0x00000000eb700000,0x00000000ed200000)
 ParOldGen       total 57344K, used 48187K [0x00000000a0000000, 0x00000000a3800000, 0x00000000e0000000)
  object space 57344K, 84% used [0x00000000a0000000,0x00000000a2f0ed48,0x00000000a3800000)
 Metaspace       used 48826K, capacity 49695K, committed 49920K, reserved 1093632K
  class space    used 5834K, capacity 6029K, committed 6144K, reserved 1048576K
Event: 13.061 GC heap after
Heap after GC invocations=15 (full 4):
 PSYoungGen      total 157696K, used 0K [0x00000000e0000000, 0x00000000ed200000, 0x0000000100000000)
  eden space 130560K, 0% used [0x00000000e0000000,0x00000000e0000000,0x00000000e7f80000)
  from space 27136K, 0% used [0x00000000e7f80000,0x00000000e7f80000,0x00000000e9a00000)
  to   space 27648K, 0% used [0x00000000eb700000,0x00000000eb700000,0x00000000ed200000)
 ParOldGen       total 113664K, used 56146K [0x00000000a0000000, 0x00000000a6f00000, 0x00000000e0000000)
  object space 113664K, 49% used [0x00000000a0000000,0x00000000a36d49e8,0x00000000a6f00000)
 Metaspace       used 48826K, capacity 49695K, committed 49920K, reserved 1093632K
  class space    used 5834K, capacity 6029K, committed 6144K, reserved 1048576K
}
Event: 15.549 GC heap before
{Heap before GC invocations=16 (full 4):
 PSYoungGen      total 157696K, used 130560K [0x00000000e0000000, 0x00000000ed200000, 0x0000000100000000)
  eden space 130560K, 100% used [0x00000000e0000000,0x00000000e7f80000,0x00000000e7f80000)
  from space 27136K, 0% used [0x00000000e7f80000,0x00000000e7f80000,0x00000000e9a00000)
  to   space 27648K, 0% used [0x00000000eb700000,0x00000000eb700000,0x00000000ed200000)
 ParOldGen       total 113664K, used 56146K [0x00000000a0000000, 0x00000000a6f00000, 0x00000000e0000000)
  object space 113664K, 49% used [0x00000000a0000000,0x00000000a36d49e8,0x00000000a6f00000)
 Metaspace       used 50720K, capacity 51677K, committed 51968K, reserved 1095680K
  class space    used 6118K, capacity 6360K, committed 6400K, reserved 1048576K
Event: 15.580 GC heap after
Heap after GC invocations=16 (full 4):
 PSYoungGen      total 188416K, used 9894K [0x00000000e0000000, 0x00000000ed280000, 0x0000000100000000)
  eden space 160768K, 0% used [0x00000000e0000000,0x00000000e0000000,0x00000000e9d00000)
  from space 27648K, 35% used [0x00000000eb700000,0x00000000ec0a9890,0x00000000ed200000)
  to   space 26624K, 0% used [0x00000000e9d00000,0x00000000e9d00000,0x00000000eb700000)
 ParOldGen       total 113664K, used 56154K [0x00000000a0000000, 0x00000000a6f00000, 0x00000000e0000000)
  object space 113664K, 49% used [0x00000000a0000000,0x00000000a36d69e8,0x00000000a6f00000)
 Metaspace       used 50720K, capacity 51677K, committed 51968K, reserved 1095680K
  class space    used 6118K, capacity 6360K, committed 6400K, reserved 1048576K
}

